[2025-11-17 15:29:59] local.ERROR: Unable to resolve dependency [Parameter #1 [ <required> $clubId ]] in class App\Http\Controllers\ClubController {"exception":"[object] (Illuminate\\Contracts\\Container\\BindingResolutionException(code: 0): Unable to resolve dependency [Parameter #1 [ <required> $clubId ]] in class App\\Http\\Controllers\\ClubController at C:\\laragon\\www\\API_Club\\vendor\\illuminate\\container\\BoundMethod.php:188)
[stacktrace]
#0 C:\\laragon\\www\\API_Club\\vendor\\illuminate\\container\\BoundMethod.php(124): Illuminate\\Container\\BoundMethod::addDependencyForCallParameter(Object(Laravel\\Lumen\\Application), Object(ReflectionParameter), Array, Array)
#1 C:\\laragon\\www\\API_Club\\vendor\\illuminate\\container\\BoundMethod.php(36): Illuminate\\Container\\BoundMethod::getMethodDependencies(Object(Laravel\\Lumen\\Application), Array, Array)
#2 C:\\laragon\\www\\API_Club\\vendor\\illuminate\\container\\Util.php(41): Illuminate\\Container\\BoundMethod::Illuminate\\Container\\{closure}()
#3 C:\\laragon\\www\\API_Club\\vendor\\illuminate\\container\\BoundMethod.php(93): Illuminate\\Container\\Util::unwrapIfClosure(Object(Closure))
#4 C:\\laragon\\www\\API_Club\\vendor\\illuminate\\container\\BoundMethod.php(35): Illuminate\\Container\\BoundMethod::callBoundMethod(Object(Laravel\\Lumen\\Application), Array, Object(Closure))
#5 C:\\laragon\\www\\API_Club\\vendor\\illuminate\\container\\Container.php(662): Illuminate\\Container\\BoundMethod::call(Object(Laravel\\Lumen\\Application), Array, Array, NULL)
#6 C:\\laragon\\www\\API_Club\\vendor\\laravel\\lumen-framework\\src\\Concerns\\RoutesRequests.php(391): Illuminate\\Container\\Container->call(Array, Array)
#7 C:\\laragon\\www\\API_Club\\vendor\\laravel\\lumen-framework\\src\\Concerns\\RoutesRequests.php(356): Laravel\\Lumen\\Application->callControllerCallable(Array, Array)
#8 C:\\laragon\\www\\API_Club\\vendor\\laravel\\lumen-framework\\src\\Concerns\\RoutesRequests.php(331): Laravel\\Lumen\\Application->callLumenController(Object(App\\Http\\Controllers\\ClubController), 'deleteClub', Array)
#9 C:\\laragon\\www\\API_Club\\vendor\\laravel\\lumen-framework\\src\\Concerns\\RoutesRequests.php(284): Laravel\\Lumen\\Application->callControllerAction(Array)
#10 C:\\laragon\\www\\API_Club\\vendor\\laravel\\lumen-framework\\src\\Concerns\\RoutesRequests.php(269): Laravel\\Lumen\\Application->callActionOnArrayBasedRoute(Array)
#11 C:\\laragon\\www\\API_Club\\vendor\\laravel\\lumen-framework\\src\\Concerns\\RoutesRequests.php(239): Laravel\\Lumen\\Application->handleFoundRoute(Array)
#12 C:\\laragon\\www\\API_Club\\vendor\\laravel\\lumen-framework\\src\\Concerns\\RoutesRequests.php(174): Laravel\\Lumen\\Application->handleDispatcherResponse(Array)
#13 C:\\laragon\\www\\API_Club\\vendor\\laravel\\lumen-framework\\src\\Routing\\Pipeline.php(48): Laravel\\Lumen\\Application->Laravel\\Lumen\\Concerns\\{closure}(Object(Laravel\\Lumen\\Http\\Request))
#14 C:\\laragon\\www\\API_Club\\app\\Http\\Middleware\\CorsMiddleware.php(19): Laravel\\Lumen\\Routing\\Pipeline->Laravel\\Lumen\\Routing\\{closure}(Object(Laravel\\Lumen\\Http\\Request))
#15 C:\\laragon\\www\\API_Club\\vendor\\illuminate\\pipeline\\Pipeline.php(183): App\\Http\\Middleware\\CorsMiddleware->handle(Object(Laravel\\Lumen\\Http\\Request), Object(Closure))
#16 C:\\laragon\\www\\API_Club\\vendor\\laravel\\lumen-framework\\src\\Routing\\Pipeline.php(30): Illuminate\\Pipeline\\Pipeline->Illuminate\\Pipeline\\{closure}(Object(Laravel\\Lumen\\Http\\Request))
#17 C:\\laragon\\www\\API_Club\\vendor\\illuminate\\pipeline\\Pipeline.php(119): Laravel\\Lumen\\Routing\\Pipeline->Laravel\\Lumen\\Routing\\{closure}(Object(Laravel\\Lumen\\Http\\Request))
#18 C:\\laragon\\www\\API_Club\\vendor\\laravel\\lumen-framework\\src\\Concerns\\RoutesRequests.php(428): Illuminate\\Pipeline\\Pipeline->then(Object(Closure))
#19 C:\\laragon\\www\\API_Club\\vendor\\laravel\\lumen-framework\\src\\Concerns\\RoutesRequests.php(167): Laravel\\Lumen\\Application->sendThroughPipeline(Array, Object(Closure))
#20 C:\\laragon\\www\\API_Club\\vendor\\laravel\\lumen-framework\\src\\Concerns\\RoutesRequests.php(112): Laravel\\Lumen\\Application->dispatch(NULL)
#21 C:\\laragon\\www\\API_Club\\public\\index.php(28): Laravel\\Lumen\\Application->run()
#22 {main}
"} 
[2025-11-17 15:31:04] local.ERROR: Cannot register two routes matching "/api/clubs/([^/]+)" for method "DELETE" {"exception":"[object] (FastRoute\\BadRouteException(code: 0): Cannot register two routes matching \"/api/clubs/([^/]+)\" for method \"DELETE\" at C:\\laragon\\www\\API_Club\\vendor\\nikic\\fast-route\\src\\DataGenerator\\RegexBasedAbstract.php:111)
[stacktrace]
#0 C:\\laragon\\www\\API_Club\\vendor\\nikic\\fast-route\\src\\DataGenerator\\RegexBasedAbstract.php(32): FastRoute\\DataGenerator\\RegexBasedAbstract->addVariableRoute('DELETE', Array, Array)
#1 C:\\laragon\\www\\API_Club\\vendor\\nikic\\fast-route\\src\\RouteCollector.php(44): FastRoute\\DataGenerator\\RegexBasedAbstract->addRoute('DELETE', Array, Array)
#2 C:\\laragon\\www\\API_Club\\vendor\\laravel\\lumen-framework\\src\\Concerns\\RoutesRequests.php(209): FastRoute\\RouteCollector->addRoute('DELETE', '/api/clubs/{clu...', Array)
#3 C:\\laragon\\www\\API_Club\\vendor\\nikic\\fast-route\\src\\functions.php(25): Laravel\\Lumen\\Application->Laravel\\Lumen\\Concerns\\{closure}(Object(FastRoute\\RouteCollector))
#4 C:\\laragon\\www\\API_Club\\vendor\\laravel\\lumen-framework\\src\\Concerns\\RoutesRequests.php(207): FastRoute\\simpleDispatcher(Object(Closure))
#5 C:\\laragon\\www\\API_Club\\vendor\\laravel\\lumen-framework\\src\\Concerns\\RoutesRequests.php(175): Laravel\\Lumen\\Application->createDispatcher()
#6 C:\\laragon\\www\\API_Club\\vendor\\laravel\\lumen-framework\\src\\Routing\\Pipeline.php(48): Laravel\\Lumen\\Application->Laravel\\Lumen\\Concerns\\{closure}(Object(Laravel\\Lumen\\Http\\Request))
#7 C:\\laragon\\www\\API_Club\\app\\Http\\Middleware\\CorsMiddleware.php(19): Laravel\\Lumen\\Routing\\Pipeline->Laravel\\Lumen\\Routing\\{closure}(Object(Laravel\\Lumen\\Http\\Request))
#8 C:\\laragon\\www\\API_Club\\vendor\\illuminate\\pipeline\\Pipeline.php(183): App\\Http\\Middleware\\CorsMiddleware->handle(Object(Laravel\\Lumen\\Http\\Request), Object(Closure))
#9 C:\\laragon\\www\\API_Club\\vendor\\laravel\\lumen-framework\\src\\Routing\\Pipeline.php(30): Illuminate\\Pipeline\\Pipeline->Illuminate\\Pipeline\\{closure}(Object(Laravel\\Lumen\\Http\\Request))
#10 C:\\laragon\\www\\API_Club\\vendor\\illuminate\\pipeline\\Pipeline.php(119): Laravel\\Lumen\\Routing\\Pipeline->Laravel\\Lumen\\Routing\\{closure}(Object(Laravel\\Lumen\\Http\\Request))
#11 C:\\laragon\\www\\API_Club\\vendor\\laravel\\lumen-framework\\src\\Concerns\\RoutesRequests.php(428): Illuminate\\Pipeline\\Pipeline->then(Object(Closure))
#12 C:\\laragon\\www\\API_Club\\vendor\\laravel\\lumen-framework\\src\\Concerns\\RoutesRequests.php(167): Laravel\\Lumen\\Application->sendThroughPipeline(Array, Object(Closure))
#13 C:\\laragon\\www\\API_Club\\vendor\\laravel\\lumen-framework\\src\\Concerns\\RoutesRequests.php(112): Laravel\\Lumen\\Application->dispatch(NULL)
#14 C:\\laragon\\www\\API_Club\\public\\index.php(28): Laravel\\Lumen\\Application->run()
#15 {main}
"} 
