[2025-11-07 15:22:32] local.ERROR: Call to undefined relationship [comment] on model [App\Models\Post]. {"exception":"[object] (Illuminate\\Database\\Eloquent\\RelationNotFoundException(code: 0): Call to undefined relationship [comment] on model [App\\Models\\Post]. at C:\\laragon\\www\\API_Club\\vendor\\illuminate\\database\\Eloquent\\RelationNotFoundException.php:35)
[stacktrace]
#0 C:\\laragon\\www\\API_Club\\vendor\\illuminate\\database\\Eloquent\\Builder.php(806): Illuminate\\Database\\Eloquent\\RelationNotFoundException::make(Object(App\\Models\\Post), 'comment')
#1 C:\\laragon\\www\\API_Club\\vendor\\illuminate\\database\\Eloquent\\Relations\\Relation.php(110): Illuminate\\Database\\Eloquent\\Builder->Illuminate\\Database\\Eloquent\\{closure}()
#2 C:\\laragon\\www\\API_Club\\vendor\\illuminate\\database\\Eloquent\\Builder.php(802): Illuminate\\Database\\Eloquent\\Relations\\Relation::noConstraints(Object(Closure))
#3 C:\\laragon\\www\\API_Club\\vendor\\illuminate\\database\\Eloquent\\Builder.php(776): Illuminate\\Database\\Eloquent\\Builder->getRelation('comment')
#4 C:\\laragon\\www\\API_Club\\vendor\\illuminate\\database\\Eloquent\\Builder.php(756): Illuminate\\Database\\Eloquent\\Builder->eagerLoadRelation(Array, 'comment', Object(Closure))
#5 C:\\laragon\\www\\API_Club\\vendor\\illuminate\\database\\Eloquent\\Builder.php(724): Illuminate\\Database\\Eloquent\\Builder->eagerLoadRelations(Array)
#6 C:\\laragon\\www\\API_Club\\app\\Http\\Controllers\\PostController.php(129): Illuminate\\Database\\Eloquent\\Builder->get()
#7 C:\\laragon\\www\\API_Club\\vendor\\illuminate\\container\\BoundMethod.php(36): App\\Http\\Controllers\\PostController->getByClub('21')
#8 C:\\laragon\\www\\API_Club\\vendor\\illuminate\\container\\Util.php(41): Illuminate\\Container\\BoundMethod::Illuminate\\Container\\{closure}()
#9 C:\\laragon\\www\\API_Club\\vendor\\illuminate\\container\\BoundMethod.php(93): Illuminate\\Container\\Util::unwrapIfClosure(Object(Closure))
#10 C:\\laragon\\www\\API_Club\\vendor\\illuminate\\container\\BoundMethod.php(35): Illuminate\\Container\\BoundMethod::callBoundMethod(Object(Laravel\\Lumen\\Application), Array, Object(Closure))
#11 C:\\laragon\\www\\API_Club\\vendor\\illuminate\\container\\Container.php(662): Illuminate\\Container\\BoundMethod::call(Object(Laravel\\Lumen\\Application), Array, Array, NULL)
#12 C:\\laragon\\www\\API_Club\\vendor\\laravel\\lumen-framework\\src\\Concerns\\RoutesRequests.php(391): Illuminate\\Container\\Container->call(Array, Array)
#13 C:\\laragon\\www\\API_Club\\vendor\\laravel\\lumen-framework\\src\\Concerns\\RoutesRequests.php(356): Laravel\\Lumen\\Application->callControllerCallable(Array, Array)
#14 C:\\laragon\\www\\API_Club\\vendor\\laravel\\lumen-framework\\src\\Concerns\\RoutesRequests.php(331): Laravel\\Lumen\\Application->callLumenController(Object(App\\Http\\Controllers\\PostController), 'getByClub', Array)
#15 C:\\laragon\\www\\API_Club\\vendor\\laravel\\lumen-framework\\src\\Concerns\\RoutesRequests.php(284): Laravel\\Lumen\\Application->callControllerAction(Array)
#16 C:\\laragon\\www\\API_Club\\vendor\\laravel\\lumen-framework\\src\\Concerns\\RoutesRequests.php(269): Laravel\\Lumen\\Application->callActionOnArrayBasedRoute(Array)
#17 C:\\laragon\\www\\API_Club\\vendor\\laravel\\lumen-framework\\src\\Concerns\\RoutesRequests.php(239): Laravel\\Lumen\\Application->handleFoundRoute(Array)
#18 C:\\laragon\\www\\API_Club\\vendor\\laravel\\lumen-framework\\src\\Concerns\\RoutesRequests.php(174): Laravel\\Lumen\\Application->handleDispatcherResponse(Array)
#19 C:\\laragon\\www\\API_Club\\vendor\\laravel\\lumen-framework\\src\\Routing\\Pipeline.php(48): Laravel\\Lumen\\Application->Laravel\\Lumen\\Concerns\\{closure}(Object(Laravel\\Lumen\\Http\\Request))
#20 C:\\laragon\\www\\API_Club\\app\\Http\\Middleware\\CorsMiddleware.php(19): Laravel\\Lumen\\Routing\\Pipeline->Laravel\\Lumen\\Routing\\{closure}(Object(Laravel\\Lumen\\Http\\Request))
#21 C:\\laragon\\www\\API_Club\\vendor\\illuminate\\pipeline\\Pipeline.php(183): App\\Http\\Middleware\\CorsMiddleware->handle(Object(Laravel\\Lumen\\Http\\Request), Object(Closure))
#22 C:\\laragon\\www\\API_Club\\vendor\\laravel\\lumen-framework\\src\\Routing\\Pipeline.php(30): Illuminate\\Pipeline\\Pipeline->Illuminate\\Pipeline\\{closure}(Object(Laravel\\Lumen\\Http\\Request))
#23 C:\\laragon\\www\\API_Club\\vendor\\illuminate\\pipeline\\Pipeline.php(119): Laravel\\Lumen\\Routing\\Pipeline->Laravel\\Lumen\\Routing\\{closure}(Object(Laravel\\Lumen\\Http\\Request))
#24 C:\\laragon\\www\\API_Club\\vendor\\laravel\\lumen-framework\\src\\Concerns\\RoutesRequests.php(428): Illuminate\\Pipeline\\Pipeline->then(Object(Closure))
#25 C:\\laragon\\www\\API_Club\\vendor\\laravel\\lumen-framework\\src\\Concerns\\RoutesRequests.php(167): Laravel\\Lumen\\Application->sendThroughPipeline(Array, Object(Closure))
#26 C:\\laragon\\www\\API_Club\\vendor\\laravel\\lumen-framework\\src\\Concerns\\RoutesRequests.php(112): Laravel\\Lumen\\Application->dispatch(NULL)
#27 C:\\laragon\\www\\API_Club\\public\\index.php(28): Laravel\\Lumen\\Application->run()
#28 {main}
"} 
[2025-11-07 15:22:32] local.ERROR: Call to undefined relationship [comment] on model [App\Models\Post]. {"exception":"[object] (Illuminate\\Database\\Eloquent\\RelationNotFoundException(code: 0): Call to undefined relationship [comment] on model [App\\Models\\Post]. at C:\\laragon\\www\\API_Club\\vendor\\illuminate\\database\\Eloquent\\RelationNotFoundException.php:35)
[stacktrace]
#0 C:\\laragon\\www\\API_Club\\vendor\\illuminate\\database\\Eloquent\\Builder.php(806): Illuminate\\Database\\Eloquent\\RelationNotFoundException::make(Object(App\\Models\\Post), 'comment')
#1 C:\\laragon\\www\\API_Club\\vendor\\illuminate\\database\\Eloquent\\Relations\\Relation.php(110): Illuminate\\Database\\Eloquent\\Builder->Illuminate\\Database\\Eloquent\\{closure}()
#2 C:\\laragon\\www\\API_Club\\vendor\\illuminate\\database\\Eloquent\\Builder.php(802): Illuminate\\Database\\Eloquent\\Relations\\Relation::noConstraints(Object(Closure))
#3 C:\\laragon\\www\\API_Club\\vendor\\illuminate\\database\\Eloquent\\Builder.php(776): Illuminate\\Database\\Eloquent\\Builder->getRelation('comment')
#4 C:\\laragon\\www\\API_Club\\vendor\\illuminate\\database\\Eloquent\\Builder.php(756): Illuminate\\Database\\Eloquent\\Builder->eagerLoadRelation(Array, 'comment', Object(Closure))
#5 C:\\laragon\\www\\API_Club\\vendor\\illuminate\\database\\Eloquent\\Builder.php(724): Illuminate\\Database\\Eloquent\\Builder->eagerLoadRelations(Array)
#6 C:\\laragon\\www\\API_Club\\app\\Http\\Controllers\\PostController.php(129): Illuminate\\Database\\Eloquent\\Builder->get()
#7 C:\\laragon\\www\\API_Club\\vendor\\illuminate\\container\\BoundMethod.php(36): App\\Http\\Controllers\\PostController->getByClub('21')
#8 C:\\laragon\\www\\API_Club\\vendor\\illuminate\\container\\Util.php(41): Illuminate\\Container\\BoundMethod::Illuminate\\Container\\{closure}()
#9 C:\\laragon\\www\\API_Club\\vendor\\illuminate\\container\\BoundMethod.php(93): Illuminate\\Container\\Util::unwrapIfClosure(Object(Closure))
#10 C:\\laragon\\www\\API_Club\\vendor\\illuminate\\container\\BoundMethod.php(35): Illuminate\\Container\\BoundMethod::callBoundMethod(Object(Laravel\\Lumen\\Application), Array, Object(Closure))
#11 C:\\laragon\\www\\API_Club\\vendor\\illuminate\\container\\Container.php(662): Illuminate\\Container\\BoundMethod::call(Object(Laravel\\Lumen\\Application), Array, Array, NULL)
#12 C:\\laragon\\www\\API_Club\\vendor\\laravel\\lumen-framework\\src\\Concerns\\RoutesRequests.php(391): Illuminate\\Container\\Container->call(Array, Array)
#13 C:\\laragon\\www\\API_Club\\vendor\\laravel\\lumen-framework\\src\\Concerns\\RoutesRequests.php(356): Laravel\\Lumen\\Application->callControllerCallable(Array, Array)
#14 C:\\laragon\\www\\API_Club\\vendor\\laravel\\lumen-framework\\src\\Concerns\\RoutesRequests.php(331): Laravel\\Lumen\\Application->callLumenController(Object(App\\Http\\Controllers\\PostController), 'getByClub', Array)
#15 C:\\laragon\\www\\API_Club\\vendor\\laravel\\lumen-framework\\src\\Concerns\\RoutesRequests.php(284): Laravel\\Lumen\\Application->callControllerAction(Array)
#16 C:\\laragon\\www\\API_Club\\vendor\\laravel\\lumen-framework\\src\\Concerns\\RoutesRequests.php(269): Laravel\\Lumen\\Application->callActionOnArrayBasedRoute(Array)
#17 C:\\laragon\\www\\API_Club\\vendor\\laravel\\lumen-framework\\src\\Concerns\\RoutesRequests.php(239): Laravel\\Lumen\\Application->handleFoundRoute(Array)
#18 C:\\laragon\\www\\API_Club\\vendor\\laravel\\lumen-framework\\src\\Concerns\\RoutesRequests.php(174): Laravel\\Lumen\\Application->handleDispatcherResponse(Array)
#19 C:\\laragon\\www\\API_Club\\vendor\\laravel\\lumen-framework\\src\\Routing\\Pipeline.php(48): Laravel\\Lumen\\Application->Laravel\\Lumen\\Concerns\\{closure}(Object(Laravel\\Lumen\\Http\\Request))
#20 C:\\laragon\\www\\API_Club\\app\\Http\\Middleware\\CorsMiddleware.php(19): Laravel\\Lumen\\Routing\\Pipeline->Laravel\\Lumen\\Routing\\{closure}(Object(Laravel\\Lumen\\Http\\Request))
#21 C:\\laragon\\www\\API_Club\\vendor\\illuminate\\pipeline\\Pipeline.php(183): App\\Http\\Middleware\\CorsMiddleware->handle(Object(Laravel\\Lumen\\Http\\Request), Object(Closure))
#22 C:\\laragon\\www\\API_Club\\vendor\\laravel\\lumen-framework\\src\\Routing\\Pipeline.php(30): Illuminate\\Pipeline\\Pipeline->Illuminate\\Pipeline\\{closure}(Object(Laravel\\Lumen\\Http\\Request))
#23 C:\\laragon\\www\\API_Club\\vendor\\illuminate\\pipeline\\Pipeline.php(119): Laravel\\Lumen\\Routing\\Pipeline->Laravel\\Lumen\\Routing\\{closure}(Object(Laravel\\Lumen\\Http\\Request))
#24 C:\\laragon\\www\\API_Club\\vendor\\laravel\\lumen-framework\\src\\Concerns\\RoutesRequests.php(428): Illuminate\\Pipeline\\Pipeline->then(Object(Closure))
#25 C:\\laragon\\www\\API_Club\\vendor\\laravel\\lumen-framework\\src\\Concerns\\RoutesRequests.php(167): Laravel\\Lumen\\Application->sendThroughPipeline(Array, Object(Closure))
#26 C:\\laragon\\www\\API_Club\\vendor\\laravel\\lumen-framework\\src\\Concerns\\RoutesRequests.php(112): Laravel\\Lumen\\Application->dispatch(NULL)
#27 C:\\laragon\\www\\API_Club\\public\\index.php(28): Laravel\\Lumen\\Application->run()
#28 {main}
"} 
