[2025-12-10 02:38:35] local.ERROR: Class "App\Http\Controllers\Carbon" not found {"exception":"[object] (Error(code: 0): Class \"App\\Http\\Controllers\\Carbon\" not found at C:\\laragon\\www\\API_Club\\app\\Http\\Controllers\\StatisticController.php:27)
[stacktrace]
#0 C:\\laragon\\www\\API_Club\\vendor\\illuminate\\container\\BoundMethod.php(36): App\\Http\\Controllers\\StatisticController->generateStats('27')
#1 C:\\laragon\\www\\API_Club\\vendor\\illuminate\\container\\Util.php(41): Illuminate\\Container\\BoundMethod::Illuminate\\Container\\{closure}()
#2 C:\\laragon\\www\\API_Club\\vendor\\illuminate\\container\\BoundMethod.php(93): Illuminate\\Container\\Util::unwrapIfClosure(Object(Closure))
#3 C:\\laragon\\www\\API_Club\\vendor\\illuminate\\container\\BoundMethod.php(35): Illuminate\\Container\\BoundMethod::callBoundMethod(Object(Laravel\\Lumen\\Application), Array, Object(Closure))
#4 C:\\laragon\\www\\API_Club\\vendor\\illuminate\\container\\Container.php(662): Illuminate\\Container\\BoundMethod::call(Object(Laravel\\Lumen\\Application), Array, Array, NULL)
#5 C:\\laragon\\www\\API_Club\\vendor\\laravel\\lumen-framework\\src\\Concerns\\RoutesRequests.php(391): Illuminate\\Container\\Container->call(Array, Array)
#6 C:\\laragon\\www\\API_Club\\vendor\\laravel\\lumen-framework\\src\\Concerns\\RoutesRequests.php(356): Laravel\\Lumen\\Application->callControllerCallable(Array, Array)
#7 C:\\laragon\\www\\API_Club\\vendor\\laravel\\lumen-framework\\src\\Concerns\\RoutesRequests.php(331): Laravel\\Lumen\\Application->callLumenController(Object(App\\Http\\Controllers\\StatisticController), 'generateStats', Array)
#8 C:\\laragon\\www\\API_Club\\vendor\\laravel\\lumen-framework\\src\\Concerns\\RoutesRequests.php(284): Laravel\\Lumen\\Application->callControllerAction(Array)
#9 C:\\laragon\\www\\API_Club\\vendor\\laravel\\lumen-framework\\src\\Concerns\\RoutesRequests.php(269): Laravel\\Lumen\\Application->callActionOnArrayBasedRoute(Array)
#10 C:\\laragon\\www\\API_Club\\vendor\\laravel\\lumen-framework\\src\\Concerns\\RoutesRequests.php(239): Laravel\\Lumen\\Application->handleFoundRoute(Array)
#11 C:\\laragon\\www\\API_Club\\vendor\\laravel\\lumen-framework\\src\\Concerns\\RoutesRequests.php(174): Laravel\\Lumen\\Application->handleDispatcherResponse(Array)
#12 C:\\laragon\\www\\API_Club\\vendor\\laravel\\lumen-framework\\src\\Routing\\Pipeline.php(48): Laravel\\Lumen\\Application->Laravel\\Lumen\\Concerns\\{closure}(Object(Laravel\\Lumen\\Http\\Request))
#13 C:\\laragon\\www\\API_Club\\app\\Http\\Middleware\\CorsMiddleware.php(20): Laravel\\Lumen\\Routing\\Pipeline->Laravel\\Lumen\\Routing\\{closure}(Object(Laravel\\Lumen\\Http\\Request))
#14 C:\\laragon\\www\\API_Club\\vendor\\illuminate\\pipeline\\Pipeline.php(183): App\\Http\\Middleware\\CorsMiddleware->handle(Object(Laravel\\Lumen\\Http\\Request), Object(Closure))
#15 C:\\laragon\\www\\API_Club\\vendor\\laravel\\lumen-framework\\src\\Routing\\Pipeline.php(30): Illuminate\\Pipeline\\Pipeline->Illuminate\\Pipeline\\{closure}(Object(Laravel\\Lumen\\Http\\Request))
#16 C:\\laragon\\www\\API_Club\\vendor\\illuminate\\pipeline\\Pipeline.php(119): Laravel\\Lumen\\Routing\\Pipeline->Laravel\\Lumen\\Routing\\{closure}(Object(Laravel\\Lumen\\Http\\Request))
#17 C:\\laragon\\www\\API_Club\\vendor\\laravel\\lumen-framework\\src\\Concerns\\RoutesRequests.php(428): Illuminate\\Pipeline\\Pipeline->then(Object(Closure))
#18 C:\\laragon\\www\\API_Club\\vendor\\laravel\\lumen-framework\\src\\Concerns\\RoutesRequests.php(167): Laravel\\Lumen\\Application->sendThroughPipeline(Array, Object(Closure))
#19 C:\\laragon\\www\\API_Club\\vendor\\laravel\\lumen-framework\\src\\Concerns\\RoutesRequests.php(112): Laravel\\Lumen\\Application->dispatch(NULL)
#20 C:\\laragon\\www\\API_Club\\public\\index.php(28): Laravel\\Lumen\\Application->run()
#21 {main}
"} 
[2025-12-10 02:38:43] local.ERROR: Class "App\Http\Controllers\Carbon" not found {"exception":"[object] (Error(code: 0): Class \"App\\Http\\Controllers\\Carbon\" not found at C:\\laragon\\www\\API_Club\\app\\Http\\Controllers\\StatisticController.php:27)
[stacktrace]
#0 C:\\laragon\\www\\API_Club\\vendor\\illuminate\\container\\BoundMethod.php(36): App\\Http\\Controllers\\StatisticController->generateStats('26')
#1 C:\\laragon\\www\\API_Club\\vendor\\illuminate\\container\\Util.php(41): Illuminate\\Container\\BoundMethod::Illuminate\\Container\\{closure}()
#2 C:\\laragon\\www\\API_Club\\vendor\\illuminate\\container\\BoundMethod.php(93): Illuminate\\Container\\Util::unwrapIfClosure(Object(Closure))
#3 C:\\laragon\\www\\API_Club\\vendor\\illuminate\\container\\BoundMethod.php(35): Illuminate\\Container\\BoundMethod::callBoundMethod(Object(Laravel\\Lumen\\Application), Array, Object(Closure))
#4 C:\\laragon\\www\\API_Club\\vendor\\illuminate\\container\\Container.php(662): Illuminate\\Container\\BoundMethod::call(Object(Laravel\\Lumen\\Application), Array, Array, NULL)
#5 C:\\laragon\\www\\API_Club\\vendor\\laravel\\lumen-framework\\src\\Concerns\\RoutesRequests.php(391): Illuminate\\Container\\Container->call(Array, Array)
#6 C:\\laragon\\www\\API_Club\\vendor\\laravel\\lumen-framework\\src\\Concerns\\RoutesRequests.php(356): Laravel\\Lumen\\Application->callControllerCallable(Array, Array)
#7 C:\\laragon\\www\\API_Club\\vendor\\laravel\\lumen-framework\\src\\Concerns\\RoutesRequests.php(331): Laravel\\Lumen\\Application->callLumenController(Object(App\\Http\\Controllers\\StatisticController), 'generateStats', Array)
#8 C:\\laragon\\www\\API_Club\\vendor\\laravel\\lumen-framework\\src\\Concerns\\RoutesRequests.php(284): Laravel\\Lumen\\Application->callControllerAction(Array)
#9 C:\\laragon\\www\\API_Club\\vendor\\laravel\\lumen-framework\\src\\Concerns\\RoutesRequests.php(269): Laravel\\Lumen\\Application->callActionOnArrayBasedRoute(Array)
#10 C:\\laragon\\www\\API_Club\\vendor\\laravel\\lumen-framework\\src\\Concerns\\RoutesRequests.php(239): Laravel\\Lumen\\Application->handleFoundRoute(Array)
#11 C:\\laragon\\www\\API_Club\\vendor\\laravel\\lumen-framework\\src\\Concerns\\RoutesRequests.php(174): Laravel\\Lumen\\Application->handleDispatcherResponse(Array)
#12 C:\\laragon\\www\\API_Club\\vendor\\laravel\\lumen-framework\\src\\Routing\\Pipeline.php(48): Laravel\\Lumen\\Application->Laravel\\Lumen\\Concerns\\{closure}(Object(Laravel\\Lumen\\Http\\Request))
#13 C:\\laragon\\www\\API_Club\\app\\Http\\Middleware\\CorsMiddleware.php(20): Laravel\\Lumen\\Routing\\Pipeline->Laravel\\Lumen\\Routing\\{closure}(Object(Laravel\\Lumen\\Http\\Request))
#14 C:\\laragon\\www\\API_Club\\vendor\\illuminate\\pipeline\\Pipeline.php(183): App\\Http\\Middleware\\CorsMiddleware->handle(Object(Laravel\\Lumen\\Http\\Request), Object(Closure))
#15 C:\\laragon\\www\\API_Club\\vendor\\laravel\\lumen-framework\\src\\Routing\\Pipeline.php(30): Illuminate\\Pipeline\\Pipeline->Illuminate\\Pipeline\\{closure}(Object(Laravel\\Lumen\\Http\\Request))
#16 C:\\laragon\\www\\API_Club\\vendor\\illuminate\\pipeline\\Pipeline.php(119): Laravel\\Lumen\\Routing\\Pipeline->Laravel\\Lumen\\Routing\\{closure}(Object(Laravel\\Lumen\\Http\\Request))
#17 C:\\laragon\\www\\API_Club\\vendor\\laravel\\lumen-framework\\src\\Concerns\\RoutesRequests.php(428): Illuminate\\Pipeline\\Pipeline->then(Object(Closure))
#18 C:\\laragon\\www\\API_Club\\vendor\\laravel\\lumen-framework\\src\\Concerns\\RoutesRequests.php(167): Laravel\\Lumen\\Application->sendThroughPipeline(Array, Object(Closure))
#19 C:\\laragon\\www\\API_Club\\vendor\\laravel\\lumen-framework\\src\\Concerns\\RoutesRequests.php(112): Laravel\\Lumen\\Application->dispatch(NULL)
#20 C:\\laragon\\www\\API_Club\\public\\index.php(28): Laravel\\Lumen\\Application->run()
#21 {main}
"} 
[2025-12-10 02:38:59] local.ERROR: Call to undefined method App\Models\User::clubMembers() {"exception":"[object] (BadMethodCallException(code: 0): Call to undefined method App\\Models\\User::clubMembers() at C:\\laragon\\www\\API_Club\\vendor\\illuminate\\support\\Traits\\ForwardsCalls.php:67)
[stacktrace]
#0 C:\\laragon\\www\\API_Club\\vendor\\illuminate\\support\\Traits\\ForwardsCalls.php(36): Illuminate\\Database\\Eloquent\\Model::throwBadMethodCallException('clubMembers')
#1 C:\\laragon\\www\\API_Club\\vendor\\illuminate\\database\\Eloquent\\Model.php(2335): Illuminate\\Database\\Eloquent\\Model->forwardCallTo(Object(Illuminate\\Database\\Eloquent\\Builder), 'clubMembers', Array)
#2 C:\\laragon\\www\\API_Club\\vendor\\illuminate\\database\\Eloquent\\Concerns\\QueriesRelationships.php(876): Illuminate\\Database\\Eloquent\\Model->__call('clubMembers', Array)
#3 C:\\laragon\\www\\API_Club\\vendor\\illuminate\\database\\Eloquent\\Relations\\Relation.php(110): Illuminate\\Database\\Eloquent\\Builder->Illuminate\\Database\\Eloquent\\Concerns\\{closure}()
#4 C:\\laragon\\www\\API_Club\\vendor\\illuminate\\database\\Eloquent\\Concerns\\QueriesRelationships.php(875): Illuminate\\Database\\Eloquent\\Relations\\Relation::noConstraints(Object(Closure))
#5 C:\\laragon\\www\\API_Club\\vendor\\illuminate\\database\\Eloquent\\Concerns\\QueriesRelationships.php(39): Illuminate\\Database\\Eloquent\\Builder->getRelationWithoutConstraints('clubMembers')
#6 C:\\laragon\\www\\API_Club\\vendor\\illuminate\\database\\Eloquent\\Concerns\\QueriesRelationships.php(152): Illuminate\\Database\\Eloquent\\Builder->has('clubMembers', '>=', 1, 'and', Object(Closure))
#7 C:\\laragon\\www\\API_Club\\vendor\\illuminate\\support\\Traits\\ForwardsCalls.php(23): Illuminate\\Database\\Eloquent\\Builder->whereHas('clubMembers', Object(Closure))
#8 C:\\laragon\\www\\API_Club\\vendor\\illuminate\\database\\Eloquent\\Model.php(2335): Illuminate\\Database\\Eloquent\\Model->forwardCallTo(Object(Illuminate\\Database\\Eloquent\\Builder), 'whereHas', Array)
#9 C:\\laragon\\www\\API_Club\\vendor\\illuminate\\database\\Eloquent\\Model.php(2347): Illuminate\\Database\\Eloquent\\Model->__call('whereHas', Array)
#10 C:\\laragon\\www\\API_Club\\app\\Http\\Controllers\\StatisticController.php(39): Illuminate\\Database\\Eloquent\\Model::__callStatic('whereHas', Array)
#11 C:\\laragon\\www\\API_Club\\vendor\\illuminate\\container\\BoundMethod.php(36): App\\Http\\Controllers\\StatisticController->generateStats('26')
#12 C:\\laragon\\www\\API_Club\\vendor\\illuminate\\container\\Util.php(41): Illuminate\\Container\\BoundMethod::Illuminate\\Container\\{closure}()
#13 C:\\laragon\\www\\API_Club\\vendor\\illuminate\\container\\BoundMethod.php(93): Illuminate\\Container\\Util::unwrapIfClosure(Object(Closure))
#14 C:\\laragon\\www\\API_Club\\vendor\\illuminate\\container\\BoundMethod.php(35): Illuminate\\Container\\BoundMethod::callBoundMethod(Object(Laravel\\Lumen\\Application), Array, Object(Closure))
#15 C:\\laragon\\www\\API_Club\\vendor\\illuminate\\container\\Container.php(662): Illuminate\\Container\\BoundMethod::call(Object(Laravel\\Lumen\\Application), Array, Array, NULL)
#16 C:\\laragon\\www\\API_Club\\vendor\\laravel\\lumen-framework\\src\\Concerns\\RoutesRequests.php(391): Illuminate\\Container\\Container->call(Array, Array)
#17 C:\\laragon\\www\\API_Club\\vendor\\laravel\\lumen-framework\\src\\Concerns\\RoutesRequests.php(356): Laravel\\Lumen\\Application->callControllerCallable(Array, Array)
#18 C:\\laragon\\www\\API_Club\\vendor\\laravel\\lumen-framework\\src\\Concerns\\RoutesRequests.php(331): Laravel\\Lumen\\Application->callLumenController(Object(App\\Http\\Controllers\\StatisticController), 'generateStats', Array)
#19 C:\\laragon\\www\\API_Club\\vendor\\laravel\\lumen-framework\\src\\Concerns\\RoutesRequests.php(284): Laravel\\Lumen\\Application->callControllerAction(Array)
#20 C:\\laragon\\www\\API_Club\\vendor\\laravel\\lumen-framework\\src\\Concerns\\RoutesRequests.php(269): Laravel\\Lumen\\Application->callActionOnArrayBasedRoute(Array)
#21 C:\\laragon\\www\\API_Club\\vendor\\laravel\\lumen-framework\\src\\Concerns\\RoutesRequests.php(239): Laravel\\Lumen\\Application->handleFoundRoute(Array)
#22 C:\\laragon\\www\\API_Club\\vendor\\laravel\\lumen-framework\\src\\Concerns\\RoutesRequests.php(174): Laravel\\Lumen\\Application->handleDispatcherResponse(Array)
#23 C:\\laragon\\www\\API_Club\\vendor\\laravel\\lumen-framework\\src\\Routing\\Pipeline.php(48): Laravel\\Lumen\\Application->Laravel\\Lumen\\Concerns\\{closure}(Object(Laravel\\Lumen\\Http\\Request))
#24 C:\\laragon\\www\\API_Club\\app\\Http\\Middleware\\CorsMiddleware.php(20): Laravel\\Lumen\\Routing\\Pipeline->Laravel\\Lumen\\Routing\\{closure}(Object(Laravel\\Lumen\\Http\\Request))
#25 C:\\laragon\\www\\API_Club\\vendor\\illuminate\\pipeline\\Pipeline.php(183): App\\Http\\Middleware\\CorsMiddleware->handle(Object(Laravel\\Lumen\\Http\\Request), Object(Closure))
#26 C:\\laragon\\www\\API_Club\\vendor\\laravel\\lumen-framework\\src\\Routing\\Pipeline.php(30): Illuminate\\Pipeline\\Pipeline->Illuminate\\Pipeline\\{closure}(Object(Laravel\\Lumen\\Http\\Request))
#27 C:\\laragon\\www\\API_Club\\vendor\\illuminate\\pipeline\\Pipeline.php(119): Laravel\\Lumen\\Routing\\Pipeline->Laravel\\Lumen\\Routing\\{closure}(Object(Laravel\\Lumen\\Http\\Request))
#28 C:\\laragon\\www\\API_Club\\vendor\\laravel\\lumen-framework\\src\\Concerns\\RoutesRequests.php(428): Illuminate\\Pipeline\\Pipeline->then(Object(Closure))
#29 C:\\laragon\\www\\API_Club\\vendor\\laravel\\lumen-framework\\src\\Concerns\\RoutesRequests.php(167): Laravel\\Lumen\\Application->sendThroughPipeline(Array, Object(Closure))
#30 C:\\laragon\\www\\API_Club\\vendor\\laravel\\lumen-framework\\src\\Concerns\\RoutesRequests.php(112): Laravel\\Lumen\\Application->dispatch(NULL)
#31 C:\\laragon\\www\\API_Club\\public\\index.php(28): Laravel\\Lumen\\Application->run()
#32 {main}
"} 
[2025-12-10 02:41:10] local.ERROR: SQLSTATE[42S22]: Column not found: 1054 Unknown column 'name' in 'field list' (Connection: mysql, SQL: select `id`, `name` from `club_events` where `club_events`.`id` in (29, 32, 33)) {"exception":"[object] (Illuminate\\Database\\QueryException(code: 42S22): SQLSTATE[42S22]: Column not found: 1054 Unknown column 'name' in 'field list' (Connection: mysql, SQL: select `id`, `name` from `club_events` where `club_events`.`id` in (29, 32, 33)) at C:\\laragon\\www\\API_Club\\vendor\\illuminate\\database\\Connection.php:829)
[stacktrace]
#0 C:\\laragon\\www\\API_Club\\vendor\\illuminate\\database\\Connection.php(783): Illuminate\\Database\\Connection->runQueryCallback('select `id`, `n...', Array, Object(Closure))
#1 C:\\laragon\\www\\API_Club\\vendor\\illuminate\\database\\Connection.php(414): Illuminate\\Database\\Connection->run('select `id`, `n...', Array, Object(Closure))
#2 C:\\laragon\\www\\API_Club\\vendor\\illuminate\\database\\Query\\Builder.php(2913): Illuminate\\Database\\Connection->select('select `id`, `n...', Array, true)
#3 C:\\laragon\\www\\API_Club\\vendor\\illuminate\\database\\Query\\Builder.php(2902): Illuminate\\Database\\Query\\Builder->runSelect()
#4 C:\\laragon\\www\\API_Club\\vendor\\illuminate\\database\\Query\\Builder.php(3456): Illuminate\\Database\\Query\\Builder->Illuminate\\Database\\Query\\{closure}()
#5 C:\\laragon\\www\\API_Club\\vendor\\illuminate\\database\\Query\\Builder.php(2901): Illuminate\\Database\\Query\\Builder->onceWithColumns(Array, Object(Closure))
#6 C:\\laragon\\www\\API_Club\\vendor\\illuminate\\database\\Eloquent\\Builder.php(739): Illuminate\\Database\\Query\\Builder->get(Array)
#7 C:\\laragon\\www\\API_Club\\vendor\\illuminate\\database\\Eloquent\\Builder.php(723): Illuminate\\Database\\Eloquent\\Builder->getModels(Array)
#8 C:\\laragon\\www\\API_Club\\vendor\\illuminate\\database\\Eloquent\\Relations\\Relation.php(203): Illuminate\\Database\\Eloquent\\Builder->get(Array)
#9 C:\\laragon\\www\\API_Club\\vendor\\illuminate\\database\\Eloquent\\Relations\\Relation.php(166): Illuminate\\Database\\Eloquent\\Relations\\Relation->get()
#10 C:\\laragon\\www\\API_Club\\vendor\\illuminate\\database\\Eloquent\\Builder.php(787): Illuminate\\Database\\Eloquent\\Relations\\Relation->getEager()
#11 C:\\laragon\\www\\API_Club\\vendor\\illuminate\\database\\Eloquent\\Builder.php(756): Illuminate\\Database\\Eloquent\\Builder->eagerLoadRelation(Array, 'event', Object(Closure))
#12 C:\\laragon\\www\\API_Club\\vendor\\illuminate\\database\\Eloquent\\Builder.php(724): Illuminate\\Database\\Eloquent\\Builder->eagerLoadRelations(Array)
#13 C:\\laragon\\www\\API_Club\\app\\Http\\Controllers\\StatisticController.php(93): Illuminate\\Database\\Eloquent\\Builder->get()
#14 C:\\laragon\\www\\API_Club\\vendor\\illuminate\\container\\BoundMethod.php(36): App\\Http\\Controllers\\StatisticController->generateStats('26')
#15 C:\\laragon\\www\\API_Club\\vendor\\illuminate\\container\\Util.php(41): Illuminate\\Container\\BoundMethod::Illuminate\\Container\\{closure}()
#16 C:\\laragon\\www\\API_Club\\vendor\\illuminate\\container\\BoundMethod.php(93): Illuminate\\Container\\Util::unwrapIfClosure(Object(Closure))
#17 C:\\laragon\\www\\API_Club\\vendor\\illuminate\\container\\BoundMethod.php(35): Illuminate\\Container\\BoundMethod::callBoundMethod(Object(Laravel\\Lumen\\Application), Array, Object(Closure))
#18 C:\\laragon\\www\\API_Club\\vendor\\illuminate\\container\\Container.php(662): Illuminate\\Container\\BoundMethod::call(Object(Laravel\\Lumen\\Application), Array, Array, NULL)
#19 C:\\laragon\\www\\API_Club\\vendor\\laravel\\lumen-framework\\src\\Concerns\\RoutesRequests.php(391): Illuminate\\Container\\Container->call(Array, Array)
#20 C:\\laragon\\www\\API_Club\\vendor\\laravel\\lumen-framework\\src\\Concerns\\RoutesRequests.php(356): Laravel\\Lumen\\Application->callControllerCallable(Array, Array)
#21 C:\\laragon\\www\\API_Club\\vendor\\laravel\\lumen-framework\\src\\Concerns\\RoutesRequests.php(331): Laravel\\Lumen\\Application->callLumenController(Object(App\\Http\\Controllers\\StatisticController), 'generateStats', Array)
#22 C:\\laragon\\www\\API_Club\\vendor\\laravel\\lumen-framework\\src\\Concerns\\RoutesRequests.php(284): Laravel\\Lumen\\Application->callControllerAction(Array)
#23 C:\\laragon\\www\\API_Club\\vendor\\laravel\\lumen-framework\\src\\Concerns\\RoutesRequests.php(269): Laravel\\Lumen\\Application->callActionOnArrayBasedRoute(Array)
#24 C:\\laragon\\www\\API_Club\\vendor\\laravel\\lumen-framework\\src\\Concerns\\RoutesRequests.php(239): Laravel\\Lumen\\Application->handleFoundRoute(Array)
#25 C:\\laragon\\www\\API_Club\\vendor\\laravel\\lumen-framework\\src\\Concerns\\RoutesRequests.php(174): Laravel\\Lumen\\Application->handleDispatcherResponse(Array)
#26 C:\\laragon\\www\\API_Club\\vendor\\laravel\\lumen-framework\\src\\Routing\\Pipeline.php(48): Laravel\\Lumen\\Application->Laravel\\Lumen\\Concerns\\{closure}(Object(Laravel\\Lumen\\Http\\Request))
#27 C:\\laragon\\www\\API_Club\\app\\Http\\Middleware\\CorsMiddleware.php(20): Laravel\\Lumen\\Routing\\Pipeline->Laravel\\Lumen\\Routing\\{closure}(Object(Laravel\\Lumen\\Http\\Request))
#28 C:\\laragon\\www\\API_Club\\vendor\\illuminate\\pipeline\\Pipeline.php(183): App\\Http\\Middleware\\CorsMiddleware->handle(Object(Laravel\\Lumen\\Http\\Request), Object(Closure))
#29 C:\\laragon\\www\\API_Club\\vendor\\laravel\\lumen-framework\\src\\Routing\\Pipeline.php(30): Illuminate\\Pipeline\\Pipeline->Illuminate\\Pipeline\\{closure}(Object(Laravel\\Lumen\\Http\\Request))
#30 C:\\laragon\\www\\API_Club\\vendor\\illuminate\\pipeline\\Pipeline.php(119): Laravel\\Lumen\\Routing\\Pipeline->Laravel\\Lumen\\Routing\\{closure}(Object(Laravel\\Lumen\\Http\\Request))
#31 C:\\laragon\\www\\API_Club\\vendor\\laravel\\lumen-framework\\src\\Concerns\\RoutesRequests.php(428): Illuminate\\Pipeline\\Pipeline->then(Object(Closure))
#32 C:\\laragon\\www\\API_Club\\vendor\\laravel\\lumen-framework\\src\\Concerns\\RoutesRequests.php(167): Laravel\\Lumen\\Application->sendThroughPipeline(Array, Object(Closure))
#33 C:\\laragon\\www\\API_Club\\vendor\\laravel\\lumen-framework\\src\\Concerns\\RoutesRequests.php(112): Laravel\\Lumen\\Application->dispatch(NULL)
#34 C:\\laragon\\www\\API_Club\\public\\index.php(28): Laravel\\Lumen\\Application->run()
#35 {main}

[previous exception] [object] (PDOException(code: 42S22): SQLSTATE[42S22]: Column not found: 1054 Unknown column 'name' in 'field list' at C:\\laragon\\www\\API_Club\\vendor\\illuminate\\database\\Connection.php:423)
[stacktrace]
#0 C:\\laragon\\www\\API_Club\\vendor\\illuminate\\database\\Connection.php(423): PDO->prepare('select `id`, `n...')
#1 C:\\laragon\\www\\API_Club\\vendor\\illuminate\\database\\Connection.php(816): Illuminate\\Database\\Connection->Illuminate\\Database\\{closure}('select `id`, `n...', Array)
#2 C:\\laragon\\www\\API_Club\\vendor\\illuminate\\database\\Connection.php(783): Illuminate\\Database\\Connection->runQueryCallback('select `id`, `n...', Array, Object(Closure))
#3 C:\\laragon\\www\\API_Club\\vendor\\illuminate\\database\\Connection.php(414): Illuminate\\Database\\Connection->run('select `id`, `n...', Array, Object(Closure))
#4 C:\\laragon\\www\\API_Club\\vendor\\illuminate\\database\\Query\\Builder.php(2913): Illuminate\\Database\\Connection->select('select `id`, `n...', Array, true)
#5 C:\\laragon\\www\\API_Club\\vendor\\illuminate\\database\\Query\\Builder.php(2902): Illuminate\\Database\\Query\\Builder->runSelect()
#6 C:\\laragon\\www\\API_Club\\vendor\\illuminate\\database\\Query\\Builder.php(3456): Illuminate\\Database\\Query\\Builder->Illuminate\\Database\\Query\\{closure}()
#7 C:\\laragon\\www\\API_Club\\vendor\\illuminate\\database\\Query\\Builder.php(2901): Illuminate\\Database\\Query\\Builder->onceWithColumns(Array, Object(Closure))
#8 C:\\laragon\\www\\API_Club\\vendor\\illuminate\\database\\Eloquent\\Builder.php(739): Illuminate\\Database\\Query\\Builder->get(Array)
#9 C:\\laragon\\www\\API_Club\\vendor\\illuminate\\database\\Eloquent\\Builder.php(723): Illuminate\\Database\\Eloquent\\Builder->getModels(Array)
#10 C:\\laragon\\www\\API_Club\\vendor\\illuminate\\database\\Eloquent\\Relations\\Relation.php(203): Illuminate\\Database\\Eloquent\\Builder->get(Array)
#11 C:\\laragon\\www\\API_Club\\vendor\\illuminate\\database\\Eloquent\\Relations\\Relation.php(166): Illuminate\\Database\\Eloquent\\Relations\\Relation->get()
#12 C:\\laragon\\www\\API_Club\\vendor\\illuminate\\database\\Eloquent\\Builder.php(787): Illuminate\\Database\\Eloquent\\Relations\\Relation->getEager()
#13 C:\\laragon\\www\\API_Club\\vendor\\illuminate\\database\\Eloquent\\Builder.php(756): Illuminate\\Database\\Eloquent\\Builder->eagerLoadRelation(Array, 'event', Object(Closure))
#14 C:\\laragon\\www\\API_Club\\vendor\\illuminate\\database\\Eloquent\\Builder.php(724): Illuminate\\Database\\Eloquent\\Builder->eagerLoadRelations(Array)
#15 C:\\laragon\\www\\API_Club\\app\\Http\\Controllers\\StatisticController.php(93): Illuminate\\Database\\Eloquent\\Builder->get()
#16 C:\\laragon\\www\\API_Club\\vendor\\illuminate\\container\\BoundMethod.php(36): App\\Http\\Controllers\\StatisticController->generateStats('26')
#17 C:\\laragon\\www\\API_Club\\vendor\\illuminate\\container\\Util.php(41): Illuminate\\Container\\BoundMethod::Illuminate\\Container\\{closure}()
#18 C:\\laragon\\www\\API_Club\\vendor\\illuminate\\container\\BoundMethod.php(93): Illuminate\\Container\\Util::unwrapIfClosure(Object(Closure))
#19 C:\\laragon\\www\\API_Club\\vendor\\illuminate\\container\\BoundMethod.php(35): Illuminate\\Container\\BoundMethod::callBoundMethod(Object(Laravel\\Lumen\\Application), Array, Object(Closure))
#20 C:\\laragon\\www\\API_Club\\vendor\\illuminate\\container\\Container.php(662): Illuminate\\Container\\BoundMethod::call(Object(Laravel\\Lumen\\Application), Array, Array, NULL)
#21 C:\\laragon\\www\\API_Club\\vendor\\laravel\\lumen-framework\\src\\Concerns\\RoutesRequests.php(391): Illuminate\\Container\\Container->call(Array, Array)
#22 C:\\laragon\\www\\API_Club\\vendor\\laravel\\lumen-framework\\src\\Concerns\\RoutesRequests.php(356): Laravel\\Lumen\\Application->callControllerCallable(Array, Array)
#23 C:\\laragon\\www\\API_Club\\vendor\\laravel\\lumen-framework\\src\\Concerns\\RoutesRequests.php(331): Laravel\\Lumen\\Application->callLumenController(Object(App\\Http\\Controllers\\StatisticController), 'generateStats', Array)
#24 C:\\laragon\\www\\API_Club\\vendor\\laravel\\lumen-framework\\src\\Concerns\\RoutesRequests.php(284): Laravel\\Lumen\\Application->callControllerAction(Array)
#25 C:\\laragon\\www\\API_Club\\vendor\\laravel\\lumen-framework\\src\\Concerns\\RoutesRequests.php(269): Laravel\\Lumen\\Application->callActionOnArrayBasedRoute(Array)
#26 C:\\laragon\\www\\API_Club\\vendor\\laravel\\lumen-framework\\src\\Concerns\\RoutesRequests.php(239): Laravel\\Lumen\\Application->handleFoundRoute(Array)
#27 C:\\laragon\\www\\API_Club\\vendor\\laravel\\lumen-framework\\src\\Concerns\\RoutesRequests.php(174): Laravel\\Lumen\\Application->handleDispatcherResponse(Array)
#28 C:\\laragon\\www\\API_Club\\vendor\\laravel\\lumen-framework\\src\\Routing\\Pipeline.php(48): Laravel\\Lumen\\Application->Laravel\\Lumen\\Concerns\\{closure}(Object(Laravel\\Lumen\\Http\\Request))
#29 C:\\laragon\\www\\API_Club\\app\\Http\\Middleware\\CorsMiddleware.php(20): Laravel\\Lumen\\Routing\\Pipeline->Laravel\\Lumen\\Routing\\{closure}(Object(Laravel\\Lumen\\Http\\Request))
#30 C:\\laragon\\www\\API_Club\\vendor\\illuminate\\pipeline\\Pipeline.php(183): App\\Http\\Middleware\\CorsMiddleware->handle(Object(Laravel\\Lumen\\Http\\Request), Object(Closure))
#31 C:\\laragon\\www\\API_Club\\vendor\\laravel\\lumen-framework\\src\\Routing\\Pipeline.php(30): Illuminate\\Pipeline\\Pipeline->Illuminate\\Pipeline\\{closure}(Object(Laravel\\Lumen\\Http\\Request))
#32 C:\\laragon\\www\\API_Club\\vendor\\illuminate\\pipeline\\Pipeline.php(119): Laravel\\Lumen\\Routing\\Pipeline->Laravel\\Lumen\\Routing\\{closure}(Object(Laravel\\Lumen\\Http\\Request))
#33 C:\\laragon\\www\\API_Club\\vendor\\laravel\\lumen-framework\\src\\Concerns\\RoutesRequests.php(428): Illuminate\\Pipeline\\Pipeline->then(Object(Closure))
#34 C:\\laragon\\www\\API_Club\\vendor\\laravel\\lumen-framework\\src\\Concerns\\RoutesRequests.php(167): Laravel\\Lumen\\Application->sendThroughPipeline(Array, Object(Closure))
#35 C:\\laragon\\www\\API_Club\\vendor\\laravel\\lumen-framework\\src\\Concerns\\RoutesRequests.php(112): Laravel\\Lumen\\Application->dispatch(NULL)
#36 C:\\laragon\\www\\API_Club\\public\\index.php(28): Laravel\\Lumen\\Application->run()
#37 {main}
"} 
[2025-12-10 03:10:59] local.ERROR: Call to undefined method App\Models\CommentLike::post() {"exception":"[object] (BadMethodCallException(code: 0): Call to undefined method App\\Models\\CommentLike::post() at C:\\laragon\\www\\API_Club\\vendor\\illuminate\\support\\Traits\\ForwardsCalls.php:67)
[stacktrace]
#0 C:\\laragon\\www\\API_Club\\vendor\\illuminate\\support\\Traits\\ForwardsCalls.php(36): Illuminate\\Database\\Eloquent\\Model::throwBadMethodCallException('post')
#1 C:\\laragon\\www\\API_Club\\vendor\\illuminate\\database\\Eloquent\\Model.php(2335): Illuminate\\Database\\Eloquent\\Model->forwardCallTo(Object(Illuminate\\Database\\Eloquent\\Builder), 'post', Array)
#2 C:\\laragon\\www\\API_Club\\vendor\\illuminate\\database\\Eloquent\\Concerns\\QueriesRelationships.php(876): Illuminate\\Database\\Eloquent\\Model->__call('post', Array)
#3 C:\\laragon\\www\\API_Club\\vendor\\illuminate\\database\\Eloquent\\Relations\\Relation.php(110): Illuminate\\Database\\Eloquent\\Builder->Illuminate\\Database\\Eloquent\\Concerns\\{closure}()
#4 C:\\laragon\\www\\API_Club\\vendor\\illuminate\\database\\Eloquent\\Concerns\\QueriesRelationships.php(875): Illuminate\\Database\\Eloquent\\Relations\\Relation::noConstraints(Object(Closure))
#5 C:\\laragon\\www\\API_Club\\vendor\\illuminate\\database\\Eloquent\\Concerns\\QueriesRelationships.php(39): Illuminate\\Database\\Eloquent\\Builder->getRelationWithoutConstraints('post')
#6 C:\\laragon\\www\\API_Club\\vendor\\illuminate\\database\\Eloquent\\Concerns\\QueriesRelationships.php(152): Illuminate\\Database\\Eloquent\\Builder->has('post', '>=', 1, 'and', Object(Closure))
#7 C:\\laragon\\www\\API_Club\\app\\Http\\Controllers\\StatisticController.php(62): Illuminate\\Database\\Eloquent\\Builder->whereHas('post', Object(Closure))
#8 C:\\laragon\\www\\API_Club\\vendor\\illuminate\\container\\BoundMethod.php(36): App\\Http\\Controllers\\StatisticController->generateStats('27')
#9 C:\\laragon\\www\\API_Club\\vendor\\illuminate\\container\\Util.php(41): Illuminate\\Container\\BoundMethod::Illuminate\\Container\\{closure}()
#10 C:\\laragon\\www\\API_Club\\vendor\\illuminate\\container\\BoundMethod.php(93): Illuminate\\Container\\Util::unwrapIfClosure(Object(Closure))
#11 C:\\laragon\\www\\API_Club\\vendor\\illuminate\\container\\BoundMethod.php(35): Illuminate\\Container\\BoundMethod::callBoundMethod(Object(Laravel\\Lumen\\Application), Array, Object(Closure))
#12 C:\\laragon\\www\\API_Club\\vendor\\illuminate\\container\\Container.php(662): Illuminate\\Container\\BoundMethod::call(Object(Laravel\\Lumen\\Application), Array, Array, NULL)
#13 C:\\laragon\\www\\API_Club\\vendor\\laravel\\lumen-framework\\src\\Concerns\\RoutesRequests.php(391): Illuminate\\Container\\Container->call(Array, Array)
#14 C:\\laragon\\www\\API_Club\\vendor\\laravel\\lumen-framework\\src\\Concerns\\RoutesRequests.php(356): Laravel\\Lumen\\Application->callControllerCallable(Array, Array)
#15 C:\\laragon\\www\\API_Club\\vendor\\laravel\\lumen-framework\\src\\Concerns\\RoutesRequests.php(331): Laravel\\Lumen\\Application->callLumenController(Object(App\\Http\\Controllers\\StatisticController), 'generateStats', Array)
#16 C:\\laragon\\www\\API_Club\\vendor\\laravel\\lumen-framework\\src\\Concerns\\RoutesRequests.php(284): Laravel\\Lumen\\Application->callControllerAction(Array)
#17 C:\\laragon\\www\\API_Club\\vendor\\laravel\\lumen-framework\\src\\Concerns\\RoutesRequests.php(269): Laravel\\Lumen\\Application->callActionOnArrayBasedRoute(Array)
#18 C:\\laragon\\www\\API_Club\\vendor\\laravel\\lumen-framework\\src\\Concerns\\RoutesRequests.php(239): Laravel\\Lumen\\Application->handleFoundRoute(Array)
#19 C:\\laragon\\www\\API_Club\\vendor\\laravel\\lumen-framework\\src\\Concerns\\RoutesRequests.php(174): Laravel\\Lumen\\Application->handleDispatcherResponse(Array)
#20 C:\\laragon\\www\\API_Club\\vendor\\laravel\\lumen-framework\\src\\Routing\\Pipeline.php(48): Laravel\\Lumen\\Application->Laravel\\Lumen\\Concerns\\{closure}(Object(Laravel\\Lumen\\Http\\Request))
#21 C:\\laragon\\www\\API_Club\\app\\Http\\Middleware\\CorsMiddleware.php(20): Laravel\\Lumen\\Routing\\Pipeline->Laravel\\Lumen\\Routing\\{closure}(Object(Laravel\\Lumen\\Http\\Request))
#22 C:\\laragon\\www\\API_Club\\vendor\\illuminate\\pipeline\\Pipeline.php(183): App\\Http\\Middleware\\CorsMiddleware->handle(Object(Laravel\\Lumen\\Http\\Request), Object(Closure))
#23 C:\\laragon\\www\\API_Club\\vendor\\laravel\\lumen-framework\\src\\Routing\\Pipeline.php(30): Illuminate\\Pipeline\\Pipeline->Illuminate\\Pipeline\\{closure}(Object(Laravel\\Lumen\\Http\\Request))
#24 C:\\laragon\\www\\API_Club\\vendor\\illuminate\\pipeline\\Pipeline.php(119): Laravel\\Lumen\\Routing\\Pipeline->Laravel\\Lumen\\Routing\\{closure}(Object(Laravel\\Lumen\\Http\\Request))
#25 C:\\laragon\\www\\API_Club\\vendor\\laravel\\lumen-framework\\src\\Concerns\\RoutesRequests.php(428): Illuminate\\Pipeline\\Pipeline->then(Object(Closure))
#26 C:\\laragon\\www\\API_Club\\vendor\\laravel\\lumen-framework\\src\\Concerns\\RoutesRequests.php(167): Laravel\\Lumen\\Application->sendThroughPipeline(Array, Object(Closure))
#27 C:\\laragon\\www\\API_Club\\vendor\\laravel\\lumen-framework\\src\\Concerns\\RoutesRequests.php(112): Laravel\\Lumen\\Application->dispatch(NULL)
#28 C:\\laragon\\www\\API_Club\\public\\index.php(28): Laravel\\Lumen\\Application->run()
#29 {main}
"} 
[2025-12-10 03:11:00] local.ERROR: Call to undefined method App\Models\CommentLike::post() {"exception":"[object] (BadMethodCallException(code: 0): Call to undefined method App\\Models\\CommentLike::post() at C:\\laragon\\www\\API_Club\\vendor\\illuminate\\support\\Traits\\ForwardsCalls.php:67)
[stacktrace]
#0 C:\\laragon\\www\\API_Club\\vendor\\illuminate\\support\\Traits\\ForwardsCalls.php(36): Illuminate\\Database\\Eloquent\\Model::throwBadMethodCallException('post')
#1 C:\\laragon\\www\\API_Club\\vendor\\illuminate\\database\\Eloquent\\Model.php(2335): Illuminate\\Database\\Eloquent\\Model->forwardCallTo(Object(Illuminate\\Database\\Eloquent\\Builder), 'post', Array)
#2 C:\\laragon\\www\\API_Club\\vendor\\illuminate\\database\\Eloquent\\Concerns\\QueriesRelationships.php(876): Illuminate\\Database\\Eloquent\\Model->__call('post', Array)
#3 C:\\laragon\\www\\API_Club\\vendor\\illuminate\\database\\Eloquent\\Relations\\Relation.php(110): Illuminate\\Database\\Eloquent\\Builder->Illuminate\\Database\\Eloquent\\Concerns\\{closure}()
#4 C:\\laragon\\www\\API_Club\\vendor\\illuminate\\database\\Eloquent\\Concerns\\QueriesRelationships.php(875): Illuminate\\Database\\Eloquent\\Relations\\Relation::noConstraints(Object(Closure))
#5 C:\\laragon\\www\\API_Club\\vendor\\illuminate\\database\\Eloquent\\Concerns\\QueriesRelationships.php(39): Illuminate\\Database\\Eloquent\\Builder->getRelationWithoutConstraints('post')
#6 C:\\laragon\\www\\API_Club\\vendor\\illuminate\\database\\Eloquent\\Concerns\\QueriesRelationships.php(152): Illuminate\\Database\\Eloquent\\Builder->has('post', '>=', 1, 'and', Object(Closure))
#7 C:\\laragon\\www\\API_Club\\app\\Http\\Controllers\\StatisticController.php(62): Illuminate\\Database\\Eloquent\\Builder->whereHas('post', Object(Closure))
#8 C:\\laragon\\www\\API_Club\\vendor\\illuminate\\container\\BoundMethod.php(36): App\\Http\\Controllers\\StatisticController->generateStats('27')
#9 C:\\laragon\\www\\API_Club\\vendor\\illuminate\\container\\Util.php(41): Illuminate\\Container\\BoundMethod::Illuminate\\Container\\{closure}()
#10 C:\\laragon\\www\\API_Club\\vendor\\illuminate\\container\\BoundMethod.php(93): Illuminate\\Container\\Util::unwrapIfClosure(Object(Closure))
#11 C:\\laragon\\www\\API_Club\\vendor\\illuminate\\container\\BoundMethod.php(35): Illuminate\\Container\\BoundMethod::callBoundMethod(Object(Laravel\\Lumen\\Application), Array, Object(Closure))
#12 C:\\laragon\\www\\API_Club\\vendor\\illuminate\\container\\Container.php(662): Illuminate\\Container\\BoundMethod::call(Object(Laravel\\Lumen\\Application), Array, Array, NULL)
#13 C:\\laragon\\www\\API_Club\\vendor\\laravel\\lumen-framework\\src\\Concerns\\RoutesRequests.php(391): Illuminate\\Container\\Container->call(Array, Array)
#14 C:\\laragon\\www\\API_Club\\vendor\\laravel\\lumen-framework\\src\\Concerns\\RoutesRequests.php(356): Laravel\\Lumen\\Application->callControllerCallable(Array, Array)
#15 C:\\laragon\\www\\API_Club\\vendor\\laravel\\lumen-framework\\src\\Concerns\\RoutesRequests.php(331): Laravel\\Lumen\\Application->callLumenController(Object(App\\Http\\Controllers\\StatisticController), 'generateStats', Array)
#16 C:\\laragon\\www\\API_Club\\vendor\\laravel\\lumen-framework\\src\\Concerns\\RoutesRequests.php(284): Laravel\\Lumen\\Application->callControllerAction(Array)
#17 C:\\laragon\\www\\API_Club\\vendor\\laravel\\lumen-framework\\src\\Concerns\\RoutesRequests.php(269): Laravel\\Lumen\\Application->callActionOnArrayBasedRoute(Array)
#18 C:\\laragon\\www\\API_Club\\vendor\\laravel\\lumen-framework\\src\\Concerns\\RoutesRequests.php(239): Laravel\\Lumen\\Application->handleFoundRoute(Array)
#19 C:\\laragon\\www\\API_Club\\vendor\\laravel\\lumen-framework\\src\\Concerns\\RoutesRequests.php(174): Laravel\\Lumen\\Application->handleDispatcherResponse(Array)
#20 C:\\laragon\\www\\API_Club\\vendor\\laravel\\lumen-framework\\src\\Routing\\Pipeline.php(48): Laravel\\Lumen\\Application->Laravel\\Lumen\\Concerns\\{closure}(Object(Laravel\\Lumen\\Http\\Request))
#21 C:\\laragon\\www\\API_Club\\app\\Http\\Middleware\\CorsMiddleware.php(20): Laravel\\Lumen\\Routing\\Pipeline->Laravel\\Lumen\\Routing\\{closure}(Object(Laravel\\Lumen\\Http\\Request))
#22 C:\\laragon\\www\\API_Club\\vendor\\illuminate\\pipeline\\Pipeline.php(183): App\\Http\\Middleware\\CorsMiddleware->handle(Object(Laravel\\Lumen\\Http\\Request), Object(Closure))
#23 C:\\laragon\\www\\API_Club\\vendor\\laravel\\lumen-framework\\src\\Routing\\Pipeline.php(30): Illuminate\\Pipeline\\Pipeline->Illuminate\\Pipeline\\{closure}(Object(Laravel\\Lumen\\Http\\Request))
#24 C:\\laragon\\www\\API_Club\\vendor\\illuminate\\pipeline\\Pipeline.php(119): Laravel\\Lumen\\Routing\\Pipeline->Laravel\\Lumen\\Routing\\{closure}(Object(Laravel\\Lumen\\Http\\Request))
#25 C:\\laragon\\www\\API_Club\\vendor\\laravel\\lumen-framework\\src\\Concerns\\RoutesRequests.php(428): Illuminate\\Pipeline\\Pipeline->then(Object(Closure))
#26 C:\\laragon\\www\\API_Club\\vendor\\laravel\\lumen-framework\\src\\Concerns\\RoutesRequests.php(167): Laravel\\Lumen\\Application->sendThroughPipeline(Array, Object(Closure))
#27 C:\\laragon\\www\\API_Club\\vendor\\laravel\\lumen-framework\\src\\Concerns\\RoutesRequests.php(112): Laravel\\Lumen\\Application->dispatch(NULL)
#28 C:\\laragon\\www\\API_Club\\public\\index.php(28): Laravel\\Lumen\\Application->run()
#29 {main}
"} 
[2025-12-10 03:11:01] local.ERROR: Call to undefined method App\Models\CommentLike::post() {"exception":"[object] (BadMethodCallException(code: 0): Call to undefined method App\\Models\\CommentLike::post() at C:\\laragon\\www\\API_Club\\vendor\\illuminate\\support\\Traits\\ForwardsCalls.php:67)
[stacktrace]
#0 C:\\laragon\\www\\API_Club\\vendor\\illuminate\\support\\Traits\\ForwardsCalls.php(36): Illuminate\\Database\\Eloquent\\Model::throwBadMethodCallException('post')
#1 C:\\laragon\\www\\API_Club\\vendor\\illuminate\\database\\Eloquent\\Model.php(2335): Illuminate\\Database\\Eloquent\\Model->forwardCallTo(Object(Illuminate\\Database\\Eloquent\\Builder), 'post', Array)
#2 C:\\laragon\\www\\API_Club\\vendor\\illuminate\\database\\Eloquent\\Concerns\\QueriesRelationships.php(876): Illuminate\\Database\\Eloquent\\Model->__call('post', Array)
#3 C:\\laragon\\www\\API_Club\\vendor\\illuminate\\database\\Eloquent\\Relations\\Relation.php(110): Illuminate\\Database\\Eloquent\\Builder->Illuminate\\Database\\Eloquent\\Concerns\\{closure}()
#4 C:\\laragon\\www\\API_Club\\vendor\\illuminate\\database\\Eloquent\\Concerns\\QueriesRelationships.php(875): Illuminate\\Database\\Eloquent\\Relations\\Relation::noConstraints(Object(Closure))
#5 C:\\laragon\\www\\API_Club\\vendor\\illuminate\\database\\Eloquent\\Concerns\\QueriesRelationships.php(39): Illuminate\\Database\\Eloquent\\Builder->getRelationWithoutConstraints('post')
#6 C:\\laragon\\www\\API_Club\\vendor\\illuminate\\database\\Eloquent\\Concerns\\QueriesRelationships.php(152): Illuminate\\Database\\Eloquent\\Builder->has('post', '>=', 1, 'and', Object(Closure))
#7 C:\\laragon\\www\\API_Club\\app\\Http\\Controllers\\StatisticController.php(62): Illuminate\\Database\\Eloquent\\Builder->whereHas('post', Object(Closure))
#8 C:\\laragon\\www\\API_Club\\vendor\\illuminate\\container\\BoundMethod.php(36): App\\Http\\Controllers\\StatisticController->generateStats('27')
#9 C:\\laragon\\www\\API_Club\\vendor\\illuminate\\container\\Util.php(41): Illuminate\\Container\\BoundMethod::Illuminate\\Container\\{closure}()
#10 C:\\laragon\\www\\API_Club\\vendor\\illuminate\\container\\BoundMethod.php(93): Illuminate\\Container\\Util::unwrapIfClosure(Object(Closure))
#11 C:\\laragon\\www\\API_Club\\vendor\\illuminate\\container\\BoundMethod.php(35): Illuminate\\Container\\BoundMethod::callBoundMethod(Object(Laravel\\Lumen\\Application), Array, Object(Closure))
#12 C:\\laragon\\www\\API_Club\\vendor\\illuminate\\container\\Container.php(662): Illuminate\\Container\\BoundMethod::call(Object(Laravel\\Lumen\\Application), Array, Array, NULL)
#13 C:\\laragon\\www\\API_Club\\vendor\\laravel\\lumen-framework\\src\\Concerns\\RoutesRequests.php(391): Illuminate\\Container\\Container->call(Array, Array)
#14 C:\\laragon\\www\\API_Club\\vendor\\laravel\\lumen-framework\\src\\Concerns\\RoutesRequests.php(356): Laravel\\Lumen\\Application->callControllerCallable(Array, Array)
#15 C:\\laragon\\www\\API_Club\\vendor\\laravel\\lumen-framework\\src\\Concerns\\RoutesRequests.php(331): Laravel\\Lumen\\Application->callLumenController(Object(App\\Http\\Controllers\\StatisticController), 'generateStats', Array)
#16 C:\\laragon\\www\\API_Club\\vendor\\laravel\\lumen-framework\\src\\Concerns\\RoutesRequests.php(284): Laravel\\Lumen\\Application->callControllerAction(Array)
#17 C:\\laragon\\www\\API_Club\\vendor\\laravel\\lumen-framework\\src\\Concerns\\RoutesRequests.php(269): Laravel\\Lumen\\Application->callActionOnArrayBasedRoute(Array)
#18 C:\\laragon\\www\\API_Club\\vendor\\laravel\\lumen-framework\\src\\Concerns\\RoutesRequests.php(239): Laravel\\Lumen\\Application->handleFoundRoute(Array)
#19 C:\\laragon\\www\\API_Club\\vendor\\laravel\\lumen-framework\\src\\Concerns\\RoutesRequests.php(174): Laravel\\Lumen\\Application->handleDispatcherResponse(Array)
#20 C:\\laragon\\www\\API_Club\\vendor\\laravel\\lumen-framework\\src\\Routing\\Pipeline.php(48): Laravel\\Lumen\\Application->Laravel\\Lumen\\Concerns\\{closure}(Object(Laravel\\Lumen\\Http\\Request))
#21 C:\\laragon\\www\\API_Club\\app\\Http\\Middleware\\CorsMiddleware.php(20): Laravel\\Lumen\\Routing\\Pipeline->Laravel\\Lumen\\Routing\\{closure}(Object(Laravel\\Lumen\\Http\\Request))
#22 C:\\laragon\\www\\API_Club\\vendor\\illuminate\\pipeline\\Pipeline.php(183): App\\Http\\Middleware\\CorsMiddleware->handle(Object(Laravel\\Lumen\\Http\\Request), Object(Closure))
#23 C:\\laragon\\www\\API_Club\\vendor\\laravel\\lumen-framework\\src\\Routing\\Pipeline.php(30): Illuminate\\Pipeline\\Pipeline->Illuminate\\Pipeline\\{closure}(Object(Laravel\\Lumen\\Http\\Request))
#24 C:\\laragon\\www\\API_Club\\vendor\\illuminate\\pipeline\\Pipeline.php(119): Laravel\\Lumen\\Routing\\Pipeline->Laravel\\Lumen\\Routing\\{closure}(Object(Laravel\\Lumen\\Http\\Request))
#25 C:\\laragon\\www\\API_Club\\vendor\\laravel\\lumen-framework\\src\\Concerns\\RoutesRequests.php(428): Illuminate\\Pipeline\\Pipeline->then(Object(Closure))
#26 C:\\laragon\\www\\API_Club\\vendor\\laravel\\lumen-framework\\src\\Concerns\\RoutesRequests.php(167): Laravel\\Lumen\\Application->sendThroughPipeline(Array, Object(Closure))
#27 C:\\laragon\\www\\API_Club\\vendor\\laravel\\lumen-framework\\src\\Concerns\\RoutesRequests.php(112): Laravel\\Lumen\\Application->dispatch(NULL)
#28 C:\\laragon\\www\\API_Club\\public\\index.php(28): Laravel\\Lumen\\Application->run()
#29 {main}
"} 
[2025-12-10 03:11:01] local.ERROR: Call to undefined method App\Models\CommentLike::post() {"exception":"[object] (BadMethodCallException(code: 0): Call to undefined method App\\Models\\CommentLike::post() at C:\\laragon\\www\\API_Club\\vendor\\illuminate\\support\\Traits\\ForwardsCalls.php:67)
[stacktrace]
#0 C:\\laragon\\www\\API_Club\\vendor\\illuminate\\support\\Traits\\ForwardsCalls.php(36): Illuminate\\Database\\Eloquent\\Model::throwBadMethodCallException('post')
#1 C:\\laragon\\www\\API_Club\\vendor\\illuminate\\database\\Eloquent\\Model.php(2335): Illuminate\\Database\\Eloquent\\Model->forwardCallTo(Object(Illuminate\\Database\\Eloquent\\Builder), 'post', Array)
#2 C:\\laragon\\www\\API_Club\\vendor\\illuminate\\database\\Eloquent\\Concerns\\QueriesRelationships.php(876): Illuminate\\Database\\Eloquent\\Model->__call('post', Array)
#3 C:\\laragon\\www\\API_Club\\vendor\\illuminate\\database\\Eloquent\\Relations\\Relation.php(110): Illuminate\\Database\\Eloquent\\Builder->Illuminate\\Database\\Eloquent\\Concerns\\{closure}()
#4 C:\\laragon\\www\\API_Club\\vendor\\illuminate\\database\\Eloquent\\Concerns\\QueriesRelationships.php(875): Illuminate\\Database\\Eloquent\\Relations\\Relation::noConstraints(Object(Closure))
#5 C:\\laragon\\www\\API_Club\\vendor\\illuminate\\database\\Eloquent\\Concerns\\QueriesRelationships.php(39): Illuminate\\Database\\Eloquent\\Builder->getRelationWithoutConstraints('post')
#6 C:\\laragon\\www\\API_Club\\vendor\\illuminate\\database\\Eloquent\\Concerns\\QueriesRelationships.php(152): Illuminate\\Database\\Eloquent\\Builder->has('post', '>=', 1, 'and', Object(Closure))
#7 C:\\laragon\\www\\API_Club\\app\\Http\\Controllers\\StatisticController.php(62): Illuminate\\Database\\Eloquent\\Builder->whereHas('post', Object(Closure))
#8 C:\\laragon\\www\\API_Club\\vendor\\illuminate\\container\\BoundMethod.php(36): App\\Http\\Controllers\\StatisticController->generateStats('27')
#9 C:\\laragon\\www\\API_Club\\vendor\\illuminate\\container\\Util.php(41): Illuminate\\Container\\BoundMethod::Illuminate\\Container\\{closure}()
#10 C:\\laragon\\www\\API_Club\\vendor\\illuminate\\container\\BoundMethod.php(93): Illuminate\\Container\\Util::unwrapIfClosure(Object(Closure))
#11 C:\\laragon\\www\\API_Club\\vendor\\illuminate\\container\\BoundMethod.php(35): Illuminate\\Container\\BoundMethod::callBoundMethod(Object(Laravel\\Lumen\\Application), Array, Object(Closure))
#12 C:\\laragon\\www\\API_Club\\vendor\\illuminate\\container\\Container.php(662): Illuminate\\Container\\BoundMethod::call(Object(Laravel\\Lumen\\Application), Array, Array, NULL)
#13 C:\\laragon\\www\\API_Club\\vendor\\laravel\\lumen-framework\\src\\Concerns\\RoutesRequests.php(391): Illuminate\\Container\\Container->call(Array, Array)
#14 C:\\laragon\\www\\API_Club\\vendor\\laravel\\lumen-framework\\src\\Concerns\\RoutesRequests.php(356): Laravel\\Lumen\\Application->callControllerCallable(Array, Array)
#15 C:\\laragon\\www\\API_Club\\vendor\\laravel\\lumen-framework\\src\\Concerns\\RoutesRequests.php(331): Laravel\\Lumen\\Application->callLumenController(Object(App\\Http\\Controllers\\StatisticController), 'generateStats', Array)
#16 C:\\laragon\\www\\API_Club\\vendor\\laravel\\lumen-framework\\src\\Concerns\\RoutesRequests.php(284): Laravel\\Lumen\\Application->callControllerAction(Array)
#17 C:\\laragon\\www\\API_Club\\vendor\\laravel\\lumen-framework\\src\\Concerns\\RoutesRequests.php(269): Laravel\\Lumen\\Application->callActionOnArrayBasedRoute(Array)
#18 C:\\laragon\\www\\API_Club\\vendor\\laravel\\lumen-framework\\src\\Concerns\\RoutesRequests.php(239): Laravel\\Lumen\\Application->handleFoundRoute(Array)
#19 C:\\laragon\\www\\API_Club\\vendor\\laravel\\lumen-framework\\src\\Concerns\\RoutesRequests.php(174): Laravel\\Lumen\\Application->handleDispatcherResponse(Array)
#20 C:\\laragon\\www\\API_Club\\vendor\\laravel\\lumen-framework\\src\\Routing\\Pipeline.php(48): Laravel\\Lumen\\Application->Laravel\\Lumen\\Concerns\\{closure}(Object(Laravel\\Lumen\\Http\\Request))
#21 C:\\laragon\\www\\API_Club\\app\\Http\\Middleware\\CorsMiddleware.php(20): Laravel\\Lumen\\Routing\\Pipeline->Laravel\\Lumen\\Routing\\{closure}(Object(Laravel\\Lumen\\Http\\Request))
#22 C:\\laragon\\www\\API_Club\\vendor\\illuminate\\pipeline\\Pipeline.php(183): App\\Http\\Middleware\\CorsMiddleware->handle(Object(Laravel\\Lumen\\Http\\Request), Object(Closure))
#23 C:\\laragon\\www\\API_Club\\vendor\\laravel\\lumen-framework\\src\\Routing\\Pipeline.php(30): Illuminate\\Pipeline\\Pipeline->Illuminate\\Pipeline\\{closure}(Object(Laravel\\Lumen\\Http\\Request))
#24 C:\\laragon\\www\\API_Club\\vendor\\illuminate\\pipeline\\Pipeline.php(119): Laravel\\Lumen\\Routing\\Pipeline->Laravel\\Lumen\\Routing\\{closure}(Object(Laravel\\Lumen\\Http\\Request))
#25 C:\\laragon\\www\\API_Club\\vendor\\laravel\\lumen-framework\\src\\Concerns\\RoutesRequests.php(428): Illuminate\\Pipeline\\Pipeline->then(Object(Closure))
#26 C:\\laragon\\www\\API_Club\\vendor\\laravel\\lumen-framework\\src\\Concerns\\RoutesRequests.php(167): Laravel\\Lumen\\Application->sendThroughPipeline(Array, Object(Closure))
#27 C:\\laragon\\www\\API_Club\\vendor\\laravel\\lumen-framework\\src\\Concerns\\RoutesRequests.php(112): Laravel\\Lumen\\Application->dispatch(NULL)
#28 C:\\laragon\\www\\API_Club\\public\\index.php(28): Laravel\\Lumen\\Application->run()
#29 {main}
"} 
[2025-12-10 03:11:04] local.ERROR: Call to undefined method App\Models\CommentLike::post() {"exception":"[object] (BadMethodCallException(code: 0): Call to undefined method App\\Models\\CommentLike::post() at C:\\laragon\\www\\API_Club\\vendor\\illuminate\\support\\Traits\\ForwardsCalls.php:67)
[stacktrace]
#0 C:\\laragon\\www\\API_Club\\vendor\\illuminate\\support\\Traits\\ForwardsCalls.php(36): Illuminate\\Database\\Eloquent\\Model::throwBadMethodCallException('post')
#1 C:\\laragon\\www\\API_Club\\vendor\\illuminate\\database\\Eloquent\\Model.php(2335): Illuminate\\Database\\Eloquent\\Model->forwardCallTo(Object(Illuminate\\Database\\Eloquent\\Builder), 'post', Array)
#2 C:\\laragon\\www\\API_Club\\vendor\\illuminate\\database\\Eloquent\\Concerns\\QueriesRelationships.php(876): Illuminate\\Database\\Eloquent\\Model->__call('post', Array)
#3 C:\\laragon\\www\\API_Club\\vendor\\illuminate\\database\\Eloquent\\Relations\\Relation.php(110): Illuminate\\Database\\Eloquent\\Builder->Illuminate\\Database\\Eloquent\\Concerns\\{closure}()
#4 C:\\laragon\\www\\API_Club\\vendor\\illuminate\\database\\Eloquent\\Concerns\\QueriesRelationships.php(875): Illuminate\\Database\\Eloquent\\Relations\\Relation::noConstraints(Object(Closure))
#5 C:\\laragon\\www\\API_Club\\vendor\\illuminate\\database\\Eloquent\\Concerns\\QueriesRelationships.php(39): Illuminate\\Database\\Eloquent\\Builder->getRelationWithoutConstraints('post')
#6 C:\\laragon\\www\\API_Club\\vendor\\illuminate\\database\\Eloquent\\Concerns\\QueriesRelationships.php(152): Illuminate\\Database\\Eloquent\\Builder->has('post', '>=', 1, 'and', Object(Closure))
#7 C:\\laragon\\www\\API_Club\\app\\Http\\Controllers\\StatisticController.php(62): Illuminate\\Database\\Eloquent\\Builder->whereHas('post', Object(Closure))
#8 C:\\laragon\\www\\API_Club\\vendor\\illuminate\\container\\BoundMethod.php(36): App\\Http\\Controllers\\StatisticController->generateStats('27')
#9 C:\\laragon\\www\\API_Club\\vendor\\illuminate\\container\\Util.php(41): Illuminate\\Container\\BoundMethod::Illuminate\\Container\\{closure}()
#10 C:\\laragon\\www\\API_Club\\vendor\\illuminate\\container\\BoundMethod.php(93): Illuminate\\Container\\Util::unwrapIfClosure(Object(Closure))
#11 C:\\laragon\\www\\API_Club\\vendor\\illuminate\\container\\BoundMethod.php(35): Illuminate\\Container\\BoundMethod::callBoundMethod(Object(Laravel\\Lumen\\Application), Array, Object(Closure))
#12 C:\\laragon\\www\\API_Club\\vendor\\illuminate\\container\\Container.php(662): Illuminate\\Container\\BoundMethod::call(Object(Laravel\\Lumen\\Application), Array, Array, NULL)
#13 C:\\laragon\\www\\API_Club\\vendor\\laravel\\lumen-framework\\src\\Concerns\\RoutesRequests.php(391): Illuminate\\Container\\Container->call(Array, Array)
#14 C:\\laragon\\www\\API_Club\\vendor\\laravel\\lumen-framework\\src\\Concerns\\RoutesRequests.php(356): Laravel\\Lumen\\Application->callControllerCallable(Array, Array)
#15 C:\\laragon\\www\\API_Club\\vendor\\laravel\\lumen-framework\\src\\Concerns\\RoutesRequests.php(331): Laravel\\Lumen\\Application->callLumenController(Object(App\\Http\\Controllers\\StatisticController), 'generateStats', Array)
#16 C:\\laragon\\www\\API_Club\\vendor\\laravel\\lumen-framework\\src\\Concerns\\RoutesRequests.php(284): Laravel\\Lumen\\Application->callControllerAction(Array)
#17 C:\\laragon\\www\\API_Club\\vendor\\laravel\\lumen-framework\\src\\Concerns\\RoutesRequests.php(269): Laravel\\Lumen\\Application->callActionOnArrayBasedRoute(Array)
#18 C:\\laragon\\www\\API_Club\\vendor\\laravel\\lumen-framework\\src\\Concerns\\RoutesRequests.php(239): Laravel\\Lumen\\Application->handleFoundRoute(Array)
#19 C:\\laragon\\www\\API_Club\\vendor\\laravel\\lumen-framework\\src\\Concerns\\RoutesRequests.php(174): Laravel\\Lumen\\Application->handleDispatcherResponse(Array)
#20 C:\\laragon\\www\\API_Club\\vendor\\laravel\\lumen-framework\\src\\Routing\\Pipeline.php(48): Laravel\\Lumen\\Application->Laravel\\Lumen\\Concerns\\{closure}(Object(Laravel\\Lumen\\Http\\Request))
#21 C:\\laragon\\www\\API_Club\\app\\Http\\Middleware\\CorsMiddleware.php(20): Laravel\\Lumen\\Routing\\Pipeline->Laravel\\Lumen\\Routing\\{closure}(Object(Laravel\\Lumen\\Http\\Request))
#22 C:\\laragon\\www\\API_Club\\vendor\\illuminate\\pipeline\\Pipeline.php(183): App\\Http\\Middleware\\CorsMiddleware->handle(Object(Laravel\\Lumen\\Http\\Request), Object(Closure))
#23 C:\\laragon\\www\\API_Club\\vendor\\laravel\\lumen-framework\\src\\Routing\\Pipeline.php(30): Illuminate\\Pipeline\\Pipeline->Illuminate\\Pipeline\\{closure}(Object(Laravel\\Lumen\\Http\\Request))
#24 C:\\laragon\\www\\API_Club\\vendor\\illuminate\\pipeline\\Pipeline.php(119): Laravel\\Lumen\\Routing\\Pipeline->Laravel\\Lumen\\Routing\\{closure}(Object(Laravel\\Lumen\\Http\\Request))
#25 C:\\laragon\\www\\API_Club\\vendor\\laravel\\lumen-framework\\src\\Concerns\\RoutesRequests.php(428): Illuminate\\Pipeline\\Pipeline->then(Object(Closure))
#26 C:\\laragon\\www\\API_Club\\vendor\\laravel\\lumen-framework\\src\\Concerns\\RoutesRequests.php(167): Laravel\\Lumen\\Application->sendThroughPipeline(Array, Object(Closure))
#27 C:\\laragon\\www\\API_Club\\vendor\\laravel\\lumen-framework\\src\\Concerns\\RoutesRequests.php(112): Laravel\\Lumen\\Application->dispatch(NULL)
#28 C:\\laragon\\www\\API_Club\\public\\index.php(28): Laravel\\Lumen\\Application->run()
#29 {main}
"} 
[2025-12-10 03:13:00] local.ERROR: syntax error, unexpected token "->", expecting "]" {"exception":"[object] (ParseError(code: 0): syntax error, unexpected token \"->\", expecting \"]\" at C:\\laragon\\www\\API_Club\\app\\Http\\Controllers\\StatisticController.php:181)
[stacktrace]
#0 C:\\laragon\\www\\API_Club\\vendor\\composer\\ClassLoader.php(428): Composer\\Autoload\\includeFile('C:\\\\laragon\\\\www\\\\...')
#1 [internal function]: Composer\\Autoload\\ClassLoader->loadClass('App\\\\Http\\\\Contro...')
#2 C:\\laragon\\www\\API_Club\\vendor\\illuminate\\container\\Container.php(912): ReflectionClass->__construct('App\\\\Http\\\\Contro...')
#3 C:\\laragon\\www\\API_Club\\vendor\\illuminate\\container\\Container.php(795): Illuminate\\Container\\Container->build('App\\\\Http\\\\Contro...')
#4 C:\\laragon\\www\\API_Club\\vendor\\illuminate\\container\\Container.php(731): Illuminate\\Container\\Container->resolve('App\\\\Http\\\\Contro...', Array)
#5 C:\\laragon\\www\\API_Club\\vendor\\laravel\\lumen-framework\\src\\Application.php(327): Illuminate\\Container\\Container->make('App\\\\Http\\\\Contro...', Array)
#6 C:\\laragon\\www\\API_Club\\vendor\\laravel\\lumen-framework\\src\\Concerns\\RoutesRequests.php(326): Laravel\\Lumen\\Application->make('App\\\\Http\\\\Contro...')
#7 C:\\laragon\\www\\API_Club\\vendor\\laravel\\lumen-framework\\src\\Concerns\\RoutesRequests.php(284): Laravel\\Lumen\\Application->callControllerAction(Array)
#8 C:\\laragon\\www\\API_Club\\vendor\\laravel\\lumen-framework\\src\\Concerns\\RoutesRequests.php(269): Laravel\\Lumen\\Application->callActionOnArrayBasedRoute(Array)
#9 C:\\laragon\\www\\API_Club\\vendor\\laravel\\lumen-framework\\src\\Concerns\\RoutesRequests.php(239): Laravel\\Lumen\\Application->handleFoundRoute(Array)
#10 C:\\laragon\\www\\API_Club\\vendor\\laravel\\lumen-framework\\src\\Concerns\\RoutesRequests.php(174): Laravel\\Lumen\\Application->handleDispatcherResponse(Array)
#11 C:\\laragon\\www\\API_Club\\vendor\\laravel\\lumen-framework\\src\\Routing\\Pipeline.php(48): Laravel\\Lumen\\Application->Laravel\\Lumen\\Concerns\\{closure}(Object(Laravel\\Lumen\\Http\\Request))
#12 C:\\laragon\\www\\API_Club\\app\\Http\\Middleware\\CorsMiddleware.php(20): Laravel\\Lumen\\Routing\\Pipeline->Laravel\\Lumen\\Routing\\{closure}(Object(Laravel\\Lumen\\Http\\Request))
#13 C:\\laragon\\www\\API_Club\\vendor\\illuminate\\pipeline\\Pipeline.php(183): App\\Http\\Middleware\\CorsMiddleware->handle(Object(Laravel\\Lumen\\Http\\Request), Object(Closure))
#14 C:\\laragon\\www\\API_Club\\vendor\\laravel\\lumen-framework\\src\\Routing\\Pipeline.php(30): Illuminate\\Pipeline\\Pipeline->Illuminate\\Pipeline\\{closure}(Object(Laravel\\Lumen\\Http\\Request))
#15 C:\\laragon\\www\\API_Club\\vendor\\illuminate\\pipeline\\Pipeline.php(119): Laravel\\Lumen\\Routing\\Pipeline->Laravel\\Lumen\\Routing\\{closure}(Object(Laravel\\Lumen\\Http\\Request))
#16 C:\\laragon\\www\\API_Club\\vendor\\laravel\\lumen-framework\\src\\Concerns\\RoutesRequests.php(428): Illuminate\\Pipeline\\Pipeline->then(Object(Closure))
#17 C:\\laragon\\www\\API_Club\\vendor\\laravel\\lumen-framework\\src\\Concerns\\RoutesRequests.php(167): Laravel\\Lumen\\Application->sendThroughPipeline(Array, Object(Closure))
#18 C:\\laragon\\www\\API_Club\\vendor\\laravel\\lumen-framework\\src\\Concerns\\RoutesRequests.php(112): Laravel\\Lumen\\Application->dispatch(NULL)
#19 C:\\laragon\\www\\API_Club\\public\\index.php(28): Laravel\\Lumen\\Application->run()
#20 {main}
"} 
[2025-12-10 03:13:00] local.ERROR: syntax error, unexpected token "->", expecting "]" {"exception":"[object] (ParseError(code: 0): syntax error, unexpected token \"->\", expecting \"]\" at C:\\laragon\\www\\API_Club\\app\\Http\\Controllers\\StatisticController.php:181)
[stacktrace]
#0 C:\\laragon\\www\\API_Club\\vendor\\composer\\ClassLoader.php(428): Composer\\Autoload\\includeFile('C:\\\\laragon\\\\www\\\\...')
#1 [internal function]: Composer\\Autoload\\ClassLoader->loadClass('App\\\\Http\\\\Contro...')
#2 C:\\laragon\\www\\API_Club\\vendor\\illuminate\\container\\Container.php(912): ReflectionClass->__construct('App\\\\Http\\\\Contro...')
#3 C:\\laragon\\www\\API_Club\\vendor\\illuminate\\container\\Container.php(795): Illuminate\\Container\\Container->build('App\\\\Http\\\\Contro...')
#4 C:\\laragon\\www\\API_Club\\vendor\\illuminate\\container\\Container.php(731): Illuminate\\Container\\Container->resolve('App\\\\Http\\\\Contro...', Array)
#5 C:\\laragon\\www\\API_Club\\vendor\\laravel\\lumen-framework\\src\\Application.php(327): Illuminate\\Container\\Container->make('App\\\\Http\\\\Contro...', Array)
#6 C:\\laragon\\www\\API_Club\\vendor\\laravel\\lumen-framework\\src\\Concerns\\RoutesRequests.php(326): Laravel\\Lumen\\Application->make('App\\\\Http\\\\Contro...')
#7 C:\\laragon\\www\\API_Club\\vendor\\laravel\\lumen-framework\\src\\Concerns\\RoutesRequests.php(284): Laravel\\Lumen\\Application->callControllerAction(Array)
#8 C:\\laragon\\www\\API_Club\\vendor\\laravel\\lumen-framework\\src\\Concerns\\RoutesRequests.php(269): Laravel\\Lumen\\Application->callActionOnArrayBasedRoute(Array)
#9 C:\\laragon\\www\\API_Club\\vendor\\laravel\\lumen-framework\\src\\Concerns\\RoutesRequests.php(239): Laravel\\Lumen\\Application->handleFoundRoute(Array)
#10 C:\\laragon\\www\\API_Club\\vendor\\laravel\\lumen-framework\\src\\Concerns\\RoutesRequests.php(174): Laravel\\Lumen\\Application->handleDispatcherResponse(Array)
#11 C:\\laragon\\www\\API_Club\\vendor\\laravel\\lumen-framework\\src\\Routing\\Pipeline.php(48): Laravel\\Lumen\\Application->Laravel\\Lumen\\Concerns\\{closure}(Object(Laravel\\Lumen\\Http\\Request))
#12 C:\\laragon\\www\\API_Club\\app\\Http\\Middleware\\CorsMiddleware.php(20): Laravel\\Lumen\\Routing\\Pipeline->Laravel\\Lumen\\Routing\\{closure}(Object(Laravel\\Lumen\\Http\\Request))
#13 C:\\laragon\\www\\API_Club\\vendor\\illuminate\\pipeline\\Pipeline.php(183): App\\Http\\Middleware\\CorsMiddleware->handle(Object(Laravel\\Lumen\\Http\\Request), Object(Closure))
#14 C:\\laragon\\www\\API_Club\\vendor\\laravel\\lumen-framework\\src\\Routing\\Pipeline.php(30): Illuminate\\Pipeline\\Pipeline->Illuminate\\Pipeline\\{closure}(Object(Laravel\\Lumen\\Http\\Request))
#15 C:\\laragon\\www\\API_Club\\vendor\\illuminate\\pipeline\\Pipeline.php(119): Laravel\\Lumen\\Routing\\Pipeline->Laravel\\Lumen\\Routing\\{closure}(Object(Laravel\\Lumen\\Http\\Request))
#16 C:\\laragon\\www\\API_Club\\vendor\\laravel\\lumen-framework\\src\\Concerns\\RoutesRequests.php(428): Illuminate\\Pipeline\\Pipeline->then(Object(Closure))
#17 C:\\laragon\\www\\API_Club\\vendor\\laravel\\lumen-framework\\src\\Concerns\\RoutesRequests.php(167): Laravel\\Lumen\\Application->sendThroughPipeline(Array, Object(Closure))
#18 C:\\laragon\\www\\API_Club\\vendor\\laravel\\lumen-framework\\src\\Concerns\\RoutesRequests.php(112): Laravel\\Lumen\\Application->dispatch(NULL)
#19 C:\\laragon\\www\\API_Club\\public\\index.php(28): Laravel\\Lumen\\Application->run()
#20 {main}
"} 
[2025-12-10 03:13:00] local.ERROR: syntax error, unexpected token "->", expecting "]" {"exception":"[object] (ParseError(code: 0): syntax error, unexpected token \"->\", expecting \"]\" at C:\\laragon\\www\\API_Club\\app\\Http\\Controllers\\StatisticController.php:181)
[stacktrace]
#0 C:\\laragon\\www\\API_Club\\vendor\\composer\\ClassLoader.php(428): Composer\\Autoload\\includeFile('C:\\\\laragon\\\\www\\\\...')
#1 [internal function]: Composer\\Autoload\\ClassLoader->loadClass('App\\\\Http\\\\Contro...')
#2 C:\\laragon\\www\\API_Club\\vendor\\illuminate\\container\\Container.php(912): ReflectionClass->__construct('App\\\\Http\\\\Contro...')
#3 C:\\laragon\\www\\API_Club\\vendor\\illuminate\\container\\Container.php(795): Illuminate\\Container\\Container->build('App\\\\Http\\\\Contro...')
#4 C:\\laragon\\www\\API_Club\\vendor\\illuminate\\container\\Container.php(731): Illuminate\\Container\\Container->resolve('App\\\\Http\\\\Contro...', Array)
#5 C:\\laragon\\www\\API_Club\\vendor\\laravel\\lumen-framework\\src\\Application.php(327): Illuminate\\Container\\Container->make('App\\\\Http\\\\Contro...', Array)
#6 C:\\laragon\\www\\API_Club\\vendor\\laravel\\lumen-framework\\src\\Concerns\\RoutesRequests.php(326): Laravel\\Lumen\\Application->make('App\\\\Http\\\\Contro...')
#7 C:\\laragon\\www\\API_Club\\vendor\\laravel\\lumen-framework\\src\\Concerns\\RoutesRequests.php(284): Laravel\\Lumen\\Application->callControllerAction(Array)
#8 C:\\laragon\\www\\API_Club\\vendor\\laravel\\lumen-framework\\src\\Concerns\\RoutesRequests.php(269): Laravel\\Lumen\\Application->callActionOnArrayBasedRoute(Array)
#9 C:\\laragon\\www\\API_Club\\vendor\\laravel\\lumen-framework\\src\\Concerns\\RoutesRequests.php(239): Laravel\\Lumen\\Application->handleFoundRoute(Array)
#10 C:\\laragon\\www\\API_Club\\vendor\\laravel\\lumen-framework\\src\\Concerns\\RoutesRequests.php(174): Laravel\\Lumen\\Application->handleDispatcherResponse(Array)
#11 C:\\laragon\\www\\API_Club\\vendor\\laravel\\lumen-framework\\src\\Routing\\Pipeline.php(48): Laravel\\Lumen\\Application->Laravel\\Lumen\\Concerns\\{closure}(Object(Laravel\\Lumen\\Http\\Request))
#12 C:\\laragon\\www\\API_Club\\app\\Http\\Middleware\\CorsMiddleware.php(20): Laravel\\Lumen\\Routing\\Pipeline->Laravel\\Lumen\\Routing\\{closure}(Object(Laravel\\Lumen\\Http\\Request))
#13 C:\\laragon\\www\\API_Club\\vendor\\illuminate\\pipeline\\Pipeline.php(183): App\\Http\\Middleware\\CorsMiddleware->handle(Object(Laravel\\Lumen\\Http\\Request), Object(Closure))
#14 C:\\laragon\\www\\API_Club\\vendor\\laravel\\lumen-framework\\src\\Routing\\Pipeline.php(30): Illuminate\\Pipeline\\Pipeline->Illuminate\\Pipeline\\{closure}(Object(Laravel\\Lumen\\Http\\Request))
#15 C:\\laragon\\www\\API_Club\\vendor\\illuminate\\pipeline\\Pipeline.php(119): Laravel\\Lumen\\Routing\\Pipeline->Laravel\\Lumen\\Routing\\{closure}(Object(Laravel\\Lumen\\Http\\Request))
#16 C:\\laragon\\www\\API_Club\\vendor\\laravel\\lumen-framework\\src\\Concerns\\RoutesRequests.php(428): Illuminate\\Pipeline\\Pipeline->then(Object(Closure))
#17 C:\\laragon\\www\\API_Club\\vendor\\laravel\\lumen-framework\\src\\Concerns\\RoutesRequests.php(167): Laravel\\Lumen\\Application->sendThroughPipeline(Array, Object(Closure))
#18 C:\\laragon\\www\\API_Club\\vendor\\laravel\\lumen-framework\\src\\Concerns\\RoutesRequests.php(112): Laravel\\Lumen\\Application->dispatch(NULL)
#19 C:\\laragon\\www\\API_Club\\public\\index.php(28): Laravel\\Lumen\\Application->run()
#20 {main}
"} 
[2025-12-10 03:13:05] local.ERROR: syntax error, unexpected token "->", expecting "]" {"exception":"[object] (ParseError(code: 0): syntax error, unexpected token \"->\", expecting \"]\" at C:\\laragon\\www\\API_Club\\app\\Http\\Controllers\\StatisticController.php:181)
[stacktrace]
#0 C:\\laragon\\www\\API_Club\\vendor\\composer\\ClassLoader.php(428): Composer\\Autoload\\includeFile('C:\\\\laragon\\\\www\\\\...')
#1 [internal function]: Composer\\Autoload\\ClassLoader->loadClass('App\\\\Http\\\\Contro...')
#2 C:\\laragon\\www\\API_Club\\vendor\\illuminate\\container\\Container.php(912): ReflectionClass->__construct('App\\\\Http\\\\Contro...')
#3 C:\\laragon\\www\\API_Club\\vendor\\illuminate\\container\\Container.php(795): Illuminate\\Container\\Container->build('App\\\\Http\\\\Contro...')
#4 C:\\laragon\\www\\API_Club\\vendor\\illuminate\\container\\Container.php(731): Illuminate\\Container\\Container->resolve('App\\\\Http\\\\Contro...', Array)
#5 C:\\laragon\\www\\API_Club\\vendor\\laravel\\lumen-framework\\src\\Application.php(327): Illuminate\\Container\\Container->make('App\\\\Http\\\\Contro...', Array)
#6 C:\\laragon\\www\\API_Club\\vendor\\laravel\\lumen-framework\\src\\Concerns\\RoutesRequests.php(326): Laravel\\Lumen\\Application->make('App\\\\Http\\\\Contro...')
#7 C:\\laragon\\www\\API_Club\\vendor\\laravel\\lumen-framework\\src\\Concerns\\RoutesRequests.php(284): Laravel\\Lumen\\Application->callControllerAction(Array)
#8 C:\\laragon\\www\\API_Club\\vendor\\laravel\\lumen-framework\\src\\Concerns\\RoutesRequests.php(269): Laravel\\Lumen\\Application->callActionOnArrayBasedRoute(Array)
#9 C:\\laragon\\www\\API_Club\\vendor\\laravel\\lumen-framework\\src\\Concerns\\RoutesRequests.php(239): Laravel\\Lumen\\Application->handleFoundRoute(Array)
#10 C:\\laragon\\www\\API_Club\\vendor\\laravel\\lumen-framework\\src\\Concerns\\RoutesRequests.php(174): Laravel\\Lumen\\Application->handleDispatcherResponse(Array)
#11 C:\\laragon\\www\\API_Club\\vendor\\laravel\\lumen-framework\\src\\Routing\\Pipeline.php(48): Laravel\\Lumen\\Application->Laravel\\Lumen\\Concerns\\{closure}(Object(Laravel\\Lumen\\Http\\Request))
#12 C:\\laragon\\www\\API_Club\\app\\Http\\Middleware\\CorsMiddleware.php(20): Laravel\\Lumen\\Routing\\Pipeline->Laravel\\Lumen\\Routing\\{closure}(Object(Laravel\\Lumen\\Http\\Request))
#13 C:\\laragon\\www\\API_Club\\vendor\\illuminate\\pipeline\\Pipeline.php(183): App\\Http\\Middleware\\CorsMiddleware->handle(Object(Laravel\\Lumen\\Http\\Request), Object(Closure))
#14 C:\\laragon\\www\\API_Club\\vendor\\laravel\\lumen-framework\\src\\Routing\\Pipeline.php(30): Illuminate\\Pipeline\\Pipeline->Illuminate\\Pipeline\\{closure}(Object(Laravel\\Lumen\\Http\\Request))
#15 C:\\laragon\\www\\API_Club\\vendor\\illuminate\\pipeline\\Pipeline.php(119): Laravel\\Lumen\\Routing\\Pipeline->Laravel\\Lumen\\Routing\\{closure}(Object(Laravel\\Lumen\\Http\\Request))
#16 C:\\laragon\\www\\API_Club\\vendor\\laravel\\lumen-framework\\src\\Concerns\\RoutesRequests.php(428): Illuminate\\Pipeline\\Pipeline->then(Object(Closure))
#17 C:\\laragon\\www\\API_Club\\vendor\\laravel\\lumen-framework\\src\\Concerns\\RoutesRequests.php(167): Laravel\\Lumen\\Application->sendThroughPipeline(Array, Object(Closure))
#18 C:\\laragon\\www\\API_Club\\vendor\\laravel\\lumen-framework\\src\\Concerns\\RoutesRequests.php(112): Laravel\\Lumen\\Application->dispatch(NULL)
#19 C:\\laragon\\www\\API_Club\\public\\index.php(28): Laravel\\Lumen\\Application->run()
#20 {main}
"} 
[2025-12-10 03:13:46] local.ERROR: syntax error, unexpected token "->", expecting "]" {"exception":"[object] (ParseError(code: 0): syntax error, unexpected token \"->\", expecting \"]\" at C:\\laragon\\www\\API_Club\\app\\Http\\Controllers\\StatisticController.php:181)
[stacktrace]
#0 C:\\laragon\\www\\API_Club\\vendor\\composer\\ClassLoader.php(428): Composer\\Autoload\\includeFile('C:\\\\laragon\\\\www\\\\...')
#1 [internal function]: Composer\\Autoload\\ClassLoader->loadClass('App\\\\Http\\\\Contro...')
#2 C:\\laragon\\www\\API_Club\\vendor\\illuminate\\container\\Container.php(912): ReflectionClass->__construct('App\\\\Http\\\\Contro...')
#3 C:\\laragon\\www\\API_Club\\vendor\\illuminate\\container\\Container.php(795): Illuminate\\Container\\Container->build('App\\\\Http\\\\Contro...')
#4 C:\\laragon\\www\\API_Club\\vendor\\illuminate\\container\\Container.php(731): Illuminate\\Container\\Container->resolve('App\\\\Http\\\\Contro...', Array)
#5 C:\\laragon\\www\\API_Club\\vendor\\laravel\\lumen-framework\\src\\Application.php(327): Illuminate\\Container\\Container->make('App\\\\Http\\\\Contro...', Array)
#6 C:\\laragon\\www\\API_Club\\vendor\\laravel\\lumen-framework\\src\\Concerns\\RoutesRequests.php(326): Laravel\\Lumen\\Application->make('App\\\\Http\\\\Contro...')
#7 C:\\laragon\\www\\API_Club\\vendor\\laravel\\lumen-framework\\src\\Concerns\\RoutesRequests.php(284): Laravel\\Lumen\\Application->callControllerAction(Array)
#8 C:\\laragon\\www\\API_Club\\vendor\\laravel\\lumen-framework\\src\\Concerns\\RoutesRequests.php(269): Laravel\\Lumen\\Application->callActionOnArrayBasedRoute(Array)
#9 C:\\laragon\\www\\API_Club\\vendor\\laravel\\lumen-framework\\src\\Concerns\\RoutesRequests.php(239): Laravel\\Lumen\\Application->handleFoundRoute(Array)
#10 C:\\laragon\\www\\API_Club\\vendor\\laravel\\lumen-framework\\src\\Concerns\\RoutesRequests.php(174): Laravel\\Lumen\\Application->handleDispatcherResponse(Array)
#11 C:\\laragon\\www\\API_Club\\vendor\\laravel\\lumen-framework\\src\\Routing\\Pipeline.php(48): Laravel\\Lumen\\Application->Laravel\\Lumen\\Concerns\\{closure}(Object(Laravel\\Lumen\\Http\\Request))
#12 C:\\laragon\\www\\API_Club\\app\\Http\\Middleware\\CorsMiddleware.php(20): Laravel\\Lumen\\Routing\\Pipeline->Laravel\\Lumen\\Routing\\{closure}(Object(Laravel\\Lumen\\Http\\Request))
#13 C:\\laragon\\www\\API_Club\\vendor\\illuminate\\pipeline\\Pipeline.php(183): App\\Http\\Middleware\\CorsMiddleware->handle(Object(Laravel\\Lumen\\Http\\Request), Object(Closure))
#14 C:\\laragon\\www\\API_Club\\vendor\\laravel\\lumen-framework\\src\\Routing\\Pipeline.php(30): Illuminate\\Pipeline\\Pipeline->Illuminate\\Pipeline\\{closure}(Object(Laravel\\Lumen\\Http\\Request))
#15 C:\\laragon\\www\\API_Club\\vendor\\illuminate\\pipeline\\Pipeline.php(119): Laravel\\Lumen\\Routing\\Pipeline->Laravel\\Lumen\\Routing\\{closure}(Object(Laravel\\Lumen\\Http\\Request))
#16 C:\\laragon\\www\\API_Club\\vendor\\laravel\\lumen-framework\\src\\Concerns\\RoutesRequests.php(428): Illuminate\\Pipeline\\Pipeline->then(Object(Closure))
#17 C:\\laragon\\www\\API_Club\\vendor\\laravel\\lumen-framework\\src\\Concerns\\RoutesRequests.php(167): Laravel\\Lumen\\Application->sendThroughPipeline(Array, Object(Closure))
#18 C:\\laragon\\www\\API_Club\\vendor\\laravel\\lumen-framework\\src\\Concerns\\RoutesRequests.php(112): Laravel\\Lumen\\Application->dispatch(NULL)
#19 C:\\laragon\\www\\API_Club\\public\\index.php(28): Laravel\\Lumen\\Application->run()
#20 {main}
"} 
[2025-12-10 03:14:53] local.ERROR: Call to undefined method App\Models\CommentLike::post() {"exception":"[object] (BadMethodCallException(code: 0): Call to undefined method App\\Models\\CommentLike::post() at C:\\laragon\\www\\API_Club\\vendor\\illuminate\\support\\Traits\\ForwardsCalls.php:67)
[stacktrace]
#0 C:\\laragon\\www\\API_Club\\vendor\\illuminate\\support\\Traits\\ForwardsCalls.php(36): Illuminate\\Database\\Eloquent\\Model::throwBadMethodCallException('post')
#1 C:\\laragon\\www\\API_Club\\vendor\\illuminate\\database\\Eloquent\\Model.php(2335): Illuminate\\Database\\Eloquent\\Model->forwardCallTo(Object(Illuminate\\Database\\Eloquent\\Builder), 'post', Array)
#2 C:\\laragon\\www\\API_Club\\vendor\\illuminate\\database\\Eloquent\\Concerns\\QueriesRelationships.php(876): Illuminate\\Database\\Eloquent\\Model->__call('post', Array)
#3 C:\\laragon\\www\\API_Club\\vendor\\illuminate\\database\\Eloquent\\Relations\\Relation.php(110): Illuminate\\Database\\Eloquent\\Builder->Illuminate\\Database\\Eloquent\\Concerns\\{closure}()
#4 C:\\laragon\\www\\API_Club\\vendor\\illuminate\\database\\Eloquent\\Concerns\\QueriesRelationships.php(875): Illuminate\\Database\\Eloquent\\Relations\\Relation::noConstraints(Object(Closure))
#5 C:\\laragon\\www\\API_Club\\vendor\\illuminate\\database\\Eloquent\\Concerns\\QueriesRelationships.php(39): Illuminate\\Database\\Eloquent\\Builder->getRelationWithoutConstraints('post')
#6 C:\\laragon\\www\\API_Club\\vendor\\illuminate\\database\\Eloquent\\Concerns\\QueriesRelationships.php(152): Illuminate\\Database\\Eloquent\\Builder->has('post', '>=', 1, 'and', Object(Closure))
#7 C:\\laragon\\www\\API_Club\\app\\Http\\Controllers\\StatisticController.php(62): Illuminate\\Database\\Eloquent\\Builder->whereHas('post', Object(Closure))
#8 C:\\laragon\\www\\API_Club\\vendor\\illuminate\\container\\BoundMethod.php(36): App\\Http\\Controllers\\StatisticController->generateStats('27')
#9 C:\\laragon\\www\\API_Club\\vendor\\illuminate\\container\\Util.php(41): Illuminate\\Container\\BoundMethod::Illuminate\\Container\\{closure}()
#10 C:\\laragon\\www\\API_Club\\vendor\\illuminate\\container\\BoundMethod.php(93): Illuminate\\Container\\Util::unwrapIfClosure(Object(Closure))
#11 C:\\laragon\\www\\API_Club\\vendor\\illuminate\\container\\BoundMethod.php(35): Illuminate\\Container\\BoundMethod::callBoundMethod(Object(Laravel\\Lumen\\Application), Array, Object(Closure))
#12 C:\\laragon\\www\\API_Club\\vendor\\illuminate\\container\\Container.php(662): Illuminate\\Container\\BoundMethod::call(Object(Laravel\\Lumen\\Application), Array, Array, NULL)
#13 C:\\laragon\\www\\API_Club\\vendor\\laravel\\lumen-framework\\src\\Concerns\\RoutesRequests.php(391): Illuminate\\Container\\Container->call(Array, Array)
#14 C:\\laragon\\www\\API_Club\\vendor\\laravel\\lumen-framework\\src\\Concerns\\RoutesRequests.php(356): Laravel\\Lumen\\Application->callControllerCallable(Array, Array)
#15 C:\\laragon\\www\\API_Club\\vendor\\laravel\\lumen-framework\\src\\Concerns\\RoutesRequests.php(331): Laravel\\Lumen\\Application->callLumenController(Object(App\\Http\\Controllers\\StatisticController), 'generateStats', Array)
#16 C:\\laragon\\www\\API_Club\\vendor\\laravel\\lumen-framework\\src\\Concerns\\RoutesRequests.php(284): Laravel\\Lumen\\Application->callControllerAction(Array)
#17 C:\\laragon\\www\\API_Club\\vendor\\laravel\\lumen-framework\\src\\Concerns\\RoutesRequests.php(269): Laravel\\Lumen\\Application->callActionOnArrayBasedRoute(Array)
#18 C:\\laragon\\www\\API_Club\\vendor\\laravel\\lumen-framework\\src\\Concerns\\RoutesRequests.php(239): Laravel\\Lumen\\Application->handleFoundRoute(Array)
#19 C:\\laragon\\www\\API_Club\\vendor\\laravel\\lumen-framework\\src\\Concerns\\RoutesRequests.php(174): Laravel\\Lumen\\Application->handleDispatcherResponse(Array)
#20 C:\\laragon\\www\\API_Club\\vendor\\laravel\\lumen-framework\\src\\Routing\\Pipeline.php(48): Laravel\\Lumen\\Application->Laravel\\Lumen\\Concerns\\{closure}(Object(Laravel\\Lumen\\Http\\Request))
#21 C:\\laragon\\www\\API_Club\\app\\Http\\Middleware\\CorsMiddleware.php(20): Laravel\\Lumen\\Routing\\Pipeline->Laravel\\Lumen\\Routing\\{closure}(Object(Laravel\\Lumen\\Http\\Request))
#22 C:\\laragon\\www\\API_Club\\vendor\\illuminate\\pipeline\\Pipeline.php(183): App\\Http\\Middleware\\CorsMiddleware->handle(Object(Laravel\\Lumen\\Http\\Request), Object(Closure))
#23 C:\\laragon\\www\\API_Club\\vendor\\laravel\\lumen-framework\\src\\Routing\\Pipeline.php(30): Illuminate\\Pipeline\\Pipeline->Illuminate\\Pipeline\\{closure}(Object(Laravel\\Lumen\\Http\\Request))
#24 C:\\laragon\\www\\API_Club\\vendor\\illuminate\\pipeline\\Pipeline.php(119): Laravel\\Lumen\\Routing\\Pipeline->Laravel\\Lumen\\Routing\\{closure}(Object(Laravel\\Lumen\\Http\\Request))
#25 C:\\laragon\\www\\API_Club\\vendor\\laravel\\lumen-framework\\src\\Concerns\\RoutesRequests.php(428): Illuminate\\Pipeline\\Pipeline->then(Object(Closure))
#26 C:\\laragon\\www\\API_Club\\vendor\\laravel\\lumen-framework\\src\\Concerns\\RoutesRequests.php(167): Laravel\\Lumen\\Application->sendThroughPipeline(Array, Object(Closure))
#27 C:\\laragon\\www\\API_Club\\vendor\\laravel\\lumen-framework\\src\\Concerns\\RoutesRequests.php(112): Laravel\\Lumen\\Application->dispatch(NULL)
#28 C:\\laragon\\www\\API_Club\\public\\index.php(28): Laravel\\Lumen\\Application->run()
#29 {main}
"} 
[2025-12-10 03:15:23] local.ERROR: Call to a member function post() on null {"exception":"[object] (Error(code: 0): Call to a member function post() on null at C:\\laragon\\www\\API_Club\\app\\Models\\CommentLike.php:21)
[stacktrace]
#0 C:\\laragon\\www\\API_Club\\vendor\\illuminate\\database\\Eloquent\\Concerns\\QueriesRelationships.php(876): App\\Models\\CommentLike->post()
#1 C:\\laragon\\www\\API_Club\\vendor\\illuminate\\database\\Eloquent\\Relations\\Relation.php(110): Illuminate\\Database\\Eloquent\\Builder->Illuminate\\Database\\Eloquent\\Concerns\\{closure}()
#2 C:\\laragon\\www\\API_Club\\vendor\\illuminate\\database\\Eloquent\\Concerns\\QueriesRelationships.php(875): Illuminate\\Database\\Eloquent\\Relations\\Relation::noConstraints(Object(Closure))
#3 C:\\laragon\\www\\API_Club\\vendor\\illuminate\\database\\Eloquent\\Concerns\\QueriesRelationships.php(39): Illuminate\\Database\\Eloquent\\Builder->getRelationWithoutConstraints('post')
#4 C:\\laragon\\www\\API_Club\\vendor\\illuminate\\database\\Eloquent\\Concerns\\QueriesRelationships.php(152): Illuminate\\Database\\Eloquent\\Builder->has('post', '>=', 1, 'and', Object(Closure))
#5 C:\\laragon\\www\\API_Club\\app\\Http\\Controllers\\StatisticController.php(62): Illuminate\\Database\\Eloquent\\Builder->whereHas('post', Object(Closure))
#6 C:\\laragon\\www\\API_Club\\vendor\\illuminate\\container\\BoundMethod.php(36): App\\Http\\Controllers\\StatisticController->generateStats('27')
#7 C:\\laragon\\www\\API_Club\\vendor\\illuminate\\container\\Util.php(41): Illuminate\\Container\\BoundMethod::Illuminate\\Container\\{closure}()
#8 C:\\laragon\\www\\API_Club\\vendor\\illuminate\\container\\BoundMethod.php(93): Illuminate\\Container\\Util::unwrapIfClosure(Object(Closure))
#9 C:\\laragon\\www\\API_Club\\vendor\\illuminate\\container\\BoundMethod.php(35): Illuminate\\Container\\BoundMethod::callBoundMethod(Object(Laravel\\Lumen\\Application), Array, Object(Closure))
#10 C:\\laragon\\www\\API_Club\\vendor\\illuminate\\container\\Container.php(662): Illuminate\\Container\\BoundMethod::call(Object(Laravel\\Lumen\\Application), Array, Array, NULL)
#11 C:\\laragon\\www\\API_Club\\vendor\\laravel\\lumen-framework\\src\\Concerns\\RoutesRequests.php(391): Illuminate\\Container\\Container->call(Array, Array)
#12 C:\\laragon\\www\\API_Club\\vendor\\laravel\\lumen-framework\\src\\Concerns\\RoutesRequests.php(356): Laravel\\Lumen\\Application->callControllerCallable(Array, Array)
#13 C:\\laragon\\www\\API_Club\\vendor\\laravel\\lumen-framework\\src\\Concerns\\RoutesRequests.php(331): Laravel\\Lumen\\Application->callLumenController(Object(App\\Http\\Controllers\\StatisticController), 'generateStats', Array)
#14 C:\\laragon\\www\\API_Club\\vendor\\laravel\\lumen-framework\\src\\Concerns\\RoutesRequests.php(284): Laravel\\Lumen\\Application->callControllerAction(Array)
#15 C:\\laragon\\www\\API_Club\\vendor\\laravel\\lumen-framework\\src\\Concerns\\RoutesRequests.php(269): Laravel\\Lumen\\Application->callActionOnArrayBasedRoute(Array)
#16 C:\\laragon\\www\\API_Club\\vendor\\laravel\\lumen-framework\\src\\Concerns\\RoutesRequests.php(239): Laravel\\Lumen\\Application->handleFoundRoute(Array)
#17 C:\\laragon\\www\\API_Club\\vendor\\laravel\\lumen-framework\\src\\Concerns\\RoutesRequests.php(174): Laravel\\Lumen\\Application->handleDispatcherResponse(Array)
#18 C:\\laragon\\www\\API_Club\\vendor\\laravel\\lumen-framework\\src\\Routing\\Pipeline.php(48): Laravel\\Lumen\\Application->Laravel\\Lumen\\Concerns\\{closure}(Object(Laravel\\Lumen\\Http\\Request))
#19 C:\\laragon\\www\\API_Club\\app\\Http\\Middleware\\CorsMiddleware.php(20): Laravel\\Lumen\\Routing\\Pipeline->Laravel\\Lumen\\Routing\\{closure}(Object(Laravel\\Lumen\\Http\\Request))
#20 C:\\laragon\\www\\API_Club\\vendor\\illuminate\\pipeline\\Pipeline.php(183): App\\Http\\Middleware\\CorsMiddleware->handle(Object(Laravel\\Lumen\\Http\\Request), Object(Closure))
#21 C:\\laragon\\www\\API_Club\\vendor\\laravel\\lumen-framework\\src\\Routing\\Pipeline.php(30): Illuminate\\Pipeline\\Pipeline->Illuminate\\Pipeline\\{closure}(Object(Laravel\\Lumen\\Http\\Request))
#22 C:\\laragon\\www\\API_Club\\vendor\\illuminate\\pipeline\\Pipeline.php(119): Laravel\\Lumen\\Routing\\Pipeline->Laravel\\Lumen\\Routing\\{closure}(Object(Laravel\\Lumen\\Http\\Request))
#23 C:\\laragon\\www\\API_Club\\vendor\\laravel\\lumen-framework\\src\\Concerns\\RoutesRequests.php(428): Illuminate\\Pipeline\\Pipeline->then(Object(Closure))
#24 C:\\laragon\\www\\API_Club\\vendor\\laravel\\lumen-framework\\src\\Concerns\\RoutesRequests.php(167): Laravel\\Lumen\\Application->sendThroughPipeline(Array, Object(Closure))
#25 C:\\laragon\\www\\API_Club\\vendor\\laravel\\lumen-framework\\src\\Concerns\\RoutesRequests.php(112): Laravel\\Lumen\\Application->dispatch(NULL)
#26 C:\\laragon\\www\\API_Club\\public\\index.php(28): Laravel\\Lumen\\Application->run()
#27 {main}
"} 
