[2025-11-16 14:51:31] local.ERROR: Too many arguments to "make:migration" command, expected arguments "name". {"exception":"[object] (Symfony\\Component\\Console\\Exception\\RuntimeException(code: 0): Too many arguments to \"make:migration\" command, expected arguments \"name\". at C:\\laragon\\www\\API_Club\\vendor\\symfony\\console\\Input\\ArgvInput.php:196)
[stacktrace]
#0 C:\\laragon\\www\\API_Club\\vendor\\symfony\\console\\Input\\ArgvInput.php(89): Symfony\\Component\\Console\\Input\\ArgvInput->parseArgument('php')
#1 C:\\laragon\\www\\API_Club\\vendor\\symfony\\console\\Input\\ArgvInput.php(74): Symfony\\Component\\Console\\Input\\ArgvInput->parseToken('php', true)
#2 C:\\laragon\\www\\API_Club\\vendor\\symfony\\console\\Input\\Input.php(56): Symfony\\Component\\Console\\Input\\ArgvInput->parse()
#3 C:\\laragon\\www\\API_Club\\vendor\\symfony\\console\\Command\\Command.php(285): Symfony\\Component\\Console\\Input\\Input->bind(Object(Symfony\\Component\\Console\\Input\\InputDefinition))
#4 C:\\laragon\\www\\API_Club\\vendor\\illuminate\\console\\Command.php(180): Symfony\\Component\\Console\\Command\\Command->run(Object(Symfony\\Component\\Console\\Input\\ArgvInput), Object(Illuminate\\Console\\OutputStyle))
#5 C:\\laragon\\www\\API_Club\\vendor\\symfony\\console\\Application.php(1070): Illuminate\\Console\\Command->run(Object(Symfony\\Component\\Console\\Input\\ArgvInput), Object(Symfony\\Component\\Console\\Output\\ConsoleOutput))
#6 C:\\laragon\\www\\API_Club\\vendor\\symfony\\console\\Application.php(324): Symfony\\Component\\Console\\Application->doRunCommand(Object(Illuminate\\Database\\Console\\Migrations\\MigrateMakeCommand), Object(Symfony\\Component\\Console\\Input\\ArgvInput), Object(Symfony\\Component\\Console\\Output\\ConsoleOutput))
#7 C:\\laragon\\www\\API_Club\\vendor\\symfony\\console\\Application.php(175): Symfony\\Component\\Console\\Application->doRun(Object(Symfony\\Component\\Console\\Input\\ArgvInput), Object(Symfony\\Component\\Console\\Output\\ConsoleOutput))
#8 C:\\laragon\\www\\API_Club\\vendor\\laravel\\lumen-framework\\src\\Console\\Kernel.php(160): Symfony\\Component\\Console\\Application->run(Object(Symfony\\Component\\Console\\Input\\ArgvInput), Object(Symfony\\Component\\Console\\Output\\ConsoleOutput))
#9 C:\\laragon\\www\\API_Club\\artisan(35): Laravel\\Lumen\\Console\\Kernel->handle(Object(Symfony\\Component\\Console\\Input\\ArgvInput), Object(Symfony\\Component\\Console\\Output\\ConsoleOutput))
#10 {main}
"} 
[2025-11-16 15:12:24] local.ERROR: SQLSTATE[HY000]: General error: 1364 Field 'title' doesn't have a default value (Connection: mysql, SQL: insert into `notifications` (`user_id`, `type`, `message`, `updated_at`, `created_at`) values (5, comment_like, đã thích bình luận của bạn, 2025-11-16 15:12:24, 2025-11-16 15:12:24)) {"exception":"[object] (Illuminate\\Database\\QueryException(code: HY000): SQLSTATE[HY000]: General error: 1364 Field 'title' doesn't have a default value (Connection: mysql, SQL: insert into `notifications` (`user_id`, `type`, `message`, `updated_at`, `created_at`) values (5, comment_like, đã thích bình luận của bạn, 2025-11-16 15:12:24, 2025-11-16 15:12:24)) at C:\\laragon\\www\\API_Club\\vendor\\illuminate\\database\\Connection.php:829)
[stacktrace]
#0 C:\\laragon\\www\\API_Club\\vendor\\illuminate\\database\\Connection.php(783): Illuminate\\Database\\Connection->runQueryCallback('insert into `no...', Array, Object(Closure))
#1 C:\\laragon\\www\\API_Club\\vendor\\illuminate\\database\\MySqlConnection.php(34): Illuminate\\Database\\Connection->run('insert into `no...', Array, Object(Closure))
#2 C:\\laragon\\www\\API_Club\\vendor\\illuminate\\database\\Query\\Processors\\MySqlProcessor.php(35): Illuminate\\Database\\MySqlConnection->insert('insert into `no...', Array, 'id')
#3 C:\\laragon\\www\\API_Club\\vendor\\illuminate\\database\\Query\\Builder.php(3549): Illuminate\\Database\\Query\\Processors\\MySqlProcessor->processInsertGetId(Object(Illuminate\\Database\\Query\\Builder), 'insert into `no...', Array, 'id')
#4 C:\\laragon\\www\\API_Club\\vendor\\illuminate\\database\\Eloquent\\Builder.php(1982): Illuminate\\Database\\Query\\Builder->insertGetId(Array, 'id')
#5 C:\\laragon\\www\\API_Club\\vendor\\illuminate\\database\\Eloquent\\Model.php(1334): Illuminate\\Database\\Eloquent\\Builder->__call('insertGetId', Array)
#6 C:\\laragon\\www\\API_Club\\vendor\\illuminate\\database\\Eloquent\\Model.php(1299): Illuminate\\Database\\Eloquent\\Model->insertAndSetId(Object(Illuminate\\Database\\Eloquent\\Builder), Array)
#7 C:\\laragon\\www\\API_Club\\vendor\\illuminate\\database\\Eloquent\\Model.php(1138): Illuminate\\Database\\Eloquent\\Model->performInsert(Object(Illuminate\\Database\\Eloquent\\Builder))
#8 C:\\laragon\\www\\API_Club\\vendor\\illuminate\\database\\Eloquent\\Builder.php(1025): Illuminate\\Database\\Eloquent\\Model->save()
#9 C:\\laragon\\www\\API_Club\\vendor\\illuminate\\support\\helpers.php(320): Illuminate\\Database\\Eloquent\\Builder->Illuminate\\Database\\Eloquent\\{closure}(Object(App\\Models\\Notification))
#10 C:\\laragon\\www\\API_Club\\vendor\\illuminate\\database\\Eloquent\\Builder.php(1024): tap(Object(App\\Models\\Notification), Object(Closure))
#11 C:\\laragon\\www\\API_Club\\vendor\\illuminate\\support\\Traits\\ForwardsCalls.php(23): Illuminate\\Database\\Eloquent\\Builder->create(Array)
#12 C:\\laragon\\www\\API_Club\\vendor\\illuminate\\database\\Eloquent\\Model.php(2335): Illuminate\\Database\\Eloquent\\Model->forwardCallTo(Object(Illuminate\\Database\\Eloquent\\Builder), 'create', Array)
#13 C:\\laragon\\www\\API_Club\\vendor\\illuminate\\database\\Eloquent\\Model.php(2347): Illuminate\\Database\\Eloquent\\Model->__call('create', Array)
#14 C:\\laragon\\www\\API_Club\\app\\Http\\Controllers\\CommentLikeController.php(45): Illuminate\\Database\\Eloquent\\Model::__callStatic('create', Array)
#15 C:\\laragon\\www\\API_Club\\vendor\\illuminate\\container\\BoundMethod.php(36): App\\Http\\Controllers\\CommentLikeController->toggleLike(Object(Laravel\\Lumen\\Http\\Request))
#16 C:\\laragon\\www\\API_Club\\vendor\\illuminate\\container\\Util.php(41): Illuminate\\Container\\BoundMethod::Illuminate\\Container\\{closure}()
#17 C:\\laragon\\www\\API_Club\\vendor\\illuminate\\container\\BoundMethod.php(93): Illuminate\\Container\\Util::unwrapIfClosure(Object(Closure))
#18 C:\\laragon\\www\\API_Club\\vendor\\illuminate\\container\\BoundMethod.php(35): Illuminate\\Container\\BoundMethod::callBoundMethod(Object(Laravel\\Lumen\\Application), Array, Object(Closure))
#19 C:\\laragon\\www\\API_Club\\vendor\\illuminate\\container\\Container.php(662): Illuminate\\Container\\BoundMethod::call(Object(Laravel\\Lumen\\Application), Array, Array, NULL)
#20 C:\\laragon\\www\\API_Club\\vendor\\laravel\\lumen-framework\\src\\Concerns\\RoutesRequests.php(391): Illuminate\\Container\\Container->call(Array, Array)
#21 C:\\laragon\\www\\API_Club\\vendor\\laravel\\lumen-framework\\src\\Concerns\\RoutesRequests.php(356): Laravel\\Lumen\\Application->callControllerCallable(Array, Array)
#22 C:\\laragon\\www\\API_Club\\vendor\\laravel\\lumen-framework\\src\\Concerns\\RoutesRequests.php(331): Laravel\\Lumen\\Application->callLumenController(Object(App\\Http\\Controllers\\CommentLikeController), 'toggleLike', Array)
#23 C:\\laragon\\www\\API_Club\\vendor\\laravel\\lumen-framework\\src\\Concerns\\RoutesRequests.php(284): Laravel\\Lumen\\Application->callControllerAction(Array)
#24 C:\\laragon\\www\\API_Club\\vendor\\laravel\\lumen-framework\\src\\Concerns\\RoutesRequests.php(269): Laravel\\Lumen\\Application->callActionOnArrayBasedRoute(Array)
#25 C:\\laragon\\www\\API_Club\\vendor\\laravel\\lumen-framework\\src\\Concerns\\RoutesRequests.php(171): Laravel\\Lumen\\Application->handleFoundRoute(Array)
#26 C:\\laragon\\www\\API_Club\\vendor\\laravel\\lumen-framework\\src\\Routing\\Pipeline.php(48): Laravel\\Lumen\\Application->Laravel\\Lumen\\Concerns\\{closure}(Object(Laravel\\Lumen\\Http\\Request))
#27 C:\\laragon\\www\\API_Club\\app\\Http\\Middleware\\CorsMiddleware.php(19): Laravel\\Lumen\\Routing\\Pipeline->Laravel\\Lumen\\Routing\\{closure}(Object(Laravel\\Lumen\\Http\\Request))
#28 C:\\laragon\\www\\API_Club\\vendor\\illuminate\\pipeline\\Pipeline.php(183): App\\Http\\Middleware\\CorsMiddleware->handle(Object(Laravel\\Lumen\\Http\\Request), Object(Closure))
#29 C:\\laragon\\www\\API_Club\\vendor\\laravel\\lumen-framework\\src\\Routing\\Pipeline.php(30): Illuminate\\Pipeline\\Pipeline->Illuminate\\Pipeline\\{closure}(Object(Laravel\\Lumen\\Http\\Request))
#30 C:\\laragon\\www\\API_Club\\vendor\\illuminate\\pipeline\\Pipeline.php(119): Laravel\\Lumen\\Routing\\Pipeline->Laravel\\Lumen\\Routing\\{closure}(Object(Laravel\\Lumen\\Http\\Request))
#31 C:\\laragon\\www\\API_Club\\vendor\\laravel\\lumen-framework\\src\\Concerns\\RoutesRequests.php(428): Illuminate\\Pipeline\\Pipeline->then(Object(Closure))
#32 C:\\laragon\\www\\API_Club\\vendor\\laravel\\lumen-framework\\src\\Concerns\\RoutesRequests.php(167): Laravel\\Lumen\\Application->sendThroughPipeline(Array, Object(Closure))
#33 C:\\laragon\\www\\API_Club\\vendor\\laravel\\lumen-framework\\src\\Concerns\\RoutesRequests.php(112): Laravel\\Lumen\\Application->dispatch(NULL)
#34 C:\\laragon\\www\\API_Club\\public\\index.php(28): Laravel\\Lumen\\Application->run()
#35 {main}

[previous exception] [object] (PDOException(code: HY000): SQLSTATE[HY000]: General error: 1364 Field 'title' doesn't have a default value at C:\\laragon\\www\\API_Club\\vendor\\illuminate\\database\\MySqlConnection.php:45)
[stacktrace]
#0 C:\\laragon\\www\\API_Club\\vendor\\illuminate\\database\\MySqlConnection.php(45): PDOStatement->execute()
#1 C:\\laragon\\www\\API_Club\\vendor\\illuminate\\database\\Connection.php(816): Illuminate\\Database\\MySqlConnection->Illuminate\\Database\\{closure}('insert into `no...', Array)
#2 C:\\laragon\\www\\API_Club\\vendor\\illuminate\\database\\Connection.php(783): Illuminate\\Database\\Connection->runQueryCallback('insert into `no...', Array, Object(Closure))
#3 C:\\laragon\\www\\API_Club\\vendor\\illuminate\\database\\MySqlConnection.php(34): Illuminate\\Database\\Connection->run('insert into `no...', Array, Object(Closure))
#4 C:\\laragon\\www\\API_Club\\vendor\\illuminate\\database\\Query\\Processors\\MySqlProcessor.php(35): Illuminate\\Database\\MySqlConnection->insert('insert into `no...', Array, 'id')
#5 C:\\laragon\\www\\API_Club\\vendor\\illuminate\\database\\Query\\Builder.php(3549): Illuminate\\Database\\Query\\Processors\\MySqlProcessor->processInsertGetId(Object(Illuminate\\Database\\Query\\Builder), 'insert into `no...', Array, 'id')
#6 C:\\laragon\\www\\API_Club\\vendor\\illuminate\\database\\Eloquent\\Builder.php(1982): Illuminate\\Database\\Query\\Builder->insertGetId(Array, 'id')
#7 C:\\laragon\\www\\API_Club\\vendor\\illuminate\\database\\Eloquent\\Model.php(1334): Illuminate\\Database\\Eloquent\\Builder->__call('insertGetId', Array)
#8 C:\\laragon\\www\\API_Club\\vendor\\illuminate\\database\\Eloquent\\Model.php(1299): Illuminate\\Database\\Eloquent\\Model->insertAndSetId(Object(Illuminate\\Database\\Eloquent\\Builder), Array)
#9 C:\\laragon\\www\\API_Club\\vendor\\illuminate\\database\\Eloquent\\Model.php(1138): Illuminate\\Database\\Eloquent\\Model->performInsert(Object(Illuminate\\Database\\Eloquent\\Builder))
#10 C:\\laragon\\www\\API_Club\\vendor\\illuminate\\database\\Eloquent\\Builder.php(1025): Illuminate\\Database\\Eloquent\\Model->save()
#11 C:\\laragon\\www\\API_Club\\vendor\\illuminate\\support\\helpers.php(320): Illuminate\\Database\\Eloquent\\Builder->Illuminate\\Database\\Eloquent\\{closure}(Object(App\\Models\\Notification))
#12 C:\\laragon\\www\\API_Club\\vendor\\illuminate\\database\\Eloquent\\Builder.php(1024): tap(Object(App\\Models\\Notification), Object(Closure))
#13 C:\\laragon\\www\\API_Club\\vendor\\illuminate\\support\\Traits\\ForwardsCalls.php(23): Illuminate\\Database\\Eloquent\\Builder->create(Array)
#14 C:\\laragon\\www\\API_Club\\vendor\\illuminate\\database\\Eloquent\\Model.php(2335): Illuminate\\Database\\Eloquent\\Model->forwardCallTo(Object(Illuminate\\Database\\Eloquent\\Builder), 'create', Array)
#15 C:\\laragon\\www\\API_Club\\vendor\\illuminate\\database\\Eloquent\\Model.php(2347): Illuminate\\Database\\Eloquent\\Model->__call('create', Array)
#16 C:\\laragon\\www\\API_Club\\app\\Http\\Controllers\\CommentLikeController.php(45): Illuminate\\Database\\Eloquent\\Model::__callStatic('create', Array)
#17 C:\\laragon\\www\\API_Club\\vendor\\illuminate\\container\\BoundMethod.php(36): App\\Http\\Controllers\\CommentLikeController->toggleLike(Object(Laravel\\Lumen\\Http\\Request))
#18 C:\\laragon\\www\\API_Club\\vendor\\illuminate\\container\\Util.php(41): Illuminate\\Container\\BoundMethod::Illuminate\\Container\\{closure}()
#19 C:\\laragon\\www\\API_Club\\vendor\\illuminate\\container\\BoundMethod.php(93): Illuminate\\Container\\Util::unwrapIfClosure(Object(Closure))
#20 C:\\laragon\\www\\API_Club\\vendor\\illuminate\\container\\BoundMethod.php(35): Illuminate\\Container\\BoundMethod::callBoundMethod(Object(Laravel\\Lumen\\Application), Array, Object(Closure))
#21 C:\\laragon\\www\\API_Club\\vendor\\illuminate\\container\\Container.php(662): Illuminate\\Container\\BoundMethod::call(Object(Laravel\\Lumen\\Application), Array, Array, NULL)
#22 C:\\laragon\\www\\API_Club\\vendor\\laravel\\lumen-framework\\src\\Concerns\\RoutesRequests.php(391): Illuminate\\Container\\Container->call(Array, Array)
#23 C:\\laragon\\www\\API_Club\\vendor\\laravel\\lumen-framework\\src\\Concerns\\RoutesRequests.php(356): Laravel\\Lumen\\Application->callControllerCallable(Array, Array)
#24 C:\\laragon\\www\\API_Club\\vendor\\laravel\\lumen-framework\\src\\Concerns\\RoutesRequests.php(331): Laravel\\Lumen\\Application->callLumenController(Object(App\\Http\\Controllers\\CommentLikeController), 'toggleLike', Array)
#25 C:\\laragon\\www\\API_Club\\vendor\\laravel\\lumen-framework\\src\\Concerns\\RoutesRequests.php(284): Laravel\\Lumen\\Application->callControllerAction(Array)
#26 C:\\laragon\\www\\API_Club\\vendor\\laravel\\lumen-framework\\src\\Concerns\\RoutesRequests.php(269): Laravel\\Lumen\\Application->callActionOnArrayBasedRoute(Array)
#27 C:\\laragon\\www\\API_Club\\vendor\\laravel\\lumen-framework\\src\\Concerns\\RoutesRequests.php(171): Laravel\\Lumen\\Application->handleFoundRoute(Array)
#28 C:\\laragon\\www\\API_Club\\vendor\\laravel\\lumen-framework\\src\\Routing\\Pipeline.php(48): Laravel\\Lumen\\Application->Laravel\\Lumen\\Concerns\\{closure}(Object(Laravel\\Lumen\\Http\\Request))
#29 C:\\laragon\\www\\API_Club\\app\\Http\\Middleware\\CorsMiddleware.php(19): Laravel\\Lumen\\Routing\\Pipeline->Laravel\\Lumen\\Routing\\{closure}(Object(Laravel\\Lumen\\Http\\Request))
#30 C:\\laragon\\www\\API_Club\\vendor\\illuminate\\pipeline\\Pipeline.php(183): App\\Http\\Middleware\\CorsMiddleware->handle(Object(Laravel\\Lumen\\Http\\Request), Object(Closure))
#31 C:\\laragon\\www\\API_Club\\vendor\\laravel\\lumen-framework\\src\\Routing\\Pipeline.php(30): Illuminate\\Pipeline\\Pipeline->Illuminate\\Pipeline\\{closure}(Object(Laravel\\Lumen\\Http\\Request))
#32 C:\\laragon\\www\\API_Club\\vendor\\illuminate\\pipeline\\Pipeline.php(119): Laravel\\Lumen\\Routing\\Pipeline->Laravel\\Lumen\\Routing\\{closure}(Object(Laravel\\Lumen\\Http\\Request))
#33 C:\\laragon\\www\\API_Club\\vendor\\laravel\\lumen-framework\\src\\Concerns\\RoutesRequests.php(428): Illuminate\\Pipeline\\Pipeline->then(Object(Closure))
#34 C:\\laragon\\www\\API_Club\\vendor\\laravel\\lumen-framework\\src\\Concerns\\RoutesRequests.php(167): Laravel\\Lumen\\Application->sendThroughPipeline(Array, Object(Closure))
#35 C:\\laragon\\www\\API_Club\\vendor\\laravel\\lumen-framework\\src\\Concerns\\RoutesRequests.php(112): Laravel\\Lumen\\Application->dispatch(NULL)
#36 C:\\laragon\\www\\API_Club\\public\\index.php(28): Laravel\\Lumen\\Application->run()
#37 {main}
"} 
[2025-11-16 15:13:27] local.ERROR: SQLSTATE[HY000]: General error: 1364 Field 'title' doesn't have a default value (Connection: mysql, SQL: insert into `notifications` (`user_id`, `type`, `message`, `updated_at`, `created_at`) values (5, comment_like, đã thích bình luận của bạn, 2025-11-16 15:13:27, 2025-11-16 15:13:27)) {"exception":"[object] (Illuminate\\Database\\QueryException(code: HY000): SQLSTATE[HY000]: General error: 1364 Field 'title' doesn't have a default value (Connection: mysql, SQL: insert into `notifications` (`user_id`, `type`, `message`, `updated_at`, `created_at`) values (5, comment_like, đã thích bình luận của bạn, 2025-11-16 15:13:27, 2025-11-16 15:13:27)) at C:\\laragon\\www\\API_Club\\vendor\\illuminate\\database\\Connection.php:829)
[stacktrace]
#0 C:\\laragon\\www\\API_Club\\vendor\\illuminate\\database\\Connection.php(783): Illuminate\\Database\\Connection->runQueryCallback('insert into `no...', Array, Object(Closure))
#1 C:\\laragon\\www\\API_Club\\vendor\\illuminate\\database\\MySqlConnection.php(34): Illuminate\\Database\\Connection->run('insert into `no...', Array, Object(Closure))
#2 C:\\laragon\\www\\API_Club\\vendor\\illuminate\\database\\Query\\Processors\\MySqlProcessor.php(35): Illuminate\\Database\\MySqlConnection->insert('insert into `no...', Array, 'id')
#3 C:\\laragon\\www\\API_Club\\vendor\\illuminate\\database\\Query\\Builder.php(3549): Illuminate\\Database\\Query\\Processors\\MySqlProcessor->processInsertGetId(Object(Illuminate\\Database\\Query\\Builder), 'insert into `no...', Array, 'id')
#4 C:\\laragon\\www\\API_Club\\vendor\\illuminate\\database\\Eloquent\\Builder.php(1982): Illuminate\\Database\\Query\\Builder->insertGetId(Array, 'id')
#5 C:\\laragon\\www\\API_Club\\vendor\\illuminate\\database\\Eloquent\\Model.php(1334): Illuminate\\Database\\Eloquent\\Builder->__call('insertGetId', Array)
#6 C:\\laragon\\www\\API_Club\\vendor\\illuminate\\database\\Eloquent\\Model.php(1299): Illuminate\\Database\\Eloquent\\Model->insertAndSetId(Object(Illuminate\\Database\\Eloquent\\Builder), Array)
#7 C:\\laragon\\www\\API_Club\\vendor\\illuminate\\database\\Eloquent\\Model.php(1138): Illuminate\\Database\\Eloquent\\Model->performInsert(Object(Illuminate\\Database\\Eloquent\\Builder))
#8 C:\\laragon\\www\\API_Club\\vendor\\illuminate\\database\\Eloquent\\Builder.php(1025): Illuminate\\Database\\Eloquent\\Model->save()
#9 C:\\laragon\\www\\API_Club\\vendor\\illuminate\\support\\helpers.php(320): Illuminate\\Database\\Eloquent\\Builder->Illuminate\\Database\\Eloquent\\{closure}(Object(App\\Models\\Notification))
#10 C:\\laragon\\www\\API_Club\\vendor\\illuminate\\database\\Eloquent\\Builder.php(1024): tap(Object(App\\Models\\Notification), Object(Closure))
#11 C:\\laragon\\www\\API_Club\\vendor\\illuminate\\support\\Traits\\ForwardsCalls.php(23): Illuminate\\Database\\Eloquent\\Builder->create(Array)
#12 C:\\laragon\\www\\API_Club\\vendor\\illuminate\\database\\Eloquent\\Model.php(2335): Illuminate\\Database\\Eloquent\\Model->forwardCallTo(Object(Illuminate\\Database\\Eloquent\\Builder), 'create', Array)
#13 C:\\laragon\\www\\API_Club\\vendor\\illuminate\\database\\Eloquent\\Model.php(2347): Illuminate\\Database\\Eloquent\\Model->__call('create', Array)
#14 C:\\laragon\\www\\API_Club\\app\\Http\\Controllers\\CommentLikeController.php(52): Illuminate\\Database\\Eloquent\\Model::__callStatic('create', Array)
#15 C:\\laragon\\www\\API_Club\\vendor\\illuminate\\container\\BoundMethod.php(36): App\\Http\\Controllers\\CommentLikeController->toggleLike(Object(Laravel\\Lumen\\Http\\Request))
#16 C:\\laragon\\www\\API_Club\\vendor\\illuminate\\container\\Util.php(41): Illuminate\\Container\\BoundMethod::Illuminate\\Container\\{closure}()
#17 C:\\laragon\\www\\API_Club\\vendor\\illuminate\\container\\BoundMethod.php(93): Illuminate\\Container\\Util::unwrapIfClosure(Object(Closure))
#18 C:\\laragon\\www\\API_Club\\vendor\\illuminate\\container\\BoundMethod.php(35): Illuminate\\Container\\BoundMethod::callBoundMethod(Object(Laravel\\Lumen\\Application), Array, Object(Closure))
#19 C:\\laragon\\www\\API_Club\\vendor\\illuminate\\container\\Container.php(662): Illuminate\\Container\\BoundMethod::call(Object(Laravel\\Lumen\\Application), Array, Array, NULL)
#20 C:\\laragon\\www\\API_Club\\vendor\\laravel\\lumen-framework\\src\\Concerns\\RoutesRequests.php(391): Illuminate\\Container\\Container->call(Array, Array)
#21 C:\\laragon\\www\\API_Club\\vendor\\laravel\\lumen-framework\\src\\Concerns\\RoutesRequests.php(356): Laravel\\Lumen\\Application->callControllerCallable(Array, Array)
#22 C:\\laragon\\www\\API_Club\\vendor\\laravel\\lumen-framework\\src\\Concerns\\RoutesRequests.php(331): Laravel\\Lumen\\Application->callLumenController(Object(App\\Http\\Controllers\\CommentLikeController), 'toggleLike', Array)
#23 C:\\laragon\\www\\API_Club\\vendor\\laravel\\lumen-framework\\src\\Concerns\\RoutesRequests.php(284): Laravel\\Lumen\\Application->callControllerAction(Array)
#24 C:\\laragon\\www\\API_Club\\vendor\\laravel\\lumen-framework\\src\\Concerns\\RoutesRequests.php(269): Laravel\\Lumen\\Application->callActionOnArrayBasedRoute(Array)
#25 C:\\laragon\\www\\API_Club\\vendor\\laravel\\lumen-framework\\src\\Concerns\\RoutesRequests.php(171): Laravel\\Lumen\\Application->handleFoundRoute(Array)
#26 C:\\laragon\\www\\API_Club\\vendor\\laravel\\lumen-framework\\src\\Routing\\Pipeline.php(48): Laravel\\Lumen\\Application->Laravel\\Lumen\\Concerns\\{closure}(Object(Laravel\\Lumen\\Http\\Request))
#27 C:\\laragon\\www\\API_Club\\app\\Http\\Middleware\\CorsMiddleware.php(19): Laravel\\Lumen\\Routing\\Pipeline->Laravel\\Lumen\\Routing\\{closure}(Object(Laravel\\Lumen\\Http\\Request))
#28 C:\\laragon\\www\\API_Club\\vendor\\illuminate\\pipeline\\Pipeline.php(183): App\\Http\\Middleware\\CorsMiddleware->handle(Object(Laravel\\Lumen\\Http\\Request), Object(Closure))
#29 C:\\laragon\\www\\API_Club\\vendor\\laravel\\lumen-framework\\src\\Routing\\Pipeline.php(30): Illuminate\\Pipeline\\Pipeline->Illuminate\\Pipeline\\{closure}(Object(Laravel\\Lumen\\Http\\Request))
#30 C:\\laragon\\www\\API_Club\\vendor\\illuminate\\pipeline\\Pipeline.php(119): Laravel\\Lumen\\Routing\\Pipeline->Laravel\\Lumen\\Routing\\{closure}(Object(Laravel\\Lumen\\Http\\Request))
#31 C:\\laragon\\www\\API_Club\\vendor\\laravel\\lumen-framework\\src\\Concerns\\RoutesRequests.php(428): Illuminate\\Pipeline\\Pipeline->then(Object(Closure))
#32 C:\\laragon\\www\\API_Club\\vendor\\laravel\\lumen-framework\\src\\Concerns\\RoutesRequests.php(167): Laravel\\Lumen\\Application->sendThroughPipeline(Array, Object(Closure))
#33 C:\\laragon\\www\\API_Club\\vendor\\laravel\\lumen-framework\\src\\Concerns\\RoutesRequests.php(112): Laravel\\Lumen\\Application->dispatch(NULL)
#34 C:\\laragon\\www\\API_Club\\public\\index.php(28): Laravel\\Lumen\\Application->run()
#35 {main}

[previous exception] [object] (PDOException(code: HY000): SQLSTATE[HY000]: General error: 1364 Field 'title' doesn't have a default value at C:\\laragon\\www\\API_Club\\vendor\\illuminate\\database\\MySqlConnection.php:45)
[stacktrace]
#0 C:\\laragon\\www\\API_Club\\vendor\\illuminate\\database\\MySqlConnection.php(45): PDOStatement->execute()
#1 C:\\laragon\\www\\API_Club\\vendor\\illuminate\\database\\Connection.php(816): Illuminate\\Database\\MySqlConnection->Illuminate\\Database\\{closure}('insert into `no...', Array)
#2 C:\\laragon\\www\\API_Club\\vendor\\illuminate\\database\\Connection.php(783): Illuminate\\Database\\Connection->runQueryCallback('insert into `no...', Array, Object(Closure))
#3 C:\\laragon\\www\\API_Club\\vendor\\illuminate\\database\\MySqlConnection.php(34): Illuminate\\Database\\Connection->run('insert into `no...', Array, Object(Closure))
#4 C:\\laragon\\www\\API_Club\\vendor\\illuminate\\database\\Query\\Processors\\MySqlProcessor.php(35): Illuminate\\Database\\MySqlConnection->insert('insert into `no...', Array, 'id')
#5 C:\\laragon\\www\\API_Club\\vendor\\illuminate\\database\\Query\\Builder.php(3549): Illuminate\\Database\\Query\\Processors\\MySqlProcessor->processInsertGetId(Object(Illuminate\\Database\\Query\\Builder), 'insert into `no...', Array, 'id')
#6 C:\\laragon\\www\\API_Club\\vendor\\illuminate\\database\\Eloquent\\Builder.php(1982): Illuminate\\Database\\Query\\Builder->insertGetId(Array, 'id')
#7 C:\\laragon\\www\\API_Club\\vendor\\illuminate\\database\\Eloquent\\Model.php(1334): Illuminate\\Database\\Eloquent\\Builder->__call('insertGetId', Array)
#8 C:\\laragon\\www\\API_Club\\vendor\\illuminate\\database\\Eloquent\\Model.php(1299): Illuminate\\Database\\Eloquent\\Model->insertAndSetId(Object(Illuminate\\Database\\Eloquent\\Builder), Array)
#9 C:\\laragon\\www\\API_Club\\vendor\\illuminate\\database\\Eloquent\\Model.php(1138): Illuminate\\Database\\Eloquent\\Model->performInsert(Object(Illuminate\\Database\\Eloquent\\Builder))
#10 C:\\laragon\\www\\API_Club\\vendor\\illuminate\\database\\Eloquent\\Builder.php(1025): Illuminate\\Database\\Eloquent\\Model->save()
#11 C:\\laragon\\www\\API_Club\\vendor\\illuminate\\support\\helpers.php(320): Illuminate\\Database\\Eloquent\\Builder->Illuminate\\Database\\Eloquent\\{closure}(Object(App\\Models\\Notification))
#12 C:\\laragon\\www\\API_Club\\vendor\\illuminate\\database\\Eloquent\\Builder.php(1024): tap(Object(App\\Models\\Notification), Object(Closure))
#13 C:\\laragon\\www\\API_Club\\vendor\\illuminate\\support\\Traits\\ForwardsCalls.php(23): Illuminate\\Database\\Eloquent\\Builder->create(Array)
#14 C:\\laragon\\www\\API_Club\\vendor\\illuminate\\database\\Eloquent\\Model.php(2335): Illuminate\\Database\\Eloquent\\Model->forwardCallTo(Object(Illuminate\\Database\\Eloquent\\Builder), 'create', Array)
#15 C:\\laragon\\www\\API_Club\\vendor\\illuminate\\database\\Eloquent\\Model.php(2347): Illuminate\\Database\\Eloquent\\Model->__call('create', Array)
#16 C:\\laragon\\www\\API_Club\\app\\Http\\Controllers\\CommentLikeController.php(52): Illuminate\\Database\\Eloquent\\Model::__callStatic('create', Array)
#17 C:\\laragon\\www\\API_Club\\vendor\\illuminate\\container\\BoundMethod.php(36): App\\Http\\Controllers\\CommentLikeController->toggleLike(Object(Laravel\\Lumen\\Http\\Request))
#18 C:\\laragon\\www\\API_Club\\vendor\\illuminate\\container\\Util.php(41): Illuminate\\Container\\BoundMethod::Illuminate\\Container\\{closure}()
#19 C:\\laragon\\www\\API_Club\\vendor\\illuminate\\container\\BoundMethod.php(93): Illuminate\\Container\\Util::unwrapIfClosure(Object(Closure))
#20 C:\\laragon\\www\\API_Club\\vendor\\illuminate\\container\\BoundMethod.php(35): Illuminate\\Container\\BoundMethod::callBoundMethod(Object(Laravel\\Lumen\\Application), Array, Object(Closure))
#21 C:\\laragon\\www\\API_Club\\vendor\\illuminate\\container\\Container.php(662): Illuminate\\Container\\BoundMethod::call(Object(Laravel\\Lumen\\Application), Array, Array, NULL)
#22 C:\\laragon\\www\\API_Club\\vendor\\laravel\\lumen-framework\\src\\Concerns\\RoutesRequests.php(391): Illuminate\\Container\\Container->call(Array, Array)
#23 C:\\laragon\\www\\API_Club\\vendor\\laravel\\lumen-framework\\src\\Concerns\\RoutesRequests.php(356): Laravel\\Lumen\\Application->callControllerCallable(Array, Array)
#24 C:\\laragon\\www\\API_Club\\vendor\\laravel\\lumen-framework\\src\\Concerns\\RoutesRequests.php(331): Laravel\\Lumen\\Application->callLumenController(Object(App\\Http\\Controllers\\CommentLikeController), 'toggleLike', Array)
#25 C:\\laragon\\www\\API_Club\\vendor\\laravel\\lumen-framework\\src\\Concerns\\RoutesRequests.php(284): Laravel\\Lumen\\Application->callControllerAction(Array)
#26 C:\\laragon\\www\\API_Club\\vendor\\laravel\\lumen-framework\\src\\Concerns\\RoutesRequests.php(269): Laravel\\Lumen\\Application->callActionOnArrayBasedRoute(Array)
#27 C:\\laragon\\www\\API_Club\\vendor\\laravel\\lumen-framework\\src\\Concerns\\RoutesRequests.php(171): Laravel\\Lumen\\Application->handleFoundRoute(Array)
#28 C:\\laragon\\www\\API_Club\\vendor\\laravel\\lumen-framework\\src\\Routing\\Pipeline.php(48): Laravel\\Lumen\\Application->Laravel\\Lumen\\Concerns\\{closure}(Object(Laravel\\Lumen\\Http\\Request))
#29 C:\\laragon\\www\\API_Club\\app\\Http\\Middleware\\CorsMiddleware.php(19): Laravel\\Lumen\\Routing\\Pipeline->Laravel\\Lumen\\Routing\\{closure}(Object(Laravel\\Lumen\\Http\\Request))
#30 C:\\laragon\\www\\API_Club\\vendor\\illuminate\\pipeline\\Pipeline.php(183): App\\Http\\Middleware\\CorsMiddleware->handle(Object(Laravel\\Lumen\\Http\\Request), Object(Closure))
#31 C:\\laragon\\www\\API_Club\\vendor\\laravel\\lumen-framework\\src\\Routing\\Pipeline.php(30): Illuminate\\Pipeline\\Pipeline->Illuminate\\Pipeline\\{closure}(Object(Laravel\\Lumen\\Http\\Request))
#32 C:\\laragon\\www\\API_Club\\vendor\\illuminate\\pipeline\\Pipeline.php(119): Laravel\\Lumen\\Routing\\Pipeline->Laravel\\Lumen\\Routing\\{closure}(Object(Laravel\\Lumen\\Http\\Request))
#33 C:\\laragon\\www\\API_Club\\vendor\\laravel\\lumen-framework\\src\\Concerns\\RoutesRequests.php(428): Illuminate\\Pipeline\\Pipeline->then(Object(Closure))
#34 C:\\laragon\\www\\API_Club\\vendor\\laravel\\lumen-framework\\src\\Concerns\\RoutesRequests.php(167): Laravel\\Lumen\\Application->sendThroughPipeline(Array, Object(Closure))
#35 C:\\laragon\\www\\API_Club\\vendor\\laravel\\lumen-framework\\src\\Concerns\\RoutesRequests.php(112): Laravel\\Lumen\\Application->dispatch(NULL)
#36 C:\\laragon\\www\\API_Club\\public\\index.php(28): Laravel\\Lumen\\Application->run()
#37 {main}
"} 
[2025-11-16 15:16:28] local.ERROR: SQLSTATE[HY000]: General error: 1364 Field 'title' doesn't have a default value (Connection: mysql, SQL: insert into `notifications` (`user_id`, `type`, `message`, `updated_at`, `created_at`) values (5, comment_like, đã thích bình luận của bạn, 2025-11-16 15:16:28, 2025-11-16 15:16:28)) {"exception":"[object] (Illuminate\\Database\\QueryException(code: HY000): SQLSTATE[HY000]: General error: 1364 Field 'title' doesn't have a default value (Connection: mysql, SQL: insert into `notifications` (`user_id`, `type`, `message`, `updated_at`, `created_at`) values (5, comment_like, đã thích bình luận của bạn, 2025-11-16 15:16:28, 2025-11-16 15:16:28)) at C:\\laragon\\www\\API_Club\\vendor\\illuminate\\database\\Connection.php:829)
[stacktrace]
#0 C:\\laragon\\www\\API_Club\\vendor\\illuminate\\database\\Connection.php(783): Illuminate\\Database\\Connection->runQueryCallback('insert into `no...', Array, Object(Closure))
#1 C:\\laragon\\www\\API_Club\\vendor\\illuminate\\database\\MySqlConnection.php(34): Illuminate\\Database\\Connection->run('insert into `no...', Array, Object(Closure))
#2 C:\\laragon\\www\\API_Club\\vendor\\illuminate\\database\\Query\\Processors\\MySqlProcessor.php(35): Illuminate\\Database\\MySqlConnection->insert('insert into `no...', Array, 'id')
#3 C:\\laragon\\www\\API_Club\\vendor\\illuminate\\database\\Query\\Builder.php(3549): Illuminate\\Database\\Query\\Processors\\MySqlProcessor->processInsertGetId(Object(Illuminate\\Database\\Query\\Builder), 'insert into `no...', Array, 'id')
#4 C:\\laragon\\www\\API_Club\\vendor\\illuminate\\database\\Eloquent\\Builder.php(1982): Illuminate\\Database\\Query\\Builder->insertGetId(Array, 'id')
#5 C:\\laragon\\www\\API_Club\\vendor\\illuminate\\database\\Eloquent\\Model.php(1334): Illuminate\\Database\\Eloquent\\Builder->__call('insertGetId', Array)
#6 C:\\laragon\\www\\API_Club\\vendor\\illuminate\\database\\Eloquent\\Model.php(1299): Illuminate\\Database\\Eloquent\\Model->insertAndSetId(Object(Illuminate\\Database\\Eloquent\\Builder), Array)
#7 C:\\laragon\\www\\API_Club\\vendor\\illuminate\\database\\Eloquent\\Model.php(1138): Illuminate\\Database\\Eloquent\\Model->performInsert(Object(Illuminate\\Database\\Eloquent\\Builder))
#8 C:\\laragon\\www\\API_Club\\vendor\\illuminate\\database\\Eloquent\\Builder.php(1025): Illuminate\\Database\\Eloquent\\Model->save()
#9 C:\\laragon\\www\\API_Club\\vendor\\illuminate\\support\\helpers.php(320): Illuminate\\Database\\Eloquent\\Builder->Illuminate\\Database\\Eloquent\\{closure}(Object(App\\Models\\Notification))
#10 C:\\laragon\\www\\API_Club\\vendor\\illuminate\\database\\Eloquent\\Builder.php(1024): tap(Object(App\\Models\\Notification), Object(Closure))
#11 C:\\laragon\\www\\API_Club\\vendor\\illuminate\\support\\Traits\\ForwardsCalls.php(23): Illuminate\\Database\\Eloquent\\Builder->create(Array)
#12 C:\\laragon\\www\\API_Club\\vendor\\illuminate\\database\\Eloquent\\Model.php(2335): Illuminate\\Database\\Eloquent\\Model->forwardCallTo(Object(Illuminate\\Database\\Eloquent\\Builder), 'create', Array)
#13 C:\\laragon\\www\\API_Club\\vendor\\illuminate\\database\\Eloquent\\Model.php(2347): Illuminate\\Database\\Eloquent\\Model->__call('create', Array)
#14 C:\\laragon\\www\\API_Club\\app\\Http\\Controllers\\CommentLikeController.php(52): Illuminate\\Database\\Eloquent\\Model::__callStatic('create', Array)
#15 C:\\laragon\\www\\API_Club\\vendor\\illuminate\\container\\BoundMethod.php(36): App\\Http\\Controllers\\CommentLikeController->toggleLike(Object(Laravel\\Lumen\\Http\\Request))
#16 C:\\laragon\\www\\API_Club\\vendor\\illuminate\\container\\Util.php(41): Illuminate\\Container\\BoundMethod::Illuminate\\Container\\{closure}()
#17 C:\\laragon\\www\\API_Club\\vendor\\illuminate\\container\\BoundMethod.php(93): Illuminate\\Container\\Util::unwrapIfClosure(Object(Closure))
#18 C:\\laragon\\www\\API_Club\\vendor\\illuminate\\container\\BoundMethod.php(35): Illuminate\\Container\\BoundMethod::callBoundMethod(Object(Laravel\\Lumen\\Application), Array, Object(Closure))
#19 C:\\laragon\\www\\API_Club\\vendor\\illuminate\\container\\Container.php(662): Illuminate\\Container\\BoundMethod::call(Object(Laravel\\Lumen\\Application), Array, Array, NULL)
#20 C:\\laragon\\www\\API_Club\\vendor\\laravel\\lumen-framework\\src\\Concerns\\RoutesRequests.php(391): Illuminate\\Container\\Container->call(Array, Array)
#21 C:\\laragon\\www\\API_Club\\vendor\\laravel\\lumen-framework\\src\\Concerns\\RoutesRequests.php(356): Laravel\\Lumen\\Application->callControllerCallable(Array, Array)
#22 C:\\laragon\\www\\API_Club\\vendor\\laravel\\lumen-framework\\src\\Concerns\\RoutesRequests.php(331): Laravel\\Lumen\\Application->callLumenController(Object(App\\Http\\Controllers\\CommentLikeController), 'toggleLike', Array)
#23 C:\\laragon\\www\\API_Club\\vendor\\laravel\\lumen-framework\\src\\Concerns\\RoutesRequests.php(284): Laravel\\Lumen\\Application->callControllerAction(Array)
#24 C:\\laragon\\www\\API_Club\\vendor\\laravel\\lumen-framework\\src\\Concerns\\RoutesRequests.php(269): Laravel\\Lumen\\Application->callActionOnArrayBasedRoute(Array)
#25 C:\\laragon\\www\\API_Club\\vendor\\laravel\\lumen-framework\\src\\Concerns\\RoutesRequests.php(171): Laravel\\Lumen\\Application->handleFoundRoute(Array)
#26 C:\\laragon\\www\\API_Club\\vendor\\laravel\\lumen-framework\\src\\Routing\\Pipeline.php(48): Laravel\\Lumen\\Application->Laravel\\Lumen\\Concerns\\{closure}(Object(Laravel\\Lumen\\Http\\Request))
#27 C:\\laragon\\www\\API_Club\\app\\Http\\Middleware\\CorsMiddleware.php(19): Laravel\\Lumen\\Routing\\Pipeline->Laravel\\Lumen\\Routing\\{closure}(Object(Laravel\\Lumen\\Http\\Request))
#28 C:\\laragon\\www\\API_Club\\vendor\\illuminate\\pipeline\\Pipeline.php(183): App\\Http\\Middleware\\CorsMiddleware->handle(Object(Laravel\\Lumen\\Http\\Request), Object(Closure))
#29 C:\\laragon\\www\\API_Club\\vendor\\laravel\\lumen-framework\\src\\Routing\\Pipeline.php(30): Illuminate\\Pipeline\\Pipeline->Illuminate\\Pipeline\\{closure}(Object(Laravel\\Lumen\\Http\\Request))
#30 C:\\laragon\\www\\API_Club\\vendor\\illuminate\\pipeline\\Pipeline.php(119): Laravel\\Lumen\\Routing\\Pipeline->Laravel\\Lumen\\Routing\\{closure}(Object(Laravel\\Lumen\\Http\\Request))
#31 C:\\laragon\\www\\API_Club\\vendor\\laravel\\lumen-framework\\src\\Concerns\\RoutesRequests.php(428): Illuminate\\Pipeline\\Pipeline->then(Object(Closure))
#32 C:\\laragon\\www\\API_Club\\vendor\\laravel\\lumen-framework\\src\\Concerns\\RoutesRequests.php(167): Laravel\\Lumen\\Application->sendThroughPipeline(Array, Object(Closure))
#33 C:\\laragon\\www\\API_Club\\vendor\\laravel\\lumen-framework\\src\\Concerns\\RoutesRequests.php(112): Laravel\\Lumen\\Application->dispatch(NULL)
#34 C:\\laragon\\www\\API_Club\\public\\index.php(28): Laravel\\Lumen\\Application->run()
#35 {main}

[previous exception] [object] (PDOException(code: HY000): SQLSTATE[HY000]: General error: 1364 Field 'title' doesn't have a default value at C:\\laragon\\www\\API_Club\\vendor\\illuminate\\database\\MySqlConnection.php:45)
[stacktrace]
#0 C:\\laragon\\www\\API_Club\\vendor\\illuminate\\database\\MySqlConnection.php(45): PDOStatement->execute()
#1 C:\\laragon\\www\\API_Club\\vendor\\illuminate\\database\\Connection.php(816): Illuminate\\Database\\MySqlConnection->Illuminate\\Database\\{closure}('insert into `no...', Array)
#2 C:\\laragon\\www\\API_Club\\vendor\\illuminate\\database\\Connection.php(783): Illuminate\\Database\\Connection->runQueryCallback('insert into `no...', Array, Object(Closure))
#3 C:\\laragon\\www\\API_Club\\vendor\\illuminate\\database\\MySqlConnection.php(34): Illuminate\\Database\\Connection->run('insert into `no...', Array, Object(Closure))
#4 C:\\laragon\\www\\API_Club\\vendor\\illuminate\\database\\Query\\Processors\\MySqlProcessor.php(35): Illuminate\\Database\\MySqlConnection->insert('insert into `no...', Array, 'id')
#5 C:\\laragon\\www\\API_Club\\vendor\\illuminate\\database\\Query\\Builder.php(3549): Illuminate\\Database\\Query\\Processors\\MySqlProcessor->processInsertGetId(Object(Illuminate\\Database\\Query\\Builder), 'insert into `no...', Array, 'id')
#6 C:\\laragon\\www\\API_Club\\vendor\\illuminate\\database\\Eloquent\\Builder.php(1982): Illuminate\\Database\\Query\\Builder->insertGetId(Array, 'id')
#7 C:\\laragon\\www\\API_Club\\vendor\\illuminate\\database\\Eloquent\\Model.php(1334): Illuminate\\Database\\Eloquent\\Builder->__call('insertGetId', Array)
#8 C:\\laragon\\www\\API_Club\\vendor\\illuminate\\database\\Eloquent\\Model.php(1299): Illuminate\\Database\\Eloquent\\Model->insertAndSetId(Object(Illuminate\\Database\\Eloquent\\Builder), Array)
#9 C:\\laragon\\www\\API_Club\\vendor\\illuminate\\database\\Eloquent\\Model.php(1138): Illuminate\\Database\\Eloquent\\Model->performInsert(Object(Illuminate\\Database\\Eloquent\\Builder))
#10 C:\\laragon\\www\\API_Club\\vendor\\illuminate\\database\\Eloquent\\Builder.php(1025): Illuminate\\Database\\Eloquent\\Model->save()
#11 C:\\laragon\\www\\API_Club\\vendor\\illuminate\\support\\helpers.php(320): Illuminate\\Database\\Eloquent\\Builder->Illuminate\\Database\\Eloquent\\{closure}(Object(App\\Models\\Notification))
#12 C:\\laragon\\www\\API_Club\\vendor\\illuminate\\database\\Eloquent\\Builder.php(1024): tap(Object(App\\Models\\Notification), Object(Closure))
#13 C:\\laragon\\www\\API_Club\\vendor\\illuminate\\support\\Traits\\ForwardsCalls.php(23): Illuminate\\Database\\Eloquent\\Builder->create(Array)
#14 C:\\laragon\\www\\API_Club\\vendor\\illuminate\\database\\Eloquent\\Model.php(2335): Illuminate\\Database\\Eloquent\\Model->forwardCallTo(Object(Illuminate\\Database\\Eloquent\\Builder), 'create', Array)
#15 C:\\laragon\\www\\API_Club\\vendor\\illuminate\\database\\Eloquent\\Model.php(2347): Illuminate\\Database\\Eloquent\\Model->__call('create', Array)
#16 C:\\laragon\\www\\API_Club\\app\\Http\\Controllers\\CommentLikeController.php(52): Illuminate\\Database\\Eloquent\\Model::__callStatic('create', Array)
#17 C:\\laragon\\www\\API_Club\\vendor\\illuminate\\container\\BoundMethod.php(36): App\\Http\\Controllers\\CommentLikeController->toggleLike(Object(Laravel\\Lumen\\Http\\Request))
#18 C:\\laragon\\www\\API_Club\\vendor\\illuminate\\container\\Util.php(41): Illuminate\\Container\\BoundMethod::Illuminate\\Container\\{closure}()
#19 C:\\laragon\\www\\API_Club\\vendor\\illuminate\\container\\BoundMethod.php(93): Illuminate\\Container\\Util::unwrapIfClosure(Object(Closure))
#20 C:\\laragon\\www\\API_Club\\vendor\\illuminate\\container\\BoundMethod.php(35): Illuminate\\Container\\BoundMethod::callBoundMethod(Object(Laravel\\Lumen\\Application), Array, Object(Closure))
#21 C:\\laragon\\www\\API_Club\\vendor\\illuminate\\container\\Container.php(662): Illuminate\\Container\\BoundMethod::call(Object(Laravel\\Lumen\\Application), Array, Array, NULL)
#22 C:\\laragon\\www\\API_Club\\vendor\\laravel\\lumen-framework\\src\\Concerns\\RoutesRequests.php(391): Illuminate\\Container\\Container->call(Array, Array)
#23 C:\\laragon\\www\\API_Club\\vendor\\laravel\\lumen-framework\\src\\Concerns\\RoutesRequests.php(356): Laravel\\Lumen\\Application->callControllerCallable(Array, Array)
#24 C:\\laragon\\www\\API_Club\\vendor\\laravel\\lumen-framework\\src\\Concerns\\RoutesRequests.php(331): Laravel\\Lumen\\Application->callLumenController(Object(App\\Http\\Controllers\\CommentLikeController), 'toggleLike', Array)
#25 C:\\laragon\\www\\API_Club\\vendor\\laravel\\lumen-framework\\src\\Concerns\\RoutesRequests.php(284): Laravel\\Lumen\\Application->callControllerAction(Array)
#26 C:\\laragon\\www\\API_Club\\vendor\\laravel\\lumen-framework\\src\\Concerns\\RoutesRequests.php(269): Laravel\\Lumen\\Application->callActionOnArrayBasedRoute(Array)
#27 C:\\laragon\\www\\API_Club\\vendor\\laravel\\lumen-framework\\src\\Concerns\\RoutesRequests.php(171): Laravel\\Lumen\\Application->handleFoundRoute(Array)
#28 C:\\laragon\\www\\API_Club\\vendor\\laravel\\lumen-framework\\src\\Routing\\Pipeline.php(48): Laravel\\Lumen\\Application->Laravel\\Lumen\\Concerns\\{closure}(Object(Laravel\\Lumen\\Http\\Request))
#29 C:\\laragon\\www\\API_Club\\app\\Http\\Middleware\\CorsMiddleware.php(19): Laravel\\Lumen\\Routing\\Pipeline->Laravel\\Lumen\\Routing\\{closure}(Object(Laravel\\Lumen\\Http\\Request))
#30 C:\\laragon\\www\\API_Club\\vendor\\illuminate\\pipeline\\Pipeline.php(183): App\\Http\\Middleware\\CorsMiddleware->handle(Object(Laravel\\Lumen\\Http\\Request), Object(Closure))
#31 C:\\laragon\\www\\API_Club\\vendor\\laravel\\lumen-framework\\src\\Routing\\Pipeline.php(30): Illuminate\\Pipeline\\Pipeline->Illuminate\\Pipeline\\{closure}(Object(Laravel\\Lumen\\Http\\Request))
#32 C:\\laragon\\www\\API_Club\\vendor\\illuminate\\pipeline\\Pipeline.php(119): Laravel\\Lumen\\Routing\\Pipeline->Laravel\\Lumen\\Routing\\{closure}(Object(Laravel\\Lumen\\Http\\Request))
#33 C:\\laragon\\www\\API_Club\\vendor\\laravel\\lumen-framework\\src\\Concerns\\RoutesRequests.php(428): Illuminate\\Pipeline\\Pipeline->then(Object(Closure))
#34 C:\\laragon\\www\\API_Club\\vendor\\laravel\\lumen-framework\\src\\Concerns\\RoutesRequests.php(167): Laravel\\Lumen\\Application->sendThroughPipeline(Array, Object(Closure))
#35 C:\\laragon\\www\\API_Club\\vendor\\laravel\\lumen-framework\\src\\Concerns\\RoutesRequests.php(112): Laravel\\Lumen\\Application->dispatch(NULL)
#36 C:\\laragon\\www\\API_Club\\public\\index.php(28): Laravel\\Lumen\\Application->run()
#37 {main}
"} 
[2025-11-16 15:16:40] local.ERROR: SQLSTATE[HY000]: General error: 1364 Field 'title' doesn't have a default value (Connection: mysql, SQL: insert into `notifications` (`user_id`, `type`, `message`, `updated_at`, `created_at`) values (5, comment_like, đã thích bình luận của bạn, 2025-11-16 15:16:40, 2025-11-16 15:16:40)) {"exception":"[object] (Illuminate\\Database\\QueryException(code: HY000): SQLSTATE[HY000]: General error: 1364 Field 'title' doesn't have a default value (Connection: mysql, SQL: insert into `notifications` (`user_id`, `type`, `message`, `updated_at`, `created_at`) values (5, comment_like, đã thích bình luận của bạn, 2025-11-16 15:16:40, 2025-11-16 15:16:40)) at C:\\laragon\\www\\API_Club\\vendor\\illuminate\\database\\Connection.php:829)
[stacktrace]
#0 C:\\laragon\\www\\API_Club\\vendor\\illuminate\\database\\Connection.php(783): Illuminate\\Database\\Connection->runQueryCallback('insert into `no...', Array, Object(Closure))
#1 C:\\laragon\\www\\API_Club\\vendor\\illuminate\\database\\MySqlConnection.php(34): Illuminate\\Database\\Connection->run('insert into `no...', Array, Object(Closure))
#2 C:\\laragon\\www\\API_Club\\vendor\\illuminate\\database\\Query\\Processors\\MySqlProcessor.php(35): Illuminate\\Database\\MySqlConnection->insert('insert into `no...', Array, 'id')
#3 C:\\laragon\\www\\API_Club\\vendor\\illuminate\\database\\Query\\Builder.php(3549): Illuminate\\Database\\Query\\Processors\\MySqlProcessor->processInsertGetId(Object(Illuminate\\Database\\Query\\Builder), 'insert into `no...', Array, 'id')
#4 C:\\laragon\\www\\API_Club\\vendor\\illuminate\\database\\Eloquent\\Builder.php(1982): Illuminate\\Database\\Query\\Builder->insertGetId(Array, 'id')
#5 C:\\laragon\\www\\API_Club\\vendor\\illuminate\\database\\Eloquent\\Model.php(1334): Illuminate\\Database\\Eloquent\\Builder->__call('insertGetId', Array)
#6 C:\\laragon\\www\\API_Club\\vendor\\illuminate\\database\\Eloquent\\Model.php(1299): Illuminate\\Database\\Eloquent\\Model->insertAndSetId(Object(Illuminate\\Database\\Eloquent\\Builder), Array)
#7 C:\\laragon\\www\\API_Club\\vendor\\illuminate\\database\\Eloquent\\Model.php(1138): Illuminate\\Database\\Eloquent\\Model->performInsert(Object(Illuminate\\Database\\Eloquent\\Builder))
#8 C:\\laragon\\www\\API_Club\\vendor\\illuminate\\database\\Eloquent\\Builder.php(1025): Illuminate\\Database\\Eloquent\\Model->save()
#9 C:\\laragon\\www\\API_Club\\vendor\\illuminate\\support\\helpers.php(320): Illuminate\\Database\\Eloquent\\Builder->Illuminate\\Database\\Eloquent\\{closure}(Object(App\\Models\\Notification))
#10 C:\\laragon\\www\\API_Club\\vendor\\illuminate\\database\\Eloquent\\Builder.php(1024): tap(Object(App\\Models\\Notification), Object(Closure))
#11 C:\\laragon\\www\\API_Club\\vendor\\illuminate\\support\\Traits\\ForwardsCalls.php(23): Illuminate\\Database\\Eloquent\\Builder->create(Array)
#12 C:\\laragon\\www\\API_Club\\vendor\\illuminate\\database\\Eloquent\\Model.php(2335): Illuminate\\Database\\Eloquent\\Model->forwardCallTo(Object(Illuminate\\Database\\Eloquent\\Builder), 'create', Array)
#13 C:\\laragon\\www\\API_Club\\vendor\\illuminate\\database\\Eloquent\\Model.php(2347): Illuminate\\Database\\Eloquent\\Model->__call('create', Array)
#14 C:\\laragon\\www\\API_Club\\app\\Http\\Controllers\\CommentLikeController.php(52): Illuminate\\Database\\Eloquent\\Model::__callStatic('create', Array)
#15 C:\\laragon\\www\\API_Club\\vendor\\illuminate\\container\\BoundMethod.php(36): App\\Http\\Controllers\\CommentLikeController->toggleLike(Object(Laravel\\Lumen\\Http\\Request))
#16 C:\\laragon\\www\\API_Club\\vendor\\illuminate\\container\\Util.php(41): Illuminate\\Container\\BoundMethod::Illuminate\\Container\\{closure}()
#17 C:\\laragon\\www\\API_Club\\vendor\\illuminate\\container\\BoundMethod.php(93): Illuminate\\Container\\Util::unwrapIfClosure(Object(Closure))
#18 C:\\laragon\\www\\API_Club\\vendor\\illuminate\\container\\BoundMethod.php(35): Illuminate\\Container\\BoundMethod::callBoundMethod(Object(Laravel\\Lumen\\Application), Array, Object(Closure))
#19 C:\\laragon\\www\\API_Club\\vendor\\illuminate\\container\\Container.php(662): Illuminate\\Container\\BoundMethod::call(Object(Laravel\\Lumen\\Application), Array, Array, NULL)
#20 C:\\laragon\\www\\API_Club\\vendor\\laravel\\lumen-framework\\src\\Concerns\\RoutesRequests.php(391): Illuminate\\Container\\Container->call(Array, Array)
#21 C:\\laragon\\www\\API_Club\\vendor\\laravel\\lumen-framework\\src\\Concerns\\RoutesRequests.php(356): Laravel\\Lumen\\Application->callControllerCallable(Array, Array)
#22 C:\\laragon\\www\\API_Club\\vendor\\laravel\\lumen-framework\\src\\Concerns\\RoutesRequests.php(331): Laravel\\Lumen\\Application->callLumenController(Object(App\\Http\\Controllers\\CommentLikeController), 'toggleLike', Array)
#23 C:\\laragon\\www\\API_Club\\vendor\\laravel\\lumen-framework\\src\\Concerns\\RoutesRequests.php(284): Laravel\\Lumen\\Application->callControllerAction(Array)
#24 C:\\laragon\\www\\API_Club\\vendor\\laravel\\lumen-framework\\src\\Concerns\\RoutesRequests.php(269): Laravel\\Lumen\\Application->callActionOnArrayBasedRoute(Array)
#25 C:\\laragon\\www\\API_Club\\vendor\\laravel\\lumen-framework\\src\\Concerns\\RoutesRequests.php(171): Laravel\\Lumen\\Application->handleFoundRoute(Array)
#26 C:\\laragon\\www\\API_Club\\vendor\\laravel\\lumen-framework\\src\\Routing\\Pipeline.php(48): Laravel\\Lumen\\Application->Laravel\\Lumen\\Concerns\\{closure}(Object(Laravel\\Lumen\\Http\\Request))
#27 C:\\laragon\\www\\API_Club\\app\\Http\\Middleware\\CorsMiddleware.php(19): Laravel\\Lumen\\Routing\\Pipeline->Laravel\\Lumen\\Routing\\{closure}(Object(Laravel\\Lumen\\Http\\Request))
#28 C:\\laragon\\www\\API_Club\\vendor\\illuminate\\pipeline\\Pipeline.php(183): App\\Http\\Middleware\\CorsMiddleware->handle(Object(Laravel\\Lumen\\Http\\Request), Object(Closure))
#29 C:\\laragon\\www\\API_Club\\vendor\\laravel\\lumen-framework\\src\\Routing\\Pipeline.php(30): Illuminate\\Pipeline\\Pipeline->Illuminate\\Pipeline\\{closure}(Object(Laravel\\Lumen\\Http\\Request))
#30 C:\\laragon\\www\\API_Club\\vendor\\illuminate\\pipeline\\Pipeline.php(119): Laravel\\Lumen\\Routing\\Pipeline->Laravel\\Lumen\\Routing\\{closure}(Object(Laravel\\Lumen\\Http\\Request))
#31 C:\\laragon\\www\\API_Club\\vendor\\laravel\\lumen-framework\\src\\Concerns\\RoutesRequests.php(428): Illuminate\\Pipeline\\Pipeline->then(Object(Closure))
#32 C:\\laragon\\www\\API_Club\\vendor\\laravel\\lumen-framework\\src\\Concerns\\RoutesRequests.php(167): Laravel\\Lumen\\Application->sendThroughPipeline(Array, Object(Closure))
#33 C:\\laragon\\www\\API_Club\\vendor\\laravel\\lumen-framework\\src\\Concerns\\RoutesRequests.php(112): Laravel\\Lumen\\Application->dispatch(NULL)
#34 C:\\laragon\\www\\API_Club\\public\\index.php(28): Laravel\\Lumen\\Application->run()
#35 {main}

[previous exception] [object] (PDOException(code: HY000): SQLSTATE[HY000]: General error: 1364 Field 'title' doesn't have a default value at C:\\laragon\\www\\API_Club\\vendor\\illuminate\\database\\MySqlConnection.php:45)
[stacktrace]
#0 C:\\laragon\\www\\API_Club\\vendor\\illuminate\\database\\MySqlConnection.php(45): PDOStatement->execute()
#1 C:\\laragon\\www\\API_Club\\vendor\\illuminate\\database\\Connection.php(816): Illuminate\\Database\\MySqlConnection->Illuminate\\Database\\{closure}('insert into `no...', Array)
#2 C:\\laragon\\www\\API_Club\\vendor\\illuminate\\database\\Connection.php(783): Illuminate\\Database\\Connection->runQueryCallback('insert into `no...', Array, Object(Closure))
#3 C:\\laragon\\www\\API_Club\\vendor\\illuminate\\database\\MySqlConnection.php(34): Illuminate\\Database\\Connection->run('insert into `no...', Array, Object(Closure))
#4 C:\\laragon\\www\\API_Club\\vendor\\illuminate\\database\\Query\\Processors\\MySqlProcessor.php(35): Illuminate\\Database\\MySqlConnection->insert('insert into `no...', Array, 'id')
#5 C:\\laragon\\www\\API_Club\\vendor\\illuminate\\database\\Query\\Builder.php(3549): Illuminate\\Database\\Query\\Processors\\MySqlProcessor->processInsertGetId(Object(Illuminate\\Database\\Query\\Builder), 'insert into `no...', Array, 'id')
#6 C:\\laragon\\www\\API_Club\\vendor\\illuminate\\database\\Eloquent\\Builder.php(1982): Illuminate\\Database\\Query\\Builder->insertGetId(Array, 'id')
#7 C:\\laragon\\www\\API_Club\\vendor\\illuminate\\database\\Eloquent\\Model.php(1334): Illuminate\\Database\\Eloquent\\Builder->__call('insertGetId', Array)
#8 C:\\laragon\\www\\API_Club\\vendor\\illuminate\\database\\Eloquent\\Model.php(1299): Illuminate\\Database\\Eloquent\\Model->insertAndSetId(Object(Illuminate\\Database\\Eloquent\\Builder), Array)
#9 C:\\laragon\\www\\API_Club\\vendor\\illuminate\\database\\Eloquent\\Model.php(1138): Illuminate\\Database\\Eloquent\\Model->performInsert(Object(Illuminate\\Database\\Eloquent\\Builder))
#10 C:\\laragon\\www\\API_Club\\vendor\\illuminate\\database\\Eloquent\\Builder.php(1025): Illuminate\\Database\\Eloquent\\Model->save()
#11 C:\\laragon\\www\\API_Club\\vendor\\illuminate\\support\\helpers.php(320): Illuminate\\Database\\Eloquent\\Builder->Illuminate\\Database\\Eloquent\\{closure}(Object(App\\Models\\Notification))
#12 C:\\laragon\\www\\API_Club\\vendor\\illuminate\\database\\Eloquent\\Builder.php(1024): tap(Object(App\\Models\\Notification), Object(Closure))
#13 C:\\laragon\\www\\API_Club\\vendor\\illuminate\\support\\Traits\\ForwardsCalls.php(23): Illuminate\\Database\\Eloquent\\Builder->create(Array)
#14 C:\\laragon\\www\\API_Club\\vendor\\illuminate\\database\\Eloquent\\Model.php(2335): Illuminate\\Database\\Eloquent\\Model->forwardCallTo(Object(Illuminate\\Database\\Eloquent\\Builder), 'create', Array)
#15 C:\\laragon\\www\\API_Club\\vendor\\illuminate\\database\\Eloquent\\Model.php(2347): Illuminate\\Database\\Eloquent\\Model->__call('create', Array)
#16 C:\\laragon\\www\\API_Club\\app\\Http\\Controllers\\CommentLikeController.php(52): Illuminate\\Database\\Eloquent\\Model::__callStatic('create', Array)
#17 C:\\laragon\\www\\API_Club\\vendor\\illuminate\\container\\BoundMethod.php(36): App\\Http\\Controllers\\CommentLikeController->toggleLike(Object(Laravel\\Lumen\\Http\\Request))
#18 C:\\laragon\\www\\API_Club\\vendor\\illuminate\\container\\Util.php(41): Illuminate\\Container\\BoundMethod::Illuminate\\Container\\{closure}()
#19 C:\\laragon\\www\\API_Club\\vendor\\illuminate\\container\\BoundMethod.php(93): Illuminate\\Container\\Util::unwrapIfClosure(Object(Closure))
#20 C:\\laragon\\www\\API_Club\\vendor\\illuminate\\container\\BoundMethod.php(35): Illuminate\\Container\\BoundMethod::callBoundMethod(Object(Laravel\\Lumen\\Application), Array, Object(Closure))
#21 C:\\laragon\\www\\API_Club\\vendor\\illuminate\\container\\Container.php(662): Illuminate\\Container\\BoundMethod::call(Object(Laravel\\Lumen\\Application), Array, Array, NULL)
#22 C:\\laragon\\www\\API_Club\\vendor\\laravel\\lumen-framework\\src\\Concerns\\RoutesRequests.php(391): Illuminate\\Container\\Container->call(Array, Array)
#23 C:\\laragon\\www\\API_Club\\vendor\\laravel\\lumen-framework\\src\\Concerns\\RoutesRequests.php(356): Laravel\\Lumen\\Application->callControllerCallable(Array, Array)
#24 C:\\laragon\\www\\API_Club\\vendor\\laravel\\lumen-framework\\src\\Concerns\\RoutesRequests.php(331): Laravel\\Lumen\\Application->callLumenController(Object(App\\Http\\Controllers\\CommentLikeController), 'toggleLike', Array)
#25 C:\\laragon\\www\\API_Club\\vendor\\laravel\\lumen-framework\\src\\Concerns\\RoutesRequests.php(284): Laravel\\Lumen\\Application->callControllerAction(Array)
#26 C:\\laragon\\www\\API_Club\\vendor\\laravel\\lumen-framework\\src\\Concerns\\RoutesRequests.php(269): Laravel\\Lumen\\Application->callActionOnArrayBasedRoute(Array)
#27 C:\\laragon\\www\\API_Club\\vendor\\laravel\\lumen-framework\\src\\Concerns\\RoutesRequests.php(171): Laravel\\Lumen\\Application->handleFoundRoute(Array)
#28 C:\\laragon\\www\\API_Club\\vendor\\laravel\\lumen-framework\\src\\Routing\\Pipeline.php(48): Laravel\\Lumen\\Application->Laravel\\Lumen\\Concerns\\{closure}(Object(Laravel\\Lumen\\Http\\Request))
#29 C:\\laragon\\www\\API_Club\\app\\Http\\Middleware\\CorsMiddleware.php(19): Laravel\\Lumen\\Routing\\Pipeline->Laravel\\Lumen\\Routing\\{closure}(Object(Laravel\\Lumen\\Http\\Request))
#30 C:\\laragon\\www\\API_Club\\vendor\\illuminate\\pipeline\\Pipeline.php(183): App\\Http\\Middleware\\CorsMiddleware->handle(Object(Laravel\\Lumen\\Http\\Request), Object(Closure))
#31 C:\\laragon\\www\\API_Club\\vendor\\laravel\\lumen-framework\\src\\Routing\\Pipeline.php(30): Illuminate\\Pipeline\\Pipeline->Illuminate\\Pipeline\\{closure}(Object(Laravel\\Lumen\\Http\\Request))
#32 C:\\laragon\\www\\API_Club\\vendor\\illuminate\\pipeline\\Pipeline.php(119): Laravel\\Lumen\\Routing\\Pipeline->Laravel\\Lumen\\Routing\\{closure}(Object(Laravel\\Lumen\\Http\\Request))
#33 C:\\laragon\\www\\API_Club\\vendor\\laravel\\lumen-framework\\src\\Concerns\\RoutesRequests.php(428): Illuminate\\Pipeline\\Pipeline->then(Object(Closure))
#34 C:\\laragon\\www\\API_Club\\vendor\\laravel\\lumen-framework\\src\\Concerns\\RoutesRequests.php(167): Laravel\\Lumen\\Application->sendThroughPipeline(Array, Object(Closure))
#35 C:\\laragon\\www\\API_Club\\vendor\\laravel\\lumen-framework\\src\\Concerns\\RoutesRequests.php(112): Laravel\\Lumen\\Application->dispatch(NULL)
#36 C:\\laragon\\www\\API_Club\\public\\index.php(28): Laravel\\Lumen\\Application->run()
#37 {main}
"} 
[2025-11-16 15:16:46] local.ERROR: SQLSTATE[HY000]: General error: 1364 Field 'title' doesn't have a default value (Connection: mysql, SQL: insert into `notifications` (`user_id`, `type`, `message`, `updated_at`, `created_at`) values (5, comment_like, đã thích bình luận của bạn, 2025-11-16 15:16:46, 2025-11-16 15:16:46)) {"exception":"[object] (Illuminate\\Database\\QueryException(code: HY000): SQLSTATE[HY000]: General error: 1364 Field 'title' doesn't have a default value (Connection: mysql, SQL: insert into `notifications` (`user_id`, `type`, `message`, `updated_at`, `created_at`) values (5, comment_like, đã thích bình luận của bạn, 2025-11-16 15:16:46, 2025-11-16 15:16:46)) at C:\\laragon\\www\\API_Club\\vendor\\illuminate\\database\\Connection.php:829)
[stacktrace]
#0 C:\\laragon\\www\\API_Club\\vendor\\illuminate\\database\\Connection.php(783): Illuminate\\Database\\Connection->runQueryCallback('insert into `no...', Array, Object(Closure))
#1 C:\\laragon\\www\\API_Club\\vendor\\illuminate\\database\\MySqlConnection.php(34): Illuminate\\Database\\Connection->run('insert into `no...', Array, Object(Closure))
#2 C:\\laragon\\www\\API_Club\\vendor\\illuminate\\database\\Query\\Processors\\MySqlProcessor.php(35): Illuminate\\Database\\MySqlConnection->insert('insert into `no...', Array, 'id')
#3 C:\\laragon\\www\\API_Club\\vendor\\illuminate\\database\\Query\\Builder.php(3549): Illuminate\\Database\\Query\\Processors\\MySqlProcessor->processInsertGetId(Object(Illuminate\\Database\\Query\\Builder), 'insert into `no...', Array, 'id')
#4 C:\\laragon\\www\\API_Club\\vendor\\illuminate\\database\\Eloquent\\Builder.php(1982): Illuminate\\Database\\Query\\Builder->insertGetId(Array, 'id')
#5 C:\\laragon\\www\\API_Club\\vendor\\illuminate\\database\\Eloquent\\Model.php(1334): Illuminate\\Database\\Eloquent\\Builder->__call('insertGetId', Array)
#6 C:\\laragon\\www\\API_Club\\vendor\\illuminate\\database\\Eloquent\\Model.php(1299): Illuminate\\Database\\Eloquent\\Model->insertAndSetId(Object(Illuminate\\Database\\Eloquent\\Builder), Array)
#7 C:\\laragon\\www\\API_Club\\vendor\\illuminate\\database\\Eloquent\\Model.php(1138): Illuminate\\Database\\Eloquent\\Model->performInsert(Object(Illuminate\\Database\\Eloquent\\Builder))
#8 C:\\laragon\\www\\API_Club\\vendor\\illuminate\\database\\Eloquent\\Builder.php(1025): Illuminate\\Database\\Eloquent\\Model->save()
#9 C:\\laragon\\www\\API_Club\\vendor\\illuminate\\support\\helpers.php(320): Illuminate\\Database\\Eloquent\\Builder->Illuminate\\Database\\Eloquent\\{closure}(Object(App\\Models\\Notification))
#10 C:\\laragon\\www\\API_Club\\vendor\\illuminate\\database\\Eloquent\\Builder.php(1024): tap(Object(App\\Models\\Notification), Object(Closure))
#11 C:\\laragon\\www\\API_Club\\vendor\\illuminate\\support\\Traits\\ForwardsCalls.php(23): Illuminate\\Database\\Eloquent\\Builder->create(Array)
#12 C:\\laragon\\www\\API_Club\\vendor\\illuminate\\database\\Eloquent\\Model.php(2335): Illuminate\\Database\\Eloquent\\Model->forwardCallTo(Object(Illuminate\\Database\\Eloquent\\Builder), 'create', Array)
#13 C:\\laragon\\www\\API_Club\\vendor\\illuminate\\database\\Eloquent\\Model.php(2347): Illuminate\\Database\\Eloquent\\Model->__call('create', Array)
#14 C:\\laragon\\www\\API_Club\\app\\Http\\Controllers\\CommentLikeController.php(52): Illuminate\\Database\\Eloquent\\Model::__callStatic('create', Array)
#15 C:\\laragon\\www\\API_Club\\vendor\\illuminate\\container\\BoundMethod.php(36): App\\Http\\Controllers\\CommentLikeController->toggleLike(Object(Laravel\\Lumen\\Http\\Request))
#16 C:\\laragon\\www\\API_Club\\vendor\\illuminate\\container\\Util.php(41): Illuminate\\Container\\BoundMethod::Illuminate\\Container\\{closure}()
#17 C:\\laragon\\www\\API_Club\\vendor\\illuminate\\container\\BoundMethod.php(93): Illuminate\\Container\\Util::unwrapIfClosure(Object(Closure))
#18 C:\\laragon\\www\\API_Club\\vendor\\illuminate\\container\\BoundMethod.php(35): Illuminate\\Container\\BoundMethod::callBoundMethod(Object(Laravel\\Lumen\\Application), Array, Object(Closure))
#19 C:\\laragon\\www\\API_Club\\vendor\\illuminate\\container\\Container.php(662): Illuminate\\Container\\BoundMethod::call(Object(Laravel\\Lumen\\Application), Array, Array, NULL)
#20 C:\\laragon\\www\\API_Club\\vendor\\laravel\\lumen-framework\\src\\Concerns\\RoutesRequests.php(391): Illuminate\\Container\\Container->call(Array, Array)
#21 C:\\laragon\\www\\API_Club\\vendor\\laravel\\lumen-framework\\src\\Concerns\\RoutesRequests.php(356): Laravel\\Lumen\\Application->callControllerCallable(Array, Array)
#22 C:\\laragon\\www\\API_Club\\vendor\\laravel\\lumen-framework\\src\\Concerns\\RoutesRequests.php(331): Laravel\\Lumen\\Application->callLumenController(Object(App\\Http\\Controllers\\CommentLikeController), 'toggleLike', Array)
#23 C:\\laragon\\www\\API_Club\\vendor\\laravel\\lumen-framework\\src\\Concerns\\RoutesRequests.php(284): Laravel\\Lumen\\Application->callControllerAction(Array)
#24 C:\\laragon\\www\\API_Club\\vendor\\laravel\\lumen-framework\\src\\Concerns\\RoutesRequests.php(269): Laravel\\Lumen\\Application->callActionOnArrayBasedRoute(Array)
#25 C:\\laragon\\www\\API_Club\\vendor\\laravel\\lumen-framework\\src\\Concerns\\RoutesRequests.php(171): Laravel\\Lumen\\Application->handleFoundRoute(Array)
#26 C:\\laragon\\www\\API_Club\\vendor\\laravel\\lumen-framework\\src\\Routing\\Pipeline.php(48): Laravel\\Lumen\\Application->Laravel\\Lumen\\Concerns\\{closure}(Object(Laravel\\Lumen\\Http\\Request))
#27 C:\\laragon\\www\\API_Club\\app\\Http\\Middleware\\CorsMiddleware.php(19): Laravel\\Lumen\\Routing\\Pipeline->Laravel\\Lumen\\Routing\\{closure}(Object(Laravel\\Lumen\\Http\\Request))
#28 C:\\laragon\\www\\API_Club\\vendor\\illuminate\\pipeline\\Pipeline.php(183): App\\Http\\Middleware\\CorsMiddleware->handle(Object(Laravel\\Lumen\\Http\\Request), Object(Closure))
#29 C:\\laragon\\www\\API_Club\\vendor\\laravel\\lumen-framework\\src\\Routing\\Pipeline.php(30): Illuminate\\Pipeline\\Pipeline->Illuminate\\Pipeline\\{closure}(Object(Laravel\\Lumen\\Http\\Request))
#30 C:\\laragon\\www\\API_Club\\vendor\\illuminate\\pipeline\\Pipeline.php(119): Laravel\\Lumen\\Routing\\Pipeline->Laravel\\Lumen\\Routing\\{closure}(Object(Laravel\\Lumen\\Http\\Request))
#31 C:\\laragon\\www\\API_Club\\vendor\\laravel\\lumen-framework\\src\\Concerns\\RoutesRequests.php(428): Illuminate\\Pipeline\\Pipeline->then(Object(Closure))
#32 C:\\laragon\\www\\API_Club\\vendor\\laravel\\lumen-framework\\src\\Concerns\\RoutesRequests.php(167): Laravel\\Lumen\\Application->sendThroughPipeline(Array, Object(Closure))
#33 C:\\laragon\\www\\API_Club\\vendor\\laravel\\lumen-framework\\src\\Concerns\\RoutesRequests.php(112): Laravel\\Lumen\\Application->dispatch(NULL)
#34 C:\\laragon\\www\\API_Club\\public\\index.php(28): Laravel\\Lumen\\Application->run()
#35 {main}

[previous exception] [object] (PDOException(code: HY000): SQLSTATE[HY000]: General error: 1364 Field 'title' doesn't have a default value at C:\\laragon\\www\\API_Club\\vendor\\illuminate\\database\\MySqlConnection.php:45)
[stacktrace]
#0 C:\\laragon\\www\\API_Club\\vendor\\illuminate\\database\\MySqlConnection.php(45): PDOStatement->execute()
#1 C:\\laragon\\www\\API_Club\\vendor\\illuminate\\database\\Connection.php(816): Illuminate\\Database\\MySqlConnection->Illuminate\\Database\\{closure}('insert into `no...', Array)
#2 C:\\laragon\\www\\API_Club\\vendor\\illuminate\\database\\Connection.php(783): Illuminate\\Database\\Connection->runQueryCallback('insert into `no...', Array, Object(Closure))
#3 C:\\laragon\\www\\API_Club\\vendor\\illuminate\\database\\MySqlConnection.php(34): Illuminate\\Database\\Connection->run('insert into `no...', Array, Object(Closure))
#4 C:\\laragon\\www\\API_Club\\vendor\\illuminate\\database\\Query\\Processors\\MySqlProcessor.php(35): Illuminate\\Database\\MySqlConnection->insert('insert into `no...', Array, 'id')
#5 C:\\laragon\\www\\API_Club\\vendor\\illuminate\\database\\Query\\Builder.php(3549): Illuminate\\Database\\Query\\Processors\\MySqlProcessor->processInsertGetId(Object(Illuminate\\Database\\Query\\Builder), 'insert into `no...', Array, 'id')
#6 C:\\laragon\\www\\API_Club\\vendor\\illuminate\\database\\Eloquent\\Builder.php(1982): Illuminate\\Database\\Query\\Builder->insertGetId(Array, 'id')
#7 C:\\laragon\\www\\API_Club\\vendor\\illuminate\\database\\Eloquent\\Model.php(1334): Illuminate\\Database\\Eloquent\\Builder->__call('insertGetId', Array)
#8 C:\\laragon\\www\\API_Club\\vendor\\illuminate\\database\\Eloquent\\Model.php(1299): Illuminate\\Database\\Eloquent\\Model->insertAndSetId(Object(Illuminate\\Database\\Eloquent\\Builder), Array)
#9 C:\\laragon\\www\\API_Club\\vendor\\illuminate\\database\\Eloquent\\Model.php(1138): Illuminate\\Database\\Eloquent\\Model->performInsert(Object(Illuminate\\Database\\Eloquent\\Builder))
#10 C:\\laragon\\www\\API_Club\\vendor\\illuminate\\database\\Eloquent\\Builder.php(1025): Illuminate\\Database\\Eloquent\\Model->save()
#11 C:\\laragon\\www\\API_Club\\vendor\\illuminate\\support\\helpers.php(320): Illuminate\\Database\\Eloquent\\Builder->Illuminate\\Database\\Eloquent\\{closure}(Object(App\\Models\\Notification))
#12 C:\\laragon\\www\\API_Club\\vendor\\illuminate\\database\\Eloquent\\Builder.php(1024): tap(Object(App\\Models\\Notification), Object(Closure))
#13 C:\\laragon\\www\\API_Club\\vendor\\illuminate\\support\\Traits\\ForwardsCalls.php(23): Illuminate\\Database\\Eloquent\\Builder->create(Array)
#14 C:\\laragon\\www\\API_Club\\vendor\\illuminate\\database\\Eloquent\\Model.php(2335): Illuminate\\Database\\Eloquent\\Model->forwardCallTo(Object(Illuminate\\Database\\Eloquent\\Builder), 'create', Array)
#15 C:\\laragon\\www\\API_Club\\vendor\\illuminate\\database\\Eloquent\\Model.php(2347): Illuminate\\Database\\Eloquent\\Model->__call('create', Array)
#16 C:\\laragon\\www\\API_Club\\app\\Http\\Controllers\\CommentLikeController.php(52): Illuminate\\Database\\Eloquent\\Model::__callStatic('create', Array)
#17 C:\\laragon\\www\\API_Club\\vendor\\illuminate\\container\\BoundMethod.php(36): App\\Http\\Controllers\\CommentLikeController->toggleLike(Object(Laravel\\Lumen\\Http\\Request))
#18 C:\\laragon\\www\\API_Club\\vendor\\illuminate\\container\\Util.php(41): Illuminate\\Container\\BoundMethod::Illuminate\\Container\\{closure}()
#19 C:\\laragon\\www\\API_Club\\vendor\\illuminate\\container\\BoundMethod.php(93): Illuminate\\Container\\Util::unwrapIfClosure(Object(Closure))
#20 C:\\laragon\\www\\API_Club\\vendor\\illuminate\\container\\BoundMethod.php(35): Illuminate\\Container\\BoundMethod::callBoundMethod(Object(Laravel\\Lumen\\Application), Array, Object(Closure))
#21 C:\\laragon\\www\\API_Club\\vendor\\illuminate\\container\\Container.php(662): Illuminate\\Container\\BoundMethod::call(Object(Laravel\\Lumen\\Application), Array, Array, NULL)
#22 C:\\laragon\\www\\API_Club\\vendor\\laravel\\lumen-framework\\src\\Concerns\\RoutesRequests.php(391): Illuminate\\Container\\Container->call(Array, Array)
#23 C:\\laragon\\www\\API_Club\\vendor\\laravel\\lumen-framework\\src\\Concerns\\RoutesRequests.php(356): Laravel\\Lumen\\Application->callControllerCallable(Array, Array)
#24 C:\\laragon\\www\\API_Club\\vendor\\laravel\\lumen-framework\\src\\Concerns\\RoutesRequests.php(331): Laravel\\Lumen\\Application->callLumenController(Object(App\\Http\\Controllers\\CommentLikeController), 'toggleLike', Array)
#25 C:\\laragon\\www\\API_Club\\vendor\\laravel\\lumen-framework\\src\\Concerns\\RoutesRequests.php(284): Laravel\\Lumen\\Application->callControllerAction(Array)
#26 C:\\laragon\\www\\API_Club\\vendor\\laravel\\lumen-framework\\src\\Concerns\\RoutesRequests.php(269): Laravel\\Lumen\\Application->callActionOnArrayBasedRoute(Array)
#27 C:\\laragon\\www\\API_Club\\vendor\\laravel\\lumen-framework\\src\\Concerns\\RoutesRequests.php(171): Laravel\\Lumen\\Application->handleFoundRoute(Array)
#28 C:\\laragon\\www\\API_Club\\vendor\\laravel\\lumen-framework\\src\\Routing\\Pipeline.php(48): Laravel\\Lumen\\Application->Laravel\\Lumen\\Concerns\\{closure}(Object(Laravel\\Lumen\\Http\\Request))
#29 C:\\laragon\\www\\API_Club\\app\\Http\\Middleware\\CorsMiddleware.php(19): Laravel\\Lumen\\Routing\\Pipeline->Laravel\\Lumen\\Routing\\{closure}(Object(Laravel\\Lumen\\Http\\Request))
#30 C:\\laragon\\www\\API_Club\\vendor\\illuminate\\pipeline\\Pipeline.php(183): App\\Http\\Middleware\\CorsMiddleware->handle(Object(Laravel\\Lumen\\Http\\Request), Object(Closure))
#31 C:\\laragon\\www\\API_Club\\vendor\\laravel\\lumen-framework\\src\\Routing\\Pipeline.php(30): Illuminate\\Pipeline\\Pipeline->Illuminate\\Pipeline\\{closure}(Object(Laravel\\Lumen\\Http\\Request))
#32 C:\\laragon\\www\\API_Club\\vendor\\illuminate\\pipeline\\Pipeline.php(119): Laravel\\Lumen\\Routing\\Pipeline->Laravel\\Lumen\\Routing\\{closure}(Object(Laravel\\Lumen\\Http\\Request))
#33 C:\\laragon\\www\\API_Club\\vendor\\laravel\\lumen-framework\\src\\Concerns\\RoutesRequests.php(428): Illuminate\\Pipeline\\Pipeline->then(Object(Closure))
#34 C:\\laragon\\www\\API_Club\\vendor\\laravel\\lumen-framework\\src\\Concerns\\RoutesRequests.php(167): Laravel\\Lumen\\Application->sendThroughPipeline(Array, Object(Closure))
#35 C:\\laragon\\www\\API_Club\\vendor\\laravel\\lumen-framework\\src\\Concerns\\RoutesRequests.php(112): Laravel\\Lumen\\Application->dispatch(NULL)
#36 C:\\laragon\\www\\API_Club\\public\\index.php(28): Laravel\\Lumen\\Application->run()
#37 {main}
"} 
